{"C:\\Users\\Korisnik\\OneDrive\\Desktop\\centrometal\\CS308-Project\\frontend\\mobile\\screens\\AllServiceOrdersScreen.js": {"path":"C:\\Users\\Korisnik\\OneDrive\\Desktop\\centrometal\\CS308-Project\\frontend\\mobile\\screens\\AllServiceOrdersScreen.js","statementMap":{"0":{"start":{"line":19,"column":23},"end":{"line":22,"column":1}},"1":{"start":{"line":24,"column":21},"end":{"line":29,"column":1}},"2":{"start":{"line":31,"column":20},"end":{"line":35,"column":1}},"3":{"start":{"line":38,"column":20},"end":{"line":45,"column":1}},"4":{"start":{"line":39,"column":2},"end":{"line":44,"column":3}},"5":{"start":{"line":40,"column":24},"end":{"line":40,"column":45}},"6":{"start":{"line":41,"column":27},"end":{"line":41,"column":45}},"7":{"start":{"line":42,"column":24},"end":{"line":42,"column":44}},"8":{"start":{"line":43,"column":25},"end":{"line":43,"column":52}},"9":{"start":{"line":47,"column":19},"end":{"line":51,"column":1}},"10":{"start":{"line":48,"column":2},"end":{"line":48,"column":24}},"11":{"start":{"line":48,"column":12},"end":{"line":48,"column":24}},"12":{"start":{"line":49,"column":12},"end":{"line":49,"column":25}},"13":{"start":{"line":50,"column":2},"end":{"line":50,"column":60}},"14":{"start":{"line":53,"column":30},"end":{"line":54,"column":43}},"15":{"start":{"line":54,"column":2},"end":{"line":54,"column":43}},"16":{"start":{"line":57,"column":18},"end":{"line":119,"column":1}},"17":{"start":{"line":58,"column":21},"end":{"line":58,"column":56}},"18":{"start":{"line":59,"column":21},"end":{"line":59,"column":43}},"19":{"start":{"line":60,"column":21},"end":{"line":60,"column":46}},"20":{"start":{"line":61,"column":21},"end":{"line":61,"column":54}},"21":{"start":{"line":62,"column":21},"end":{"line":62,"column":37}},"22":{"start":{"line":63,"column":21},"end":{"line":63,"column":37}},"23":{"start":{"line":64,"column":21},"end":{"line":64,"column":101}},"24":{"start":{"line":65,"column":21},"end":{"line":65,"column":50}},"25":{"start":{"line":67,"column":2},"end":{"line":118,"column":4}},"26":{"start":{"line":123,"column":38},"end":{"line":123,"column":50}},"27":{"start":{"line":124,"column":38},"end":{"line":124,"column":52}},"28":{"start":{"line":125,"column":38},"end":{"line":125,"column":53}},"29":{"start":{"line":126,"column":38},"end":{"line":126,"column":50}},"30":{"start":{"line":127,"column":38},"end":{"line":127,"column":53}},"31":{"start":{"line":128,"column":42},"end":{"line":128,"column":57}},"32":{"start":{"line":130,"column":21},"end":{"line":140,"column":8}},"33":{"start":{"line":131,"column":4},"end":{"line":139,"column":5}},"34":{"start":{"line":132,"column":19},"end":{"line":132,"column":46}},"35":{"start":{"line":133,"column":6},"end":{"line":133,"column":28}},"36":{"start":{"line":135,"column":6},"end":{"line":135,"column":68}},"37":{"start":{"line":137,"column":6},"end":{"line":137,"column":24}},"38":{"start":{"line":138,"column":6},"end":{"line":138,"column":27}},"39":{"start":{"line":142,"column":2},"end":{"line":142,"column":69}},"40":{"start":{"line":142,"column":37},"end":{"line":142,"column":50}},"41":{"start":{"line":144,"column":20},"end":{"line":144,"column":64}},"42":{"start":{"line":144,"column":28},"end":{"line":144,"column":48}},"43":{"start":{"line":144,"column":49},"end":{"line":144,"column":62}},"44":{"start":{"line":147,"column":19},"end":{"line":165,"column":48}},"45":{"start":{"line":148,"column":14},"end":{"line":148,"column":41}},"46":{"start":{"line":149,"column":4},"end":{"line":164,"column":7}},"47":{"start":{"line":150,"column":28},"end":{"line":150,"column":73}},"48":{"start":{"line":152,"column":8},"end":{"line":154,"column":61}},"49":{"start":{"line":156,"column":18},"end":{"line":160,"column":31}},"50":{"start":{"line":162,"column":28},"end":{"line":162,"column":49}},"51":{"start":{"line":163,"column":6},"end":{"line":163,"column":59}},"52":{"start":{"line":168,"column":22},"end":{"line":168,"column":80}},"53":{"start":{"line":168,"column":46},"end":{"line":168,"column":76}},"54":{"start":{"line":169,"column":22},"end":{"line":169,"column":73}},"55":{"start":{"line":169,"column":43},"end":{"line":169,"column":65}},"56":{"start":{"line":171,"column":2},"end":{"line":287,"column":4}},"57":{"start":{"line":179,"column":25},"end":{"line":179,"column":44}},"58":{"start":{"line":190,"column":32},"end":{"line":190,"column":59}},"59":{"start":{"line":240,"column":49},"end":{"line":240,"column":62}},"60":{"start":{"line":254,"column":16},"end":{"line":263,"column":35}},"61":{"start":{"line":257,"column":33},"end":{"line":257,"column":57}},"62":{"start":{"line":267,"column":16},"end":{"line":276,"column":35}},"63":{"start":{"line":270,"column":33},"end":{"line":270,"column":55}},"64":{"start":{"line":284,"column":34},"end":{"line":284,"column":59}},"65":{"start":{"line":293,"column":15},"end":{"line":302,"column":1}},"66":{"start":{"line":304,"column":15},"end":{"line":386,"column":2}}},"fnMap":{"0":{"name":"(anonymous_0)","decl":{"start":{"line":38,"column":20},"end":{"line":38,"column":21}},"loc":{"start":{"line":38,"column":30},"end":{"line":45,"column":1}},"line":38},"1":{"name":"(anonymous_1)","decl":{"start":{"line":47,"column":19},"end":{"line":47,"column":20}},"loc":{"start":{"line":47,"column":28},"end":{"line":51,"column":1}},"line":47},"2":{"name":"(anonymous_2)","decl":{"start":{"line":53,"column":30},"end":{"line":53,"column":31}},"loc":{"start":{"line":54,"column":2},"end":{"line":54,"column":43}},"line":54},"3":{"name":"(anonymous_3)","decl":{"start":{"line":57,"column":18},"end":{"line":57,"column":19}},"loc":{"start":{"line":57,"column":32},"end":{"line":119,"column":1}},"line":57},"4":{"name":"AllServiceOrdersScreen","decl":{"start":{"line":122,"column":24},"end":{"line":122,"column":46}},"loc":{"start":{"line":122,"column":70},"end":{"line":288,"column":1}},"line":122},"5":{"name":"(anonymous_5)","decl":{"start":{"line":130,"column":33},"end":{"line":130,"column":34}},"loc":{"start":{"line":130,"column":45},"end":{"line":140,"column":3}},"line":130},"6":{"name":"(anonymous_6)","decl":{"start":{"line":142,"column":29},"end":{"line":142,"column":30}},"loc":{"start":{"line":142,"column":35},"end":{"line":142,"column":52}},"line":142},"7":{"name":"(anonymous_7)","decl":{"start":{"line":144,"column":20},"end":{"line":144,"column":21}},"loc":{"start":{"line":144,"column":26},"end":{"line":144,"column":64}},"line":144},"8":{"name":"(anonymous_8)","decl":{"start":{"line":147,"column":27},"end":{"line":147,"column":28}},"loc":{"start":{"line":147,"column":33},"end":{"line":165,"column":3}},"line":147},"9":{"name":"(anonymous_9)","decl":{"start":{"line":149,"column":25},"end":{"line":149,"column":26}},"loc":{"start":{"line":149,"column":32},"end":{"line":164,"column":5}},"line":149},"10":{"name":"(anonymous_10)","decl":{"start":{"line":168,"column":36},"end":{"line":168,"column":37}},"loc":{"start":{"line":168,"column":46},"end":{"line":168,"column":76}},"line":168},"11":{"name":"(anonymous_11)","decl":{"start":{"line":169,"column":36},"end":{"line":169,"column":37}},"loc":{"start":{"line":169,"column":43},"end":{"line":169,"column":65}},"line":169},"12":{"name":"(anonymous_12)","decl":{"start":{"line":179,"column":19},"end":{"line":179,"column":20}},"loc":{"start":{"line":179,"column":25},"end":{"line":179,"column":44}},"line":179},"13":{"name":"(anonymous_13)","decl":{"start":{"line":190,"column":22},"end":{"line":190,"column":23}},"loc":{"start":{"line":190,"column":32},"end":{"line":190,"column":59}},"line":190},"14":{"name":"(anonymous_14)","decl":{"start":{"line":240,"column":43},"end":{"line":240,"column":44}},"loc":{"start":{"line":240,"column":49},"end":{"line":240,"column":62}},"line":240},"15":{"name":"(anonymous_15)","decl":{"start":{"line":253,"column":34},"end":{"line":253,"column":35}},"loc":{"start":{"line":254,"column":16},"end":{"line":263,"column":35}},"line":254},"16":{"name":"(anonymous_16)","decl":{"start":{"line":257,"column":27},"end":{"line":257,"column":28}},"loc":{"start":{"line":257,"column":33},"end":{"line":257,"column":57}},"line":257},"17":{"name":"(anonymous_17)","decl":{"start":{"line":266,"column":32},"end":{"line":266,"column":33}},"loc":{"start":{"line":267,"column":16},"end":{"line":276,"column":35}},"line":267},"18":{"name":"(anonymous_18)","decl":{"start":{"line":270,"column":27},"end":{"line":270,"column":28}},"loc":{"start":{"line":270,"column":33},"end":{"line":270,"column":55}},"line":270},"19":{"name":"(anonymous_19)","decl":{"start":{"line":284,"column":20},"end":{"line":284,"column":21}},"loc":{"start":{"line":284,"column":34},"end":{"line":284,"column":59}},"line":284}},"branchMap":{"0":{"loc":{"start":{"line":39,"column":2},"end":{"line":44,"column":3}},"type":"switch","locations":[{"start":{"line":40,"column":4},"end":{"line":40,"column":45}},{"start":{"line":41,"column":4},"end":{"line":41,"column":45}},{"start":{"line":42,"column":4},"end":{"line":42,"column":44}},{"start":{"line":43,"column":4},"end":{"line":43,"column":52}}],"line":39},"1":{"loc":{"start":{"line":39,"column":11},"end":{"line":39,"column":21}},"type":"binary-expr","locations":[{"start":{"line":39,"column":11},"end":{"line":39,"column":15}},{"start":{"line":39,"column":19},"end":{"line":39,"column":21}}],"line":39},"2":{"loc":{"start":{"line":43,"column":32},"end":{"line":43,"column":51}},"type":"binary-expr","locations":[{"start":{"line":43,"column":32},"end":{"line":43,"column":36}},{"start":{"line":43,"column":40},"end":{"line":43,"column":51}}],"line":43},"3":{"loc":{"start":{"line":48,"column":2},"end":{"line":48,"column":24}},"type":"if","locations":[{"start":{"line":48,"column":2},"end":{"line":48,"column":24}},{"start":{},"end":{}}],"line":48},"4":{"loc":{"start":{"line":50,"column":9},"end":{"line":50,"column":59}},"type":"cond-expr","locations":[{"start":{"line":50,"column":30},"end":{"line":50,"column":34}},{"start":{"line":50,"column":37},"end":{"line":50,"column":59}}],"line":50},"5":{"loc":{"start":{"line":54,"column":2},"end":{"line":54,"column":43}},"type":"binary-expr","locations":[{"start":{"line":54,"column":2},"end":{"line":54,"column":19}},{"start":{"line":54,"column":23},"end":{"line":54,"column":43}}],"line":54},"6":{"loc":{"start":{"line":58,"column":21},"end":{"line":58,"column":56}},"type":"binary-expr","locations":[{"start":{"line":58,"column":21},"end":{"line":58,"column":43}},{"start":{"line":58,"column":47},"end":{"line":58,"column":56}}],"line":58},"7":{"loc":{"start":{"line":61,"column":21},"end":{"line":61,"column":54}},"type":"cond-expr","locations":[{"start":{"line":61,"column":32},"end":{"line":61,"column":42}},{"start":{"line":61,"column":45},"end":{"line":61,"column":54}}],"line":61},"8":{"loc":{"start":{"line":62,"column":21},"end":{"line":62,"column":37}},"type":"binary-expr","locations":[{"start":{"line":62,"column":21},"end":{"line":62,"column":31}},{"start":{"line":62,"column":35},"end":{"line":62,"column":37}}],"line":62},"9":{"loc":{"start":{"line":63,"column":21},"end":{"line":63,"column":37}},"type":"binary-expr","locations":[{"start":{"line":63,"column":21},"end":{"line":63,"column":31}},{"start":{"line":63,"column":35},"end":{"line":63,"column":37}}],"line":63},"10":{"loc":{"start":{"line":64,"column":21},"end":{"line":64,"column":101}},"type":"cond-expr","locations":[{"start":{"line":64,"column":45},"end":{"line":64,"column":71}},{"start":{"line":64,"column":74},"end":{"line":64,"column":101}}],"line":64},"11":{"loc":{"start":{"line":64,"column":21},"end":{"line":64,"column":42}},"type":"binary-expr","locations":[{"start":{"line":64,"column":21},"end":{"line":64,"column":30}},{"start":{"line":64,"column":34},"end":{"line":64,"column":42}}],"line":64},"12":{"loc":{"start":{"line":64,"column":74},"end":{"line":64,"column":101}},"type":"binary-expr","locations":[{"start":{"line":64,"column":74},"end":{"line":64,"column":87}},{"start":{"line":64,"column":91},"end":{"line":64,"column":101}}],"line":64},"13":{"loc":{"start":{"line":65,"column":28},"end":{"line":65,"column":49}},"type":"binary-expr","locations":[{"start":{"line":65,"column":28},"end":{"line":65,"column":44}},{"start":{"line":65,"column":48},"end":{"line":65,"column":49}}],"line":65},"14":{"loc":{"start":{"line":72,"column":42},"end":{"line":72,"column":91}},"type":"cond-expr","locations":[{"start":{"line":72,"column":53},"end":{"line":72,"column":69}},{"start":{"line":72,"column":72},"end":{"line":72,"column":91}}],"line":72},"15":{"loc":{"start":{"line":88,"column":9},"end":{"line":93,"column":9}},"type":"binary-expr","locations":[{"start":{"line":88,"column":9},"end":{"line":88,"column":28}},{"start":{"line":89,"column":10},"end":{"line":92,"column":17}}],"line":88},"16":{"loc":{"start":{"line":94,"column":9},"end":{"line":99,"column":9}},"type":"binary-expr","locations":[{"start":{"line":94,"column":9},"end":{"line":94,"column":20}},{"start":{"line":95,"column":10},"end":{"line":98,"column":17}}],"line":94},"17":{"loc":{"start":{"line":100,"column":9},"end":{"line":105,"column":9}},"type":"binary-expr","locations":[{"start":{"line":100,"column":9},"end":{"line":100,"column":24}},{"start":{"line":101,"column":10},"end":{"line":104,"column":17}}],"line":100},"18":{"loc":{"start":{"line":110,"column":9},"end":{"line":115,"column":9}},"type":"binary-expr","locations":[{"start":{"line":110,"column":9},"end":{"line":110,"column":18}},{"start":{"line":111,"column":10},"end":{"line":114,"column":17}}],"line":110},"19":{"loc":{"start":{"line":133,"column":16},"end":{"line":133,"column":26}},"type":"binary-expr","locations":[{"start":{"line":133,"column":16},"end":{"line":133,"column":20}},{"start":{"line":133,"column":24},"end":{"line":133,"column":26}}],"line":133},"20":{"loc":{"start":{"line":150,"column":28},"end":{"line":150,"column":73}},"type":"binary-expr","locations":[{"start":{"line":150,"column":28},"end":{"line":150,"column":48}},{"start":{"line":150,"column":52},"end":{"line":150,"column":73}}],"line":150},"21":{"loc":{"start":{"line":152,"column":8},"end":{"line":154,"column":61}},"type":"binary-expr","locations":[{"start":{"line":152,"column":8},"end":{"line":152,"column":30}},{"start":{"line":153,"column":9},"end":{"line":153,"column":32}},{"start":{"line":153,"column":38},"end":{"line":153,"column":60}},{"start":{"line":154,"column":9},"end":{"line":154,"column":34}},{"start":{"line":154,"column":38},"end":{"line":154,"column":60}}],"line":152},"22":{"loc":{"start":{"line":157,"column":8},"end":{"line":157,"column":21}},"type":"binary-expr","locations":[{"start":{"line":157,"column":8},"end":{"line":157,"column":15}},{"start":{"line":157,"column":19},"end":{"line":157,"column":21}}],"line":157},"23":{"loc":{"start":{"line":157,"column":23},"end":{"line":157,"column":36}},"type":"binary-expr","locations":[{"start":{"line":157,"column":23},"end":{"line":157,"column":30}},{"start":{"line":157,"column":34},"end":{"line":157,"column":36}}],"line":157},"24":{"loc":{"start":{"line":157,"column":38},"end":{"line":157,"column":54}},"type":"binary-expr","locations":[{"start":{"line":157,"column":38},"end":{"line":157,"column":48}},{"start":{"line":157,"column":52},"end":{"line":157,"column":54}}],"line":157},"25":{"loc":{"start":{"line":158,"column":8},"end":{"line":158,"column":28}},"type":"binary-expr","locations":[{"start":{"line":158,"column":8},"end":{"line":158,"column":22}},{"start":{"line":158,"column":26},"end":{"line":158,"column":28}}],"line":158},"26":{"loc":{"start":{"line":158,"column":30},"end":{"line":158,"column":42}},"type":"binary-expr","locations":[{"start":{"line":158,"column":30},"end":{"line":158,"column":36}},{"start":{"line":158,"column":40},"end":{"line":158,"column":42}}],"line":158},"27":{"loc":{"start":{"line":158,"column":44},"end":{"line":158,"column":60}},"type":"binary-expr","locations":[{"start":{"line":158,"column":44},"end":{"line":158,"column":54}},{"start":{"line":158,"column":58},"end":{"line":158,"column":60}}],"line":158},"28":{"loc":{"start":{"line":162,"column":28},"end":{"line":162,"column":49}},"type":"binary-expr","locations":[{"start":{"line":162,"column":28},"end":{"line":162,"column":30}},{"start":{"line":162,"column":34},"end":{"line":162,"column":49}}],"line":162},"29":{"loc":{"start":{"line":163,"column":13},"end":{"line":163,"column":58}},"type":"binary-expr","locations":[{"start":{"line":163,"column":13},"end":{"line":163,"column":24}},{"start":{"line":163,"column":28},"end":{"line":163,"column":41}},{"start":{"line":163,"column":45},"end":{"line":163,"column":58}}],"line":163},"30":{"loc":{"start":{"line":168,"column":57},"end":{"line":168,"column":75}},"type":"binary-expr","locations":[{"start":{"line":168,"column":57},"end":{"line":168,"column":70}},{"start":{"line":168,"column":74},"end":{"line":168,"column":75}}],"line":168},"31":{"loc":{"start":{"line":195,"column":10},"end":{"line":199,"column":11}},"type":"cond-expr","locations":[{"start":{"line":196,"column":12},"end":{"line":196,"column":63}},{"start":{"line":198,"column":12},"end":{"line":198,"column":86}}],"line":195},"32":{"loc":{"start":{"line":239,"column":15},"end":{"line":243,"column":15}},"type":"binary-expr","locations":[{"start":{"line":239,"column":15},"end":{"line":239,"column":23}},{"start":{"line":240,"column":16},"end":{"line":242,"column":35}}],"line":239},"33":{"loc":{"start":{"line":256,"column":45},"end":{"line":256,"column":96}},"type":"binary-expr","locations":[{"start":{"line":256,"column":45},"end":{"line":256,"column":69}},{"start":{"line":256,"column":73},"end":{"line":256,"column":96}}],"line":256},"34":{"loc":{"start":{"line":260,"column":55},"end":{"line":260,"column":110}},"type":"binary-expr","locations":[{"start":{"line":260,"column":55},"end":{"line":260,"column":79}},{"start":{"line":260,"column":83},"end":{"line":260,"column":110}}],"line":260},"35":{"loc":{"start":{"line":269,"column":45},"end":{"line":269,"column":94}},"type":"binary-expr","locations":[{"start":{"line":269,"column":45},"end":{"line":269,"column":67}},{"start":{"line":269,"column":71},"end":{"line":269,"column":94}}],"line":269},"36":{"loc":{"start":{"line":273,"column":55},"end":{"line":273,"column":108}},"type":"binary-expr","locations":[{"start":{"line":273,"column":55},"end":{"line":273,"column":77}},{"start":{"line":273,"column":81},"end":{"line":273,"column":108}}],"line":273}},"s":{"0":0,"1":0,"2":0,"3":0,"4":0,"5":0,"6":0,"7":0,"8":0,"9":0,"10":0,"11":0,"12":0,"13":0,"14":0,"15":0,"16":0,"17":0,"18":0,"19":0,"20":0,"21":0,"22":0,"23":0,"24":0,"25":0,"26":0,"27":0,"28":0,"29":0,"30":0,"31":0,"32":0,"33":0,"34":0,"35":0,"36":0,"37":0,"38":0,"39":0,"40":0,"41":0,"42":0,"43":0,"44":0,"45":0,"46":0,"47":0,"48":0,"49":0,"50":0,"51":0,"52":0,"53":0,"54":0,"55":0,"56":0,"57":0,"58":0,"59":0,"60":0,"61":0,"62":0,"63":0,"64":0,"65":0,"66":0},"f":{"0":0,"1":0,"2":0,"3":0,"4":0,"5":0,"6":0,"7":0,"8":0,"9":0,"10":0,"11":0,"12":0,"13":0,"14":0,"15":0,"16":0,"17":0,"18":0,"19":0},"b":{"0":[0,0,0,0],"1":[0,0],"2":[0,0],"3":[0,0],"4":[0,0],"5":[0,0],"6":[0,0],"7":[0,0],"8":[0,0],"9":[0,0],"10":[0,0],"11":[0,0],"12":[0,0],"13":[0,0],"14":[0,0],"15":[0,0],"16":[0,0],"17":[0,0],"18":[0,0],"19":[0,0],"20":[0,0],"21":[0,0,0,0,0],"22":[0,0],"23":[0,0],"24":[0,0],"25":[0,0],"26":[0,0],"27":[0,0],"28":[0,0],"29":[0,0,0],"30":[0,0],"31":[0,0],"32":[0,0],"33":[0,0],"34":[0,0],"35":[0,0],"36":[0,0]}}
,"C:\\Users\\Korisnik\\OneDrive\\Desktop\\centrometal\\CS308-Project\\frontend\\mobile\\screens\\CreateServiceOrderScreen.js": {"path":"C:\\Users\\Korisnik\\OneDrive\\Desktop\\centrometal\\CS308-Project\\frontend\\mobile\\screens\\CreateServiceOrderScreen.js","statementMap":{"0":{"start":{"line":25,"column":27},"end":{"line":25,"column":71}},"1":{"start":{"line":25,"column":39},"end":{"line":25,"column":71}},"2":{"start":{"line":27,"column":22},"end":{"line":31,"column":1}},"3":{"start":{"line":33,"column":23},"end":{"line":37,"column":1}},"4":{"start":{"line":40,"column":19},"end":{"line":40,"column":38}},"5":{"start":{"line":42,"column":34},"end":{"line":49,"column":4}},"6":{"start":{"line":50,"column":32},"end":{"line":50,"column":46}},"7":{"start":{"line":51,"column":42},"end":{"line":51,"column":56}},"8":{"start":{"line":52,"column":30},"end":{"line":52,"column":42}},"9":{"start":{"line":53,"column":38},"end":{"line":53,"column":50}},"10":{"start":{"line":54,"column":42},"end":{"line":54,"column":57}},"11":{"start":{"line":55,"column":58},"end":{"line":55,"column":73}},"12":{"start":{"line":56,"column":22},"end":{"line":56,"column":34}},"13":{"start":{"line":57,"column":31},"end":{"line":57,"column":52}},"14":{"start":{"line":59,"column":2},"end":{"line":90,"column":29}},"15":{"start":{"line":60,"column":18},"end":{"line":60,"column":38}},"16":{"start":{"line":61,"column":4},"end":{"line":89,"column":5}},"17":{"start":{"line":64,"column":6},"end":{"line":69,"column":7}},"18":{"start":{"line":65,"column":8},"end":{"line":65,"column":34}},"19":{"start":{"line":66,"column":8},"end":{"line":66,"column":25}},"20":{"start":{"line":68,"column":8},"end":{"line":68,"column":37}},"21":{"start":{"line":70,"column":6},"end":{"line":77,"column":9}},"22":{"start":{"line":79,"column":6},"end":{"line":88,"column":11}},"23":{"start":{"line":80,"column":8},"end":{"line":87,"column":9}},"24":{"start":{"line":81,"column":25},"end":{"line":81,"column":49}},"25":{"start":{"line":82,"column":10},"end":{"line":84,"column":11}},"26":{"start":{"line":83,"column":12},"end":{"line":83,"column":56}},"27":{"start":{"line":92,"column":2},"end":{"line":106,"column":9}},"28":{"start":{"line":93,"column":27},"end":{"line":103,"column":5}},"29":{"start":{"line":94,"column":6},"end":{"line":102,"column":7}},"30":{"start":{"line":95,"column":8},"end":{"line":95,"column":30}},"31":{"start":{"line":96,"column":22},"end":{"line":96,"column":43}},"32":{"start":{"line":97,"column":8},"end":{"line":97,"column":29}},"33":{"start":{"line":99,"column":8},"end":{"line":99,"column":59}},"34":{"start":{"line":101,"column":8},"end":{"line":101,"column":31}},"35":{"start":{"line":105,"column":4},"end":{"line":105,"column":21}},"36":{"start":{"line":108,"column":23},"end":{"line":108,"column":64}},"37":{"start":{"line":109,"column":27},"end":{"line":126,"column":3}},"38":{"start":{"line":111,"column":6},"end":{"line":124,"column":24}},"39":{"start":{"line":113,"column":23},"end":{"line":115,"column":11}},"40":{"start":{"line":114,"column":22},"end":{"line":114,"column":73}},"41":{"start":{"line":117,"column":10},"end":{"line":117,"column":33}},"42":{"start":{"line":117,"column":21},"end":{"line":117,"column":33}},"43":{"start":{"line":119,"column":10},"end":{"line":122,"column":12}},"44":{"start":{"line":127,"column":21},"end":{"line":130,"column":3}},"45":{"start":{"line":128,"column":19},"end":{"line":128,"column":59}},"46":{"start":{"line":131,"column":21},"end":{"line":131,"column":46}},"47":{"start":{"line":133,"column":23},"end":{"line":170,"column":3}},"48":{"start":{"line":134,"column":22},"end":{"line":134,"column":24}},"49":{"start":{"line":137,"column":4},"end":{"line":139,"column":5}},"50":{"start":{"line":138,"column":6},"end":{"line":138,"column":61}},"51":{"start":{"line":142,"column":24},"end":{"line":142,"column":36}},"52":{"start":{"line":143,"column":4},"end":{"line":147,"column":5}},"53":{"start":{"line":144,"column":6},"end":{"line":144,"column":59}},"54":{"start":{"line":145,"column":11},"end":{"line":147,"column":5}},"55":{"start":{"line":146,"column":6},"end":{"line":146,"column":71}},"56":{"start":{"line":150,"column":4},"end":{"line":154,"column":5}},"57":{"start":{"line":151,"column":6},"end":{"line":151,"column":41}},"58":{"start":{"line":152,"column":11},"end":{"line":154,"column":5}},"59":{"start":{"line":153,"column":6},"end":{"line":153,"column":57}},"60":{"start":{"line":157,"column":4},"end":{"line":161,"column":5}},"61":{"start":{"line":158,"column":6},"end":{"line":158,"column":50}},"62":{"start":{"line":159,"column":11},"end":{"line":161,"column":5}},"63":{"start":{"line":160,"column":6},"end":{"line":160,"column":66}},"64":{"start":{"line":164,"column":4},"end":{"line":166,"column":5}},"65":{"start":{"line":165,"column":6},"end":{"line":165,"column":43}},"66":{"start":{"line":168,"column":4},"end":{"line":168,"column":25}},"67":{"start":{"line":169,"column":4},"end":{"line":169,"column":47}},"68":{"start":{"line":172,"column":23},"end":{"line":179,"column":3}},"69":{"start":{"line":173,"column":4},"end":{"line":178,"column":6}},"70":{"start":{"line":181,"column":24},"end":{"line":207,"column":3}},"71":{"start":{"line":182,"column":4},"end":{"line":182,"column":48}},"72":{"start":{"line":182,"column":36},"end":{"line":182,"column":48}},"73":{"start":{"line":184,"column":27},"end":{"line":184,"column":50}},"74":{"start":{"line":185,"column":23},"end":{"line":187,"column":29}},"75":{"start":{"line":188,"column":21},"end":{"line":197,"column":5}},"76":{"start":{"line":198,"column":26},"end":{"line":203,"column":5}},"77":{"start":{"line":201,"column":19},"end":{"line":201,"column":58}},"78":{"start":{"line":204,"column":4},"end":{"line":204,"column":44}},"79":{"start":{"line":205,"column":4},"end":{"line":205,"column":35}},"80":{"start":{"line":206,"column":4},"end":{"line":206,"column":30}},"81":{"start":{"line":209,"column":23},"end":{"line":272,"column":3}},"82":{"start":{"line":210,"column":4},"end":{"line":271,"column":5}},"83":{"start":{"line":211,"column":21},"end":{"line":211,"column":45}},"84":{"start":{"line":212,"column":6},"end":{"line":219,"column":7}},"85":{"start":{"line":213,"column":8},"end":{"line":217,"column":10}},"86":{"start":{"line":218,"column":8},"end":{"line":218,"column":15}},"87":{"start":{"line":221,"column":6},"end":{"line":270,"column":7}},"88":{"start":{"line":222,"column":26},"end":{"line":229,"column":9}},"89":{"start":{"line":225,"column":22},"end":{"line":225,"column":47}},"90":{"start":{"line":231,"column":8},"end":{"line":248,"column":9}},"91":{"start":{"line":233,"column":10},"end":{"line":240,"column":13}},"92":{"start":{"line":242,"column":10},"end":{"line":242,"column":59}},"93":{"start":{"line":243,"column":10},"end":{"line":243,"column":46}},"94":{"start":{"line":245,"column":10},"end":{"line":247,"column":11}},"95":{"start":{"line":246,"column":12},"end":{"line":246,"column":47}},"96":{"start":{"line":250,"column":8},"end":{"line":261,"column":10}},"97":{"start":{"line":258,"column":29},"end":{"line":258,"column":48}},"98":{"start":{"line":263,"column":8},"end":{"line":263,"column":62}},"99":{"start":{"line":264,"column":8},"end":{"line":269,"column":10}},"100":{"start":{"line":274,"column":25},"end":{"line":280,"column":3}},"101":{"start":{"line":275,"column":4},"end":{"line":275,"column":57}},"102":{"start":{"line":275,"column":27},"end":{"line":275,"column":54}},"103":{"start":{"line":277,"column":4},"end":{"line":279,"column":5}},"104":{"start":{"line":278,"column":6},"end":{"line":278,"column":56}},"105":{"start":{"line":278,"column":27},"end":{"line":278,"column":53}},"106":{"start":{"line":282,"column":29},"end":{"line":316,"column":3}},"107":{"start":{"line":283,"column":21},"end":{"line":283,"column":59}},"108":{"start":{"line":285,"column":4},"end":{"line":315,"column":7}},"109":{"start":{"line":286,"column":27},"end":{"line":286,"column":48}},"110":{"start":{"line":287,"column":27},"end":{"line":289,"column":7}},"111":{"start":{"line":288,"column":18},"end":{"line":288,"column":56}},"112":{"start":{"line":291,"column":6},"end":{"line":298,"column":7}},"113":{"start":{"line":292,"column":8},"end":{"line":297,"column":10}},"114":{"start":{"line":295,"column":22},"end":{"line":295,"column":60}},"115":{"start":{"line":300,"column":6},"end":{"line":309,"column":7}},"116":{"start":{"line":301,"column":8},"end":{"line":308,"column":10}},"117":{"start":{"line":304,"column":12},"end":{"line":306,"column":20}},"118":{"start":{"line":311,"column":6},"end":{"line":314,"column":8}},"119":{"start":{"line":318,"column":26},"end":{"line":324,"column":3}},"120":{"start":{"line":319,"column":25},"end":{"line":321,"column":5}},"121":{"start":{"line":320,"column":16},"end":{"line":320,"column":54}},"122":{"start":{"line":323,"column":4},"end":{"line":323,"column":60}},"123":{"start":{"line":326,"column":22},"end":{"line":332,"column":3}},"124":{"start":{"line":327,"column":4},"end":{"line":331,"column":5}},"125":{"start":{"line":328,"column":6},"end":{"line":328,"column":40}},"126":{"start":{"line":330,"column":6},"end":{"line":330,"column":50}},"127":{"start":{"line":334,"column":20},"end":{"line":364,"column":3}},"128":{"start":{"line":335,"column":19},"end":{"line":335,"column":43}},"129":{"start":{"line":336,"column":4},"end":{"line":343,"column":5}},"130":{"start":{"line":337,"column":6},"end":{"line":341,"column":8}},"131":{"start":{"line":342,"column":6},"end":{"line":342,"column":13}},"132":{"start":{"line":345,"column":4},"end":{"line":363,"column":5}},"133":{"start":{"line":346,"column":22},"end":{"line":346,"column":68}},"134":{"start":{"line":347,"column":6},"end":{"line":357,"column":7}},"135":{"start":{"line":348,"column":8},"end":{"line":351,"column":10}},"136":{"start":{"line":353,"column":8},"end":{"line":356,"column":10}},"137":{"start":{"line":359,"column":6},"end":{"line":359,"column":48}},"138":{"start":{"line":360,"column":6},"end":{"line":362,"column":9}},"139":{"start":{"line":366,"column":21},"end":{"line":393,"column":3}},"140":{"start":{"line":367,"column":19},"end":{"line":367,"column":43}},"141":{"start":{"line":368,"column":4},"end":{"line":368,"column":24}},"142":{"start":{"line":368,"column":17},"end":{"line":368,"column":24}},"143":{"start":{"line":370,"column":4},"end":{"line":392,"column":5}},"144":{"start":{"line":371,"column":23},"end":{"line":371,"column":60}},"145":{"start":{"line":372,"column":6},"end":{"line":372,"column":31}},"146":{"start":{"line":372,"column":24},"end":{"line":372,"column":31}},"147":{"start":{"line":373,"column":21},"end":{"line":373,"column":44}},"148":{"start":{"line":374,"column":6},"end":{"line":374,"column":33}},"149":{"start":{"line":374,"column":26},"end":{"line":374,"column":33}},"150":{"start":{"line":376,"column":6},"end":{"line":389,"column":7}},"151":{"start":{"line":377,"column":8},"end":{"line":388,"column":9}},"152":{"start":{"line":378,"column":28},"end":{"line":383,"column":11}},"153":{"start":{"line":384,"column":10},"end":{"line":384,"column":46}},"154":{"start":{"line":385,"column":10},"end":{"line":385,"column":50}},"155":{"start":{"line":387,"column":10},"end":{"line":387,"column":55}},"156":{"start":{"line":395,"column":2},"end":{"line":405,"column":13}},"157":{"start":{"line":396,"column":19},"end":{"line":396,"column":43}},"158":{"start":{"line":397,"column":4},"end":{"line":397,"column":24}},"159":{"start":{"line":397,"column":17},"end":{"line":397,"column":24}},"160":{"start":{"line":399,"column":23},"end":{"line":399,"column":52}},"161":{"start":{"line":400,"column":4},"end":{"line":400,"column":17}},"162":{"start":{"line":402,"column":4},"end":{"line":404,"column":6}},"163":{"start":{"line":403,"column":6},"end":{"line":403,"column":32}},"164":{"start":{"line":407,"column":2},"end":{"line":429,"column":50}},"165":{"start":{"line":408,"column":19},"end":{"line":408,"column":43}},"166":{"start":{"line":409,"column":4},"end":{"line":409,"column":24}},"167":{"start":{"line":409,"column":17},"end":{"line":409,"column":24}},"168":{"start":{"line":411,"column":4},"end":{"line":413,"column":5}},"169":{"start":{"line":412,"column":6},"end":{"line":412,"column":40}},"170":{"start":{"line":416,"column":4},"end":{"line":422,"column":5}},"171":{"start":{"line":417,"column":6},"end":{"line":421,"column":14}},"172":{"start":{"line":418,"column":8},"end":{"line":420,"column":11}},"173":{"start":{"line":419,"column":10},"end":{"line":419,"column":56}},"174":{"start":{"line":424,"column":4},"end":{"line":428,"column":6}},"175":{"start":{"line":425,"column":6},"end":{"line":427,"column":7}},"176":{"start":{"line":426,"column":8},"end":{"line":426,"column":42}},"177":{"start":{"line":431,"column":28},"end":{"line":434,"column":3}},"178":{"start":{"line":432,"column":4},"end":{"line":432,"column":40}},"179":{"start":{"line":433,"column":4},"end":{"line":433,"column":35}},"180":{"start":{"line":436,"column":2},"end":{"line":662,"column":4}},"181":{"start":{"line":444,"column":25},"end":{"line":444,"column":44}},"182":{"start":{"line":464,"column":29},"end":{"line":464,"column":58}},"183":{"start":{"line":488,"column":39},"end":{"line":488,"column":76}},"184":{"start":{"line":504,"column":39},"end":{"line":504,"column":68}},"185":{"start":{"line":517,"column":39},"end":{"line":517,"column":72}},"186":{"start":{"line":532,"column":39},"end":{"line":532,"column":68}},"187":{"start":{"line":560,"column":33},"end":{"line":560,"column":61}},"188":{"start":{"line":561,"column":34},"end":{"line":561,"column":63}},"189":{"start":{"line":563,"column":16},"end":{"line":603,"column":18}},"190":{"start":{"line":577,"column":26},"end":{"line":577,"column":71}},"191":{"start":{"line":586,"column":26},"end":{"line":586,"column":64}},"192":{"start":{"line":593,"column":26},"end":{"line":593,"column":71}},"193":{"start":{"line":635,"column":30},"end":{"line":635,"column":60}},"194":{"start":{"line":642,"column":38},"end":{"line":642,"column":48}},"195":{"start":{"line":644,"column":16},"end":{"line":649,"column":35}},"196":{"start":{"line":646,"column":33},"end":{"line":646,"column":62}},"197":{"start":{"line":654,"column":29},"end":{"line":654,"column":59}}},"fnMap":{"0":{"name":"(anonymous_0)","decl":{"start":{"line":25,"column":27},"end":{"line":25,"column":28}},"loc":{"start":{"line":25,"column":39},"end":{"line":25,"column":71}},"line":25},"1":{"name":"CreateServiceOrderScreen","decl":{"start":{"line":39,"column":24},"end":{"line":39,"column":48}},"loc":{"start":{"line":39,"column":72},"end":{"line":663,"column":1}},"line":39},"2":{"name":"(anonymous_2)","decl":{"start":{"line":59,"column":12},"end":{"line":59,"column":13}},"loc":{"start":{"line":59,"column":18},"end":{"line":90,"column":3}},"line":59},"3":{"name":"(anonymous_3)","decl":{"start":{"line":79,"column":7},"end":{"line":79,"column":8}},"loc":{"start":{"line":79,"column":19},"end":{"line":88,"column":7}},"line":79},"4":{"name":"(anonymous_4)","decl":{"start":{"line":92,"column":12},"end":{"line":92,"column":13}},"loc":{"start":{"line":92,"column":18},"end":{"line":106,"column":3}},"line":92},"5":{"name":"(anonymous_5)","decl":{"start":{"line":93,"column":27},"end":{"line":93,"column":28}},"loc":{"start":{"line":93,"column":39},"end":{"line":103,"column":5}},"line":93},"6":{"name":"(anonymous_6)","decl":{"start":{"line":110,"column":4},"end":{"line":110,"column":5}},"loc":{"start":{"line":111,"column":6},"end":{"line":124,"column":24}},"line":111},"7":{"name":"(anonymous_7)","decl":{"start":{"line":112,"column":13},"end":{"line":112,"column":14}},"loc":{"start":{"line":112,"column":31},"end":{"line":123,"column":9}},"line":112},"8":{"name":"(anonymous_8)","decl":{"start":{"line":114,"column":12},"end":{"line":114,"column":13}},"loc":{"start":{"line":114,"column":22},"end":{"line":114,"column":73}},"line":114},"9":{"name":"(anonymous_9)","decl":{"start":{"line":128,"column":4},"end":{"line":128,"column":5}},"loc":{"start":{"line":128,"column":19},"end":{"line":128,"column":59}},"line":128},"10":{"name":"(anonymous_10)","decl":{"start":{"line":133,"column":23},"end":{"line":133,"column":24}},"loc":{"start":{"line":133,"column":29},"end":{"line":170,"column":3}},"line":133},"11":{"name":"(anonymous_11)","decl":{"start":{"line":172,"column":23},"end":{"line":172,"column":24}},"loc":{"start":{"line":172,"column":29},"end":{"line":179,"column":3}},"line":172},"12":{"name":"(anonymous_12)","decl":{"start":{"line":181,"column":24},"end":{"line":181,"column":25}},"loc":{"start":{"line":181,"column":75},"end":{"line":207,"column":3}},"line":181},"13":{"name":"(anonymous_13)","decl":{"start":{"line":201,"column":8},"end":{"line":201,"column":9}},"loc":{"start":{"line":201,"column":19},"end":{"line":201,"column":58}},"line":201},"14":{"name":"(anonymous_14)","decl":{"start":{"line":209,"column":23},"end":{"line":209,"column":24}},"loc":{"start":{"line":209,"column":35},"end":{"line":272,"column":3}},"line":209},"15":{"name":"(anonymous_15)","decl":{"start":{"line":225,"column":12},"end":{"line":225,"column":13}},"loc":{"start":{"line":225,"column":22},"end":{"line":225,"column":47}},"line":225},"16":{"name":"(anonymous_16)","decl":{"start":{"line":258,"column":23},"end":{"line":258,"column":24}},"loc":{"start":{"line":258,"column":29},"end":{"line":258,"column":48}},"line":258},"17":{"name":"(anonymous_17)","decl":{"start":{"line":274,"column":25},"end":{"line":274,"column":26}},"loc":{"start":{"line":274,"column":43},"end":{"line":280,"column":3}},"line":274},"18":{"name":"(anonymous_18)","decl":{"start":{"line":275,"column":16},"end":{"line":275,"column":17}},"loc":{"start":{"line":275,"column":27},"end":{"line":275,"column":54}},"line":275},"19":{"name":"(anonymous_19)","decl":{"start":{"line":278,"column":16},"end":{"line":278,"column":17}},"loc":{"start":{"line":278,"column":27},"end":{"line":278,"column":53}},"line":278},"20":{"name":"(anonymous_20)","decl":{"start":{"line":282,"column":29},"end":{"line":282,"column":30}},"loc":{"start":{"line":282,"column":55},"end":{"line":316,"column":3}},"line":282},"21":{"name":"(anonymous_21)","decl":{"start":{"line":285,"column":16},"end":{"line":285,"column":17}},"loc":{"start":{"line":285,"column":26},"end":{"line":315,"column":5}},"line":285},"22":{"name":"(anonymous_22)","decl":{"start":{"line":288,"column":8},"end":{"line":288,"column":9}},"loc":{"start":{"line":288,"column":18},"end":{"line":288,"column":56}},"line":288},"23":{"name":"(anonymous_23)","decl":{"start":{"line":295,"column":12},"end":{"line":295,"column":13}},"loc":{"start":{"line":295,"column":22},"end":{"line":295,"column":60}},"line":295},"24":{"name":"(anonymous_24)","decl":{"start":{"line":303,"column":39},"end":{"line":303,"column":40}},"loc":{"start":{"line":304,"column":12},"end":{"line":306,"column":20}},"line":304},"25":{"name":"(anonymous_25)","decl":{"start":{"line":318,"column":26},"end":{"line":318,"column":27}},"loc":{"start":{"line":318,"column":38},"end":{"line":324,"column":3}},"line":318},"26":{"name":"(anonymous_26)","decl":{"start":{"line":320,"column":6},"end":{"line":320,"column":7}},"loc":{"start":{"line":320,"column":16},"end":{"line":320,"column":54}},"line":320},"27":{"name":"(anonymous_27)","decl":{"start":{"line":326,"column":22},"end":{"line":326,"column":23}},"loc":{"start":{"line":326,"column":44},"end":{"line":332,"column":3}},"line":326},"28":{"name":"(anonymous_28)","decl":{"start":{"line":334,"column":20},"end":{"line":334,"column":21}},"loc":{"start":{"line":334,"column":32},"end":{"line":364,"column":3}},"line":334},"29":{"name":"(anonymous_29)","decl":{"start":{"line":366,"column":21},"end":{"line":366,"column":22}},"loc":{"start":{"line":366,"column":33},"end":{"line":393,"column":3}},"line":366},"30":{"name":"(anonymous_30)","decl":{"start":{"line":395,"column":12},"end":{"line":395,"column":13}},"loc":{"start":{"line":395,"column":18},"end":{"line":405,"column":3}},"line":395},"31":{"name":"(anonymous_31)","decl":{"start":{"line":402,"column":11},"end":{"line":402,"column":12}},"loc":{"start":{"line":402,"column":17},"end":{"line":404,"column":5}},"line":402},"32":{"name":"(anonymous_32)","decl":{"start":{"line":407,"column":12},"end":{"line":407,"column":13}},"loc":{"start":{"line":407,"column":18},"end":{"line":429,"column":3}},"line":407},"33":{"name":"(anonymous_33)","decl":{"start":{"line":417,"column":39},"end":{"line":417,"column":40}},"loc":{"start":{"line":417,"column":45},"end":{"line":421,"column":7}},"line":417},"34":{"name":"(anonymous_34)","decl":{"start":{"line":418,"column":55},"end":{"line":418,"column":56}},"loc":{"start":{"line":418,"column":64},"end":{"line":420,"column":9}},"line":418},"35":{"name":"(anonymous_35)","decl":{"start":{"line":424,"column":11},"end":{"line":424,"column":12}},"loc":{"start":{"line":424,"column":17},"end":{"line":428,"column":5}},"line":424},"36":{"name":"(anonymous_36)","decl":{"start":{"line":431,"column":28},"end":{"line":431,"column":29}},"loc":{"start":{"line":431,"column":38},"end":{"line":434,"column":3}},"line":431},"37":{"name":"(anonymous_37)","decl":{"start":{"line":444,"column":19},"end":{"line":444,"column":20}},"loc":{"start":{"line":444,"column":25},"end":{"line":444,"column":44}},"line":444},"38":{"name":"(anonymous_38)","decl":{"start":{"line":464,"column":23},"end":{"line":464,"column":24}},"loc":{"start":{"line":464,"column":29},"end":{"line":464,"column":58}},"line":464},"39":{"name":"(anonymous_39)","decl":{"start":{"line":488,"column":28},"end":{"line":488,"column":29}},"loc":{"start":{"line":488,"column":39},"end":{"line":488,"column":76}},"line":488},"40":{"name":"(anonymous_40)","decl":{"start":{"line":504,"column":28},"end":{"line":504,"column":29}},"loc":{"start":{"line":504,"column":39},"end":{"line":504,"column":68}},"line":504},"41":{"name":"(anonymous_41)","decl":{"start":{"line":517,"column":28},"end":{"line":517,"column":29}},"loc":{"start":{"line":517,"column":39},"end":{"line":517,"column":72}},"line":517},"42":{"name":"(anonymous_42)","decl":{"start":{"line":532,"column":28},"end":{"line":532,"column":29}},"loc":{"start":{"line":532,"column":39},"end":{"line":532,"column":68}},"line":532},"43":{"name":"(anonymous_43)","decl":{"start":{"line":559,"column":29},"end":{"line":559,"column":30}},"loc":{"start":{"line":559,"column":39},"end":{"line":604,"column":15}},"line":559},"44":{"name":"(anonymous_44)","decl":{"start":{"line":576,"column":33},"end":{"line":576,"column":34}},"loc":{"start":{"line":577,"column":26},"end":{"line":577,"column":71}},"line":577},"45":{"name":"(anonymous_45)","decl":{"start":{"line":585,"column":38},"end":{"line":585,"column":39}},"loc":{"start":{"line":586,"column":26},"end":{"line":586,"column":64}},"line":586},"46":{"name":"(anonymous_46)","decl":{"start":{"line":592,"column":33},"end":{"line":592,"column":34}},"loc":{"start":{"line":593,"column":26},"end":{"line":593,"column":71}},"line":593},"47":{"name":"(anonymous_47)","decl":{"start":{"line":635,"column":24},"end":{"line":635,"column":25}},"loc":{"start":{"line":635,"column":30},"end":{"line":635,"column":60}},"line":635},"48":{"name":"(anonymous_48)","decl":{"start":{"line":642,"column":28},"end":{"line":642,"column":29}},"loc":{"start":{"line":642,"column":38},"end":{"line":642,"column":48}},"line":642},"49":{"name":"(anonymous_49)","decl":{"start":{"line":643,"column":26},"end":{"line":643,"column":27}},"loc":{"start":{"line":644,"column":16},"end":{"line":649,"column":35}},"line":644},"50":{"name":"(anonymous_50)","decl":{"start":{"line":646,"column":27},"end":{"line":646,"column":28}},"loc":{"start":{"line":646,"column":33},"end":{"line":646,"column":62}},"line":646},"51":{"name":"(anonymous_51)","decl":{"start":{"line":654,"column":23},"end":{"line":654,"column":24}},"loc":{"start":{"line":654,"column":29},"end":{"line":654,"column":59}},"line":654}},"branchMap":{"0":{"loc":{"start":{"line":40,"column":19},"end":{"line":40,"column":38}},"type":"binary-expr","locations":[{"start":{"line":40,"column":19},"end":{"line":40,"column":32}},{"start":{"line":40,"column":36},"end":{"line":40,"column":38}}],"line":40},"1":{"loc":{"start":{"line":61,"column":4},"end":{"line":89,"column":5}},"type":"if","locations":[{"start":{"line":61,"column":4},"end":{"line":89,"column":5}},{"start":{},"end":{}}],"line":61},"2":{"loc":{"start":{"line":64,"column":6},"end":{"line":69,"column":7}},"type":"if","locations":[{"start":{"line":64,"column":6},"end":{"line":69,"column":7}},{"start":{"line":67,"column":13},"end":{"line":69,"column":7}}],"line":64},"3":{"loc":{"start":{"line":71,"column":21},"end":{"line":71,"column":44}},"type":"binary-expr","locations":[{"start":{"line":71,"column":21},"end":{"line":71,"column":38}},{"start":{"line":71,"column":42},"end":{"line":71,"column":44}}],"line":71},"4":{"loc":{"start":{"line":72,"column":22},"end":{"line":72,"column":46}},"type":"binary-expr","locations":[{"start":{"line":72,"column":22},"end":{"line":72,"column":40}},{"start":{"line":72,"column":44},"end":{"line":72,"column":46}}],"line":72},"5":{"loc":{"start":{"line":73,"column":14},"end":{"line":73,"column":30}},"type":"binary-expr","locations":[{"start":{"line":73,"column":14},"end":{"line":73,"column":24}},{"start":{"line":73,"column":28},"end":{"line":73,"column":30}}],"line":73},"6":{"loc":{"start":{"line":74,"column":18},"end":{"line":74,"column":38}},"type":"binary-expr","locations":[{"start":{"line":74,"column":18},"end":{"line":74,"column":32}},{"start":{"line":74,"column":36},"end":{"line":74,"column":38}}],"line":74},"7":{"loc":{"start":{"line":75,"column":14},"end":{"line":75,"column":66}},"type":"binary-expr","locations":[{"start":{"line":75,"column":14},"end":{"line":75,"column":24}},{"start":{"line":75,"column":28},"end":{"line":75,"column":66}}],"line":75},"8":{"loc":{"start":{"line":76,"column":20},"end":{"line":76,"column":42}},"type":"binary-expr","locations":[{"start":{"line":76,"column":20},"end":{"line":76,"column":36}},{"start":{"line":76,"column":40},"end":{"line":76,"column":42}}],"line":76},"9":{"loc":{"start":{"line":81,"column":25},"end":{"line":81,"column":49}},"type":"binary-expr","locations":[{"start":{"line":81,"column":25},"end":{"line":81,"column":33}},{"start":{"line":81,"column":37},"end":{"line":81,"column":49}}],"line":81},"10":{"loc":{"start":{"line":82,"column":10},"end":{"line":84,"column":11}},"type":"if","locations":[{"start":{"line":82,"column":10},"end":{"line":84,"column":11}},{"start":{},"end":{}}],"line":82},"11":{"loc":{"start":{"line":82,"column":14},"end":{"line":82,"column":38}},"type":"binary-expr","locations":[{"start":{"line":82,"column":14},"end":{"line":82,"column":20}},{"start":{"line":82,"column":24},"end":{"line":82,"column":38}}],"line":82},"12":{"loc":{"start":{"line":108,"column":23},"end":{"line":108,"column":64}},"type":"binary-expr","locations":[{"start":{"line":108,"column":23},"end":{"line":108,"column":59}},{"start":{"line":108,"column":63},"end":{"line":108,"column":64}}],"line":108},"13":{"loc":{"start":{"line":117,"column":10},"end":{"line":117,"column":33}},"type":"if","locations":[{"start":{"line":117,"column":10},"end":{"line":117,"column":33}},{"start":{},"end":{}}],"line":117},"14":{"loc":{"start":{"line":137,"column":4},"end":{"line":139,"column":5}},"type":"if","locations":[{"start":{"line":137,"column":4},"end":{"line":139,"column":5}},{"start":{},"end":{}}],"line":137},"15":{"loc":{"start":{"line":143,"column":4},"end":{"line":147,"column":5}},"type":"if","locations":[{"start":{"line":143,"column":4},"end":{"line":147,"column":5}},{"start":{"line":145,"column":11},"end":{"line":147,"column":5}}],"line":143},"16":{"loc":{"start":{"line":145,"column":11},"end":{"line":147,"column":5}},"type":"if","locations":[{"start":{"line":145,"column":11},"end":{"line":147,"column":5}},{"start":{},"end":{}}],"line":145},"17":{"loc":{"start":{"line":150,"column":4},"end":{"line":154,"column":5}},"type":"if","locations":[{"start":{"line":150,"column":4},"end":{"line":154,"column":5}},{"start":{"line":152,"column":11},"end":{"line":154,"column":5}}],"line":150},"18":{"loc":{"start":{"line":152,"column":11},"end":{"line":154,"column":5}},"type":"if","locations":[{"start":{"line":152,"column":11},"end":{"line":154,"column":5}},{"start":{},"end":{}}],"line":152},"19":{"loc":{"start":{"line":157,"column":4},"end":{"line":161,"column":5}},"type":"if","locations":[{"start":{"line":157,"column":4},"end":{"line":161,"column":5}},{"start":{"line":159,"column":11},"end":{"line":161,"column":5}}],"line":157},"20":{"loc":{"start":{"line":159,"column":11},"end":{"line":161,"column":5}},"type":"if","locations":[{"start":{"line":159,"column":11},"end":{"line":161,"column":5}},{"start":{},"end":{}}],"line":159},"21":{"loc":{"start":{"line":164,"column":4},"end":{"line":166,"column":5}},"type":"if","locations":[{"start":{"line":164,"column":4},"end":{"line":166,"column":5}},{"start":{},"end":{}}],"line":164},"22":{"loc":{"start":{"line":174,"column":6},"end":{"line":177,"column":23}},"type":"binary-expr","locations":[{"start":{"line":174,"column":6},"end":{"line":174,"column":26}},{"start":{"line":175,"column":6},"end":{"line":175,"column":27}},{"start":{"line":176,"column":6},"end":{"line":176,"column":19}},{"start":{"line":177,"column":6},"end":{"line":177,"column":23}}],"line":174},"23":{"loc":{"start":{"line":182,"column":4},"end":{"line":182,"column":48}},"type":"if","locations":[{"start":{"line":182,"column":4},"end":{"line":182,"column":48}},{"start":{},"end":{}}],"line":182},"24":{"loc":{"start":{"line":182,"column":8},"end":{"line":182,"column":34}},"type":"binary-expr","locations":[{"start":{"line":182,"column":8},"end":{"line":182,"column":15}},{"start":{"line":182,"column":19},"end":{"line":182,"column":34}}],"line":182},"25":{"loc":{"start":{"line":185,"column":23},"end":{"line":187,"column":29}},"type":"cond-expr","locations":[{"start":{"line":186,"column":8},"end":{"line":186,"column":30}},{"start":{"line":187,"column":8},"end":{"line":187,"column":29}}],"line":185},"26":{"loc":{"start":{"line":194,"column":17},"end":{"line":196,"column":34}},"type":"cond-expr","locations":[{"start":{"line":195,"column":10},"end":{"line":195,"column":59}},{"start":{"line":196,"column":10},"end":{"line":196,"column":34}}],"line":194},"27":{"loc":{"start":{"line":195,"column":10},"end":{"line":195,"column":59}},"type":"binary-expr","locations":[{"start":{"line":195,"column":10},"end":{"line":195,"column":35}},{"start":{"line":195,"column":39},"end":{"line":195,"column":59}}],"line":195},"28":{"loc":{"start":{"line":210,"column":4},"end":{"line":271,"column":5}},"type":"if","locations":[{"start":{"line":210,"column":4},"end":{"line":271,"column":5}},{"start":{},"end":{}}],"line":210},"29":{"loc":{"start":{"line":211,"column":21},"end":{"line":211,"column":45}},"type":"binary-expr","locations":[{"start":{"line":211,"column":21},"end":{"line":211,"column":29}},{"start":{"line":211,"column":33},"end":{"line":211,"column":45}}],"line":211},"30":{"loc":{"start":{"line":212,"column":6},"end":{"line":219,"column":7}},"type":"if","locations":[{"start":{"line":212,"column":6},"end":{"line":219,"column":7}},{"start":{},"end":{}}],"line":212},"31":{"loc":{"start":{"line":231,"column":8},"end":{"line":248,"column":9}},"type":"if","locations":[{"start":{"line":231,"column":8},"end":{"line":248,"column":9}},{"start":{"line":241,"column":15},"end":{"line":248,"column":9}}],"line":231},"32":{"loc":{"start":{"line":245,"column":10},"end":{"line":247,"column":11}},"type":"if","locations":[{"start":{"line":245,"column":10},"end":{"line":247,"column":11}},{"start":{},"end":{}}],"line":245},"33":{"loc":{"start":{"line":252,"column":10},"end":{"line":254,"column":51}},"type":"cond-expr","locations":[{"start":{"line":253,"column":14},"end":{"line":253,"column":52}},{"start":{"line":254,"column":14},"end":{"line":254,"column":51}}],"line":252},"34":{"loc":{"start":{"line":266,"column":10},"end":{"line":267,"column":87}},"type":"binary-expr","locations":[{"start":{"line":266,"column":10},"end":{"line":266,"column":23}},{"start":{"line":267,"column":12},"end":{"line":267,"column":87}}],"line":266},"35":{"loc":{"start":{"line":277,"column":4},"end":{"line":279,"column":5}},"type":"if","locations":[{"start":{"line":277,"column":4},"end":{"line":279,"column":5}},{"start":{},"end":{}}],"line":277},"36":{"loc":{"start":{"line":283,"column":33},"end":{"line":283,"column":58}},"type":"binary-expr","locations":[{"start":{"line":283,"column":33},"end":{"line":283,"column":53}},{"start":{"line":283,"column":57},"end":{"line":283,"column":58}}],"line":283},"37":{"loc":{"start":{"line":286,"column":27},"end":{"line":286,"column":48}},"type":"binary-expr","locations":[{"start":{"line":286,"column":27},"end":{"line":286,"column":42}},{"start":{"line":286,"column":46},"end":{"line":286,"column":48}}],"line":286},"38":{"loc":{"start":{"line":291,"column":6},"end":{"line":298,"column":7}},"type":"if","locations":[{"start":{"line":291,"column":6},"end":{"line":298,"column":7}},{"start":{},"end":{}}],"line":291},"39":{"loc":{"start":{"line":300,"column":6},"end":{"line":309,"column":7}},"type":"if","locations":[{"start":{"line":300,"column":6},"end":{"line":309,"column":7}},{"start":{},"end":{}}],"line":300},"40":{"loc":{"start":{"line":304,"column":12},"end":{"line":306,"column":20}},"type":"cond-expr","locations":[{"start":{"line":305,"column":16},"end":{"line":305,"column":37}},{"start":{"line":306,"column":16},"end":{"line":306,"column":20}}],"line":304},"41":{"loc":{"start":{"line":323,"column":11},"end":{"line":323,"column":59}},"type":"cond-expr","locations":[{"start":{"line":323,"column":26},"end":{"line":323,"column":55}},{"start":{"line":323,"column":58},"end":{"line":323,"column":59}}],"line":323},"42":{"loc":{"start":{"line":335,"column":19},"end":{"line":335,"column":43}},"type":"binary-expr","locations":[{"start":{"line":335,"column":19},"end":{"line":335,"column":27}},{"start":{"line":335,"column":31},"end":{"line":335,"column":43}}],"line":335},"43":{"loc":{"start":{"line":336,"column":4},"end":{"line":343,"column":5}},"type":"if","locations":[{"start":{"line":336,"column":4},"end":{"line":343,"column":5}},{"start":{},"end":{}}],"line":336},"44":{"loc":{"start":{"line":347,"column":6},"end":{"line":357,"column":7}},"type":"if","locations":[{"start":{"line":347,"column":6},"end":{"line":357,"column":7}},{"start":{"line":352,"column":13},"end":{"line":357,"column":7}}],"line":347},"45":{"loc":{"start":{"line":367,"column":19},"end":{"line":367,"column":43}},"type":"binary-expr","locations":[{"start":{"line":367,"column":19},"end":{"line":367,"column":27}},{"start":{"line":367,"column":31},"end":{"line":367,"column":43}}],"line":367},"46":{"loc":{"start":{"line":368,"column":4},"end":{"line":368,"column":24}},"type":"if","locations":[{"start":{"line":368,"column":4},"end":{"line":368,"column":24}},{"start":{},"end":{}}],"line":368},"47":{"loc":{"start":{"line":372,"column":6},"end":{"line":372,"column":31}},"type":"if","locations":[{"start":{"line":372,"column":6},"end":{"line":372,"column":31}},{"start":{},"end":{}}],"line":372},"48":{"loc":{"start":{"line":374,"column":6},"end":{"line":374,"column":33}},"type":"if","locations":[{"start":{"line":374,"column":6},"end":{"line":374,"column":33}},{"start":{},"end":{}}],"line":374},"49":{"loc":{"start":{"line":380,"column":24},"end":{"line":380,"column":46}},"type":"binary-expr","locations":[{"start":{"line":380,"column":24},"end":{"line":380,"column":40}},{"start":{"line":380,"column":44},"end":{"line":380,"column":46}}],"line":380},"50":{"loc":{"start":{"line":396,"column":19},"end":{"line":396,"column":43}},"type":"binary-expr","locations":[{"start":{"line":396,"column":19},"end":{"line":396,"column":27}},{"start":{"line":396,"column":31},"end":{"line":396,"column":43}}],"line":396},"51":{"loc":{"start":{"line":397,"column":4},"end":{"line":397,"column":24}},"type":"if","locations":[{"start":{"line":397,"column":4},"end":{"line":397,"column":24}},{"start":{},"end":{}}],"line":397},"52":{"loc":{"start":{"line":408,"column":19},"end":{"line":408,"column":43}},"type":"binary-expr","locations":[{"start":{"line":408,"column":19},"end":{"line":408,"column":27}},{"start":{"line":408,"column":31},"end":{"line":408,"column":43}}],"line":408},"53":{"loc":{"start":{"line":409,"column":4},"end":{"line":409,"column":24}},"type":"if","locations":[{"start":{"line":409,"column":4},"end":{"line":409,"column":24}},{"start":{},"end":{}}],"line":409},"54":{"loc":{"start":{"line":411,"column":4},"end":{"line":413,"column":5}},"type":"if","locations":[{"start":{"line":411,"column":4},"end":{"line":413,"column":5}},{"start":{},"end":{}}],"line":411},"55":{"loc":{"start":{"line":416,"column":4},"end":{"line":422,"column":5}},"type":"if","locations":[{"start":{"line":416,"column":4},"end":{"line":422,"column":5}},{"start":{},"end":{}}],"line":416},"56":{"loc":{"start":{"line":425,"column":6},"end":{"line":427,"column":7}},"type":"if","locations":[{"start":{"line":425,"column":6},"end":{"line":427,"column":7}},{"start":{},"end":{}}],"line":425},"57":{"loc":{"start":{"line":449,"column":11},"end":{"line":449,"column":80}},"type":"cond-expr","locations":[{"start":{"line":449,"column":34},"end":{"line":449,"column":56}},{"start":{"line":449,"column":59},"end":{"line":449,"column":80}}],"line":449},"58":{"loc":{"start":{"line":463,"column":39},"end":{"line":463,"column":78}},"type":"binary-expr","locations":[{"start":{"line":463,"column":39},"end":{"line":463,"column":57}},{"start":{"line":463,"column":61},"end":{"line":463,"column":78}}],"line":463},"59":{"loc":{"start":{"line":468,"column":18},"end":{"line":470,"column":44}},"type":"cond-expr","locations":[{"start":{"line":469,"column":22},"end":{"line":469,"column":41}},{"start":{"line":470,"column":22},"end":{"line":470,"column":44}}],"line":468},"60":{"loc":{"start":{"line":473,"column":17},"end":{"line":473,"column":64}},"type":"binary-expr","locations":[{"start":{"line":473,"column":17},"end":{"line":473,"column":37}},{"start":{"line":473,"column":41},"end":{"line":473,"column":64}}],"line":473},"61":{"loc":{"start":{"line":477,"column":13},"end":{"line":479,"column":13}},"type":"binary-expr","locations":[{"start":{"line":477,"column":13},"end":{"line":477,"column":31}},{"start":{"line":478,"column":14},"end":{"line":478,"column":72}}],"line":477},"62":{"loc":{"start":{"line":486,"column":36},"end":{"line":486,"column":76}},"type":"binary-expr","locations":[{"start":{"line":486,"column":36},"end":{"line":486,"column":55}},{"start":{"line":486,"column":59},"end":{"line":486,"column":76}}],"line":486},"63":{"loc":{"start":{"line":493,"column":13},"end":{"line":495,"column":13}},"type":"binary-expr","locations":[{"start":{"line":493,"column":13},"end":{"line":493,"column":32}},{"start":{"line":494,"column":14},"end":{"line":494,"column":73}}],"line":493},"64":{"loc":{"start":{"line":502,"column":36},"end":{"line":502,"column":68}},"type":"binary-expr","locations":[{"start":{"line":502,"column":36},"end":{"line":502,"column":47}},{"start":{"line":502,"column":51},"end":{"line":502,"column":68}}],"line":502},"65":{"loc":{"start":{"line":508,"column":13},"end":{"line":508,"column":79}},"type":"binary-expr","locations":[{"start":{"line":508,"column":13},"end":{"line":508,"column":24}},{"start":{"line":508,"column":28},"end":{"line":508,"column":79}}],"line":508},"66":{"loc":{"start":{"line":515,"column":36},"end":{"line":515,"column":72}},"type":"binary-expr","locations":[{"start":{"line":515,"column":36},"end":{"line":515,"column":51}},{"start":{"line":515,"column":55},"end":{"line":515,"column":72}}],"line":515},"67":{"loc":{"start":{"line":521,"column":13},"end":{"line":523,"column":13}},"type":"binary-expr","locations":[{"start":{"line":521,"column":13},"end":{"line":521,"column":28}},{"start":{"line":522,"column":14},"end":{"line":522,"column":69}}],"line":521},"68":{"loc":{"start":{"line":530,"column":36},"end":{"line":530,"column":68}},"type":"binary-expr","locations":[{"start":{"line":530,"column":36},"end":{"line":530,"column":47}},{"start":{"line":530,"column":51},"end":{"line":530,"column":68}}],"line":530},"69":{"loc":{"start":{"line":536,"column":13},"end":{"line":536,"column":79}},"type":"binary-expr","locations":[{"start":{"line":536,"column":13},"end":{"line":536,"column":24}},{"start":{"line":536,"column":28},"end":{"line":536,"column":79}}],"line":536},"70":{"loc":{"start":{"line":554,"column":13},"end":{"line":605,"column":13}},"type":"cond-expr","locations":[{"start":{"line":555,"column":14},"end":{"line":555,"column":75}},{"start":{"line":556,"column":16},"end":{"line":605,"column":13}}],"line":554},"71":{"loc":{"start":{"line":556,"column":16},"end":{"line":605,"column":13}},"type":"cond-expr","locations":[{"start":{"line":557,"column":14},"end":{"line":557,"column":77}},{"start":{"line":559,"column":14},"end":{"line":604,"column":16}}],"line":556},"72":{"loc":{"start":{"line":624,"column":15},"end":{"line":624,"column":72}},"type":"cond-expr","locations":[{"start":{"line":624,"column":38},"end":{"line":624,"column":54}},{"start":{"line":624,"column":57},"end":{"line":624,"column":72}}],"line":624}},"s":{"0":0,"1":0,"2":0,"3":0,"4":0,"5":0,"6":0,"7":0,"8":0,"9":0,"10":0,"11":0,"12":0,"13":0,"14":0,"15":0,"16":0,"17":0,"18":0,"19":0,"20":0,"21":0,"22":0,"23":0,"24":0,"25":0,"26":0,"27":0,"28":0,"29":0,"30":0,"31":0,"32":0,"33":0,"34":0,"35":0,"36":0,"37":0,"38":0,"39":0,"40":0,"41":0,"42":0,"43":0,"44":0,"45":0,"46":0,"47":0,"48":0,"49":0,"50":0,"51":0,"52":0,"53":0,"54":0,"55":0,"56":0,"57":0,"58":0,"59":0,"60":0,"61":0,"62":0,"63":0,"64":0,"65":0,"66":0,"67":0,"68":0,"69":0,"70":0,"71":0,"72":0,"73":0,"74":0,"75":0,"76":0,"77":0,"78":0,"79":0,"80":0,"81":0,"82":0,"83":0,"84":0,"85":0,"86":0,"87":0,"88":0,"89":0,"90":0,"91":0,"92":0,"93":0,"94":0,"95":0,"96":0,"97":0,"98":0,"99":0,"100":0,"101":0,"102":0,"103":0,"104":0,"105":0,"106":0,"107":0,"108":0,"109":0,"110":0,"111":0,"112":0,"113":0,"114":0,"115":0,"116":0,"117":0,"118":0,"119":0,"120":0,"121":0,"122":0,"123":0,"124":0,"125":0,"126":0,"127":0,"128":0,"129":0,"130":0,"131":0,"132":0,"133":0,"134":0,"135":0,"136":0,"137":0,"138":0,"139":0,"140":0,"141":0,"142":0,"143":0,"144":0,"145":0,"146":0,"147":0,"148":0,"149":0,"150":0,"151":0,"152":0,"153":0,"154":0,"155":0,"156":0,"157":0,"158":0,"159":0,"160":0,"161":0,"162":0,"163":0,"164":0,"165":0,"166":0,"167":0,"168":0,"169":0,"170":0,"171":0,"172":0,"173":0,"174":0,"175":0,"176":0,"177":0,"178":0,"179":0,"180":0,"181":0,"182":0,"183":0,"184":0,"185":0,"186":0,"187":0,"188":0,"189":0,"190":0,"191":0,"192":0,"193":0,"194":0,"195":0,"196":0,"197":0},"f":{"0":0,"1":0,"2":0,"3":0,"4":0,"5":0,"6":0,"7":0,"8":0,"9":0,"10":0,"11":0,"12":0,"13":0,"14":0,"15":0,"16":0,"17":0,"18":0,"19":0,"20":0,"21":0,"22":0,"23":0,"24":0,"25":0,"26":0,"27":0,"28":0,"29":0,"30":0,"31":0,"32":0,"33":0,"34":0,"35":0,"36":0,"37":0,"38":0,"39":0,"40":0,"41":0,"42":0,"43":0,"44":0,"45":0,"46":0,"47":0,"48":0,"49":0,"50":0,"51":0},"b":{"0":[0,0],"1":[0,0],"2":[0,0],"3":[0,0],"4":[0,0],"5":[0,0],"6":[0,0],"7":[0,0],"8":[0,0],"9":[0,0],"10":[0,0],"11":[0,0],"12":[0,0],"13":[0,0],"14":[0,0],"15":[0,0],"16":[0,0],"17":[0,0],"18":[0,0],"19":[0,0],"20":[0,0],"21":[0,0],"22":[0,0,0,0],"23":[0,0],"24":[0,0],"25":[0,0],"26":[0,0],"27":[0,0],"28":[0,0],"29":[0,0],"30":[0,0],"31":[0,0],"32":[0,0],"33":[0,0],"34":[0,0],"35":[0,0],"36":[0,0],"37":[0,0],"38":[0,0],"39":[0,0],"40":[0,0],"41":[0,0],"42":[0,0],"43":[0,0],"44":[0,0],"45":[0,0],"46":[0,0],"47":[0,0],"48":[0,0],"49":[0,0],"50":[0,0],"51":[0,0],"52":[0,0],"53":[0,0],"54":[0,0],"55":[0,0],"56":[0,0],"57":[0,0],"58":[0,0],"59":[0,0],"60":[0,0],"61":[0,0],"62":[0,0],"63":[0,0],"64":[0,0],"65":[0,0],"66":[0,0],"67":[0,0],"68":[0,0],"69":[0,0],"70":[0,0],"71":[0,0],"72":[0,0]}}
,"C:\\Users\\Korisnik\\OneDrive\\Desktop\\centrometal\\CS308-Project\\frontend\\mobile\\screens\\FinancialScreen.js": {"path":"C:\\Users\\Korisnik\\OneDrive\\Desktop\\centrometal\\CS308-Project\\frontend\\mobile\\screens\\FinancialScreen.js","statementMap":{"0":{"start":{"line":15,"column":21},"end":{"line":18,"column":1}},"1":{"start":{"line":20,"column":23},"end":{"line":23,"column":1}},"2":{"start":{"line":25,"column":28},"end":{"line":29,"column":1}},"3":{"start":{"line":31,"column":30},"end":{"line":32,"column":74}},"4":{"start":{"line":32,"column":2},"end":{"line":32,"column":74}},"5":{"start":{"line":35,"column":19},"end":{"line":35,"column":31}},"6":{"start":{"line":36,"column":32},"end":{"line":36,"column":44}},"7":{"start":{"line":37,"column":32},"end":{"line":37,"column":46}},"8":{"start":{"line":38,"column":28},"end":{"line":38,"column":40}},"9":{"start":{"line":39,"column":46},"end":{"line":39,"column":60}},"10":{"start":{"line":40,"column":42},"end":{"line":40,"column":57}},"11":{"start":{"line":41,"column":38},"end":{"line":41,"column":63}},"12":{"start":{"line":43,"column":2},"end":{"line":45,"column":9}},"13":{"start":{"line":44,"column":4},"end":{"line":44,"column":19}},"14":{"start":{"line":47,"column":23},"end":{"line":59,"column":3}},"15":{"start":{"line":48,"column":4},"end":{"line":58,"column":5}},"16":{"start":{"line":49,"column":6},"end":{"line":49,"column":23}},"17":{"start":{"line":50,"column":6},"end":{"line":50,"column":19}},"18":{"start":{"line":51,"column":19},"end":{"line":51,"column":57}},"19":{"start":{"line":52,"column":6},"end":{"line":52,"column":23}},"20":{"start":{"line":54,"column":6},"end":{"line":54,"column":33}},"21":{"start":{"line":55,"column":6},"end":{"line":55,"column":56}},"22":{"start":{"line":57,"column":6},"end":{"line":57,"column":24}},"23":{"start":{"line":61,"column":30},"end":{"line":62,"column":58}},"24":{"start":{"line":62,"column":4},"end":{"line":62,"column":58}},"25":{"start":{"line":64,"column":27},"end":{"line":74,"column":4}},"26":{"start":{"line":65,"column":33},"end":{"line":65,"column":43}},"27":{"start":{"line":67,"column":6},"end":{"line":67,"column":68}},"28":{"start":{"line":69,"column":6},"end":{"line":69,"column":68}},"29":{"start":{"line":71,"column":4},"end":{"line":71,"column":57}},"30":{"start":{"line":71,"column":21},"end":{"line":71,"column":57}},"31":{"start":{"line":72,"column":4},"end":{"line":72,"column":57}},"32":{"start":{"line":72,"column":21},"end":{"line":72,"column":57}},"33":{"start":{"line":73,"column":4},"end":{"line":73,"column":13}},"34":{"start":{"line":76,"column":21},"end":{"line":79,"column":3}},"35":{"start":{"line":77,"column":4},"end":{"line":77,"column":30}},"36":{"start":{"line":78,"column":4},"end":{"line":78,"column":26}},"37":{"start":{"line":81,"column":23},"end":{"line":101,"column":3}},"38":{"start":{"line":82,"column":4},"end":{"line":100,"column":23}},"39":{"start":{"line":82,"column":57},"end":{"line":82,"column":73}},"40":{"start":{"line":103,"column":2},"end":{"line":110,"column":3}},"41":{"start":{"line":104,"column":4},"end":{"line":109,"column":6}},"42":{"start":{"line":112,"column":2},"end":{"line":121,"column":3}},"43":{"start":{"line":113,"column":4},"end":{"line":120,"column":6}},"44":{"start":{"line":123,"column":2},"end":{"line":260,"column":4}},"45":{"start":{"line":128,"column":25},"end":{"line":128,"column":44}},"46":{"start":{"line":144,"column":12},"end":{"line":161,"column":31}},"47":{"start":{"line":146,"column":29},"end":{"line":146,"column":50}},"48":{"start":{"line":167,"column":12},"end":{"line":184,"column":31}},"49":{"start":{"line":169,"column":29},"end":{"line":169,"column":50}},"50":{"start":{"line":198,"column":14},"end":{"line":198,"column":59}},"51":{"start":{"line":211,"column":30},"end":{"line":211,"column":52}},"52":{"start":{"line":252,"column":29},"end":{"line":252,"column":51}},"53":{"start":{"line":264,"column":2},"end":{"line":269,"column":4}}},"fnMap":{"0":{"name":"(anonymous_0)","decl":{"start":{"line":31,"column":30},"end":{"line":31,"column":31}},"loc":{"start":{"line":32,"column":2},"end":{"line":32,"column":74}},"line":32},"1":{"name":"FinancialScreen","decl":{"start":{"line":34,"column":24},"end":{"line":34,"column":39}},"loc":{"start":{"line":34,"column":63},"end":{"line":261,"column":1}},"line":34},"2":{"name":"(anonymous_2)","decl":{"start":{"line":43,"column":12},"end":{"line":43,"column":13}},"loc":{"start":{"line":43,"column":18},"end":{"line":45,"column":3}},"line":43},"3":{"name":"(anonymous_3)","decl":{"start":{"line":47,"column":23},"end":{"line":47,"column":24}},"loc":{"start":{"line":47,"column":35},"end":{"line":59,"column":3}},"line":47},"4":{"name":"(anonymous_4)","decl":{"start":{"line":61,"column":30},"end":{"line":61,"column":31}},"loc":{"start":{"line":62,"column":4},"end":{"line":62,"column":58}},"line":62},"5":{"name":"(anonymous_5)","decl":{"start":{"line":64,"column":40},"end":{"line":64,"column":41}},"loc":{"start":{"line":64,"column":50},"end":{"line":74,"column":3}},"line":64},"6":{"name":"(anonymous_6)","decl":{"start":{"line":76,"column":21},"end":{"line":76,"column":22}},"loc":{"start":{"line":76,"column":33},"end":{"line":79,"column":3}},"line":76},"7":{"name":"(anonymous_7)","decl":{"start":{"line":81,"column":23},"end":{"line":81,"column":24}},"loc":{"start":{"line":82,"column":4},"end":{"line":100,"column":23}},"line":82},"8":{"name":"(anonymous_8)","decl":{"start":{"line":82,"column":51},"end":{"line":82,"column":52}},"loc":{"start":{"line":82,"column":57},"end":{"line":82,"column":73}},"line":82},"9":{"name":"(anonymous_9)","decl":{"start":{"line":128,"column":19},"end":{"line":128,"column":20}},"loc":{"start":{"line":128,"column":25},"end":{"line":128,"column":44}},"line":128},"10":{"name":"(anonymous_10)","decl":{"start":{"line":143,"column":28},"end":{"line":143,"column":29}},"loc":{"start":{"line":144,"column":12},"end":{"line":161,"column":31}},"line":144},"11":{"name":"(anonymous_11)","decl":{"start":{"line":146,"column":23},"end":{"line":146,"column":24}},"loc":{"start":{"line":146,"column":29},"end":{"line":146,"column":50}},"line":146},"12":{"name":"(anonymous_12)","decl":{"start":{"line":166,"column":30},"end":{"line":166,"column":31}},"loc":{"start":{"line":167,"column":12},"end":{"line":184,"column":31}},"line":167},"13":{"name":"(anonymous_13)","decl":{"start":{"line":169,"column":23},"end":{"line":169,"column":24}},"loc":{"start":{"line":169,"column":29},"end":{"line":169,"column":50}},"line":169},"14":{"name":"(anonymous_14)","decl":{"start":{"line":197,"column":26},"end":{"line":197,"column":27}},"loc":{"start":{"line":198,"column":14},"end":{"line":198,"column":59}},"line":198},"15":{"name":"(anonymous_15)","decl":{"start":{"line":211,"column":24},"end":{"line":211,"column":25}},"loc":{"start":{"line":211,"column":30},"end":{"line":211,"column":52}},"line":211},"16":{"name":"(anonymous_16)","decl":{"start":{"line":252,"column":23},"end":{"line":252,"column":24}},"loc":{"start":{"line":252,"column":29},"end":{"line":252,"column":51}},"line":252},"17":{"name":"DetailRow","decl":{"start":{"line":263,"column":9},"end":{"line":263,"column":18}},"loc":{"start":{"line":263,"column":37},"end":{"line":270,"column":1}},"line":263}},"branchMap":{"0":{"loc":{"start":{"line":32,"column":2},"end":{"line":32,"column":74}},"type":"binary-expr","locations":[{"start":{"line":32,"column":2},"end":{"line":32,"column":27}},{"start":{"line":32,"column":31},"end":{"line":32,"column":49}},{"start":{"line":32,"column":53},"end":{"line":32,"column":74}}],"line":32},"1":{"loc":{"start":{"line":62,"column":4},"end":{"line":62,"column":58}},"type":"binary-expr","locations":[{"start":{"line":62,"column":4},"end":{"line":62,"column":29}},{"start":{"line":62,"column":33},"end":{"line":62,"column":37}},{"start":{"line":62,"column":41},"end":{"line":62,"column":58}}],"line":62},"2":{"loc":{"start":{"line":67,"column":6},"end":{"line":67,"column":68}},"type":"cond-expr","locations":[{"start":{"line":67,"column":27},"end":{"line":67,"column":47}},{"start":{"line":67,"column":50},"end":{"line":67,"column":68}}],"line":67},"3":{"loc":{"start":{"line":69,"column":6},"end":{"line":69,"column":68}},"type":"cond-expr","locations":[{"start":{"line":69,"column":27},"end":{"line":69,"column":47}},{"start":{"line":69,"column":50},"end":{"line":69,"column":68}}],"line":69},"4":{"loc":{"start":{"line":71,"column":4},"end":{"line":71,"column":57}},"type":"if","locations":[{"start":{"line":71,"column":4},"end":{"line":71,"column":57}},{"start":{},"end":{}}],"line":71},"5":{"loc":{"start":{"line":71,"column":28},"end":{"line":71,"column":56}},"type":"cond-expr","locations":[{"start":{"line":71,"column":50},"end":{"line":71,"column":52}},{"start":{"line":71,"column":55},"end":{"line":71,"column":56}}],"line":71},"6":{"loc":{"start":{"line":72,"column":4},"end":{"line":72,"column":57}},"type":"if","locations":[{"start":{"line":72,"column":4},"end":{"line":72,"column":57}},{"start":{},"end":{}}],"line":72},"7":{"loc":{"start":{"line":72,"column":28},"end":{"line":72,"column":56}},"type":"cond-expr","locations":[{"start":{"line":72,"column":50},"end":{"line":72,"column":51}},{"start":{"line":72,"column":54},"end":{"line":72,"column":56}}],"line":72},"8":{"loc":{"start":{"line":85,"column":11},"end":{"line":85,"column":96}},"type":"cond-expr","locations":[{"start":{"line":85,"column":33},"end":{"line":85,"column":81}},{"start":{"line":85,"column":84},"end":{"line":85,"column":96}}],"line":85},"9":{"loc":{"start":{"line":93,"column":9},"end":{"line":95,"column":15}},"type":"cond-expr","locations":[{"start":{"line":94,"column":12},"end":{"line":94,"column":64}},{"start":{"line":95,"column":12},"end":{"line":95,"column":15}}],"line":93},"10":{"loc":{"start":{"line":98,"column":20},"end":{"line":98,"column":36}},"type":"binary-expr","locations":[{"start":{"line":98,"column":20},"end":{"line":98,"column":31}},{"start":{"line":98,"column":35},"end":{"line":98,"column":36}}],"line":98},"11":{"loc":{"start":{"line":103,"column":2},"end":{"line":110,"column":3}},"type":"if","locations":[{"start":{"line":103,"column":2},"end":{"line":110,"column":3}},{"start":{},"end":{}}],"line":103},"12":{"loc":{"start":{"line":112,"column":2},"end":{"line":121,"column":3}},"type":"if","locations":[{"start":{"line":112,"column":2},"end":{"line":121,"column":3}},{"start":{},"end":{}}],"line":112},"13":{"loc":{"start":{"line":149,"column":16},"end":{"line":149,"column":76}},"type":"binary-expr","locations":[{"start":{"line":149,"column":16},"end":{"line":149,"column":49}},{"start":{"line":149,"column":53},"end":{"line":149,"column":76}}],"line":149},"14":{"loc":{"start":{"line":155,"column":18},"end":{"line":156,"column":47}},"type":"binary-expr","locations":[{"start":{"line":155,"column":18},"end":{"line":155,"column":51}},{"start":{"line":156,"column":20},"end":{"line":156,"column":47}}],"line":155},"15":{"loc":{"start":{"line":172,"column":16},"end":{"line":172,"column":76}},"type":"binary-expr","locations":[{"start":{"line":172,"column":16},"end":{"line":172,"column":49}},{"start":{"line":172,"column":53},"end":{"line":172,"column":76}}],"line":172},"16":{"loc":{"start":{"line":178,"column":18},"end":{"line":179,"column":47}},"type":"binary-expr","locations":[{"start":{"line":178,"column":18},"end":{"line":178,"column":51}},{"start":{"line":179,"column":20},"end":{"line":179,"column":47}}],"line":178},"17":{"loc":{"start":{"line":190,"column":9},"end":{"line":204,"column":9}},"type":"cond-expr","locations":[{"start":{"line":191,"column":10},"end":{"line":193,"column":17}},{"start":{"line":195,"column":10},"end":{"line":203,"column":12}}],"line":190},"18":{"loc":{"start":{"line":198,"column":14},"end":{"line":198,"column":59}},"type":"binary-expr","locations":[{"start":{"line":198,"column":14},"end":{"line":198,"column":39}},{"start":{"line":198,"column":43},"end":{"line":198,"column":59}}],"line":198},"19":{"loc":{"start":{"line":216,"column":13},"end":{"line":249,"column":13}},"type":"binary-expr","locations":[{"start":{"line":216,"column":13},"end":{"line":216,"column":27}},{"start":{"line":217,"column":14},"end":{"line":248,"column":27}}],"line":216},"20":{"loc":{"start":{"line":221,"column":20},"end":{"line":223,"column":27}},"type":"cond-expr","locations":[{"start":{"line":222,"column":24},"end":{"line":222,"column":67}},{"start":{"line":223,"column":24},"end":{"line":223,"column":27}}],"line":221},"21":{"loc":{"start":{"line":232,"column":39},"end":{"line":232,"column":65}},"type":"binary-expr","locations":[{"start":{"line":232,"column":39},"end":{"line":232,"column":60}},{"start":{"line":232,"column":64},"end":{"line":232,"column":65}}],"line":232},"22":{"loc":{"start":{"line":237,"column":20},"end":{"line":241,"column":27}},"type":"cond-expr","locations":[{"start":{"line":238,"column":24},"end":{"line":240,"column":25}},{"start":{"line":241,"column":24},"end":{"line":241,"column":27}}],"line":237},"23":{"loc":{"start":{"line":246,"column":25},"end":{"line":246,"column":58}},"type":"binary-expr","locations":[{"start":{"line":246,"column":25},"end":{"line":246,"column":51}},{"start":{"line":246,"column":55},"end":{"line":246,"column":58}}],"line":246}},"s":{"0":0,"1":0,"2":0,"3":0,"4":0,"5":0,"6":0,"7":0,"8":0,"9":0,"10":0,"11":0,"12":0,"13":0,"14":0,"15":0,"16":0,"17":0,"18":0,"19":0,"20":0,"21":0,"22":0,"23":0,"24":0,"25":0,"26":0,"27":0,"28":0,"29":0,"30":0,"31":0,"32":0,"33":0,"34":0,"35":0,"36":0,"37":0,"38":0,"39":0,"40":0,"41":0,"42":0,"43":0,"44":0,"45":0,"46":0,"47":0,"48":0,"49":0,"50":0,"51":0,"52":0,"53":0},"f":{"0":0,"1":0,"2":0,"3":0,"4":0,"5":0,"6":0,"7":0,"8":0,"9":0,"10":0,"11":0,"12":0,"13":0,"14":0,"15":0,"16":0,"17":0},"b":{"0":[0,0,0],"1":[0,0,0],"2":[0,0],"3":[0,0],"4":[0,0],"5":[0,0],"6":[0,0],"7":[0,0],"8":[0,0],"9":[0,0],"10":[0,0],"11":[0,0],"12":[0,0],"13":[0,0],"14":[0,0],"15":[0,0],"16":[0,0],"17":[0,0],"18":[0,0],"19":[0,0],"20":[0,0],"21":[0,0],"22":[0,0],"23":[0,0]}}
,"C:\\Users\\Korisnik\\OneDrive\\Desktop\\centrometal\\CS308-Project\\frontend\\mobile\\screens\\HomeScreen.js": {"path":"C:\\Users\\Korisnik\\OneDrive\\Desktop\\centrometal\\CS308-Project\\frontend\\mobile\\screens\\HomeScreen.js","statementMap":{"0":{"start":{"line":24,"column":27},"end":{"line":24,"column":71}},"1":{"start":{"line":24,"column":39},"end":{"line":24,"column":71}},"2":{"start":{"line":27,"column":30},"end":{"line":32,"column":4}},"3":{"start":{"line":28,"column":2},"end":{"line":32,"column":4}},"4":{"start":{"line":34,"column":26},"end":{"line":51,"column":1}},"5":{"start":{"line":36,"column":4},"end":{"line":36,"column":69}},"6":{"start":{"line":38,"column":4},"end":{"line":38,"column":67}},"7":{"start":{"line":39,"column":2},"end":{"line":40,"column":70}},"8":{"start":{"line":40,"column":4},"end":{"line":40,"column":70}},"9":{"start":{"line":42,"column":19},"end":{"line":42,"column":62}},"10":{"start":{"line":43,"column":2},"end":{"line":46,"column":3}},"11":{"start":{"line":44,"column":29},"end":{"line":44,"column":50}},"12":{"start":{"line":45,"column":4},"end":{"line":45,"column":58}},"13":{"start":{"line":47,"column":2},"end":{"line":50,"column":4}},"14":{"start":{"line":53,"column":20},"end":{"line":67,"column":1}},"15":{"start":{"line":54,"column":2},"end":{"line":66,"column":3}},"16":{"start":{"line":57,"column":6},"end":{"line":57,"column":27}},"17":{"start":{"line":60,"column":6},"end":{"line":60,"column":24}},"18":{"start":{"line":63,"column":6},"end":{"line":63,"column":26}},"19":{"start":{"line":65,"column":6},"end":{"line":65,"column":33}},"20":{"start":{"line":69,"column":27},"end":{"line":86,"column":1}},"21":{"start":{"line":70,"column":18},"end":{"line":73,"column":18}},"22":{"start":{"line":74,"column":2},"end":{"line":75,"column":26}},"23":{"start":{"line":75,"column":4},"end":{"line":75,"column":26}},"24":{"start":{"line":76,"column":2},"end":{"line":76,"column":50}},"25":{"start":{"line":76,"column":34},"end":{"line":76,"column":50}},"26":{"start":{"line":77,"column":2},"end":{"line":82,"column":25}},"27":{"start":{"line":82,"column":4},"end":{"line":82,"column":25}},"28":{"start":{"line":83,"column":2},"end":{"line":84,"column":19}},"29":{"start":{"line":84,"column":4},"end":{"line":84,"column":19}},"30":{"start":{"line":85,"column":2},"end":{"line":85,"column":17}},"31":{"start":{"line":88,"column":24},"end":{"line":93,"column":1}},"32":{"start":{"line":89,"column":20},"end":{"line":89,"column":68}},"33":{"start":{"line":90,"column":15},"end":{"line":90,"column":34}},"34":{"start":{"line":91,"column":2},"end":{"line":91,"column":48}},"35":{"start":{"line":91,"column":36},"end":{"line":91,"column":48}},"36":{"start":{"line":92,"column":2},"end":{"line":92,"column":
[...]
,"C:\\Users\\Korisnik\\OneDrive\\Desktop\\centrometal\\CS308-Project\\frontend\\mobile\\services\\api.js": {"path":"C:\\Users\\Korisnik\\OneDrive\\Desktop\\centrometal\\CS308-Project\\frontend\\mobile\\services\\api.js","statementMap":{"0":{"start":{"line":5,"column":16},"end":{"line":5,"column":30}},"1":{"start":{"line":6,"column":23},"end":{"line":6,"column":49}},"2":{"start":{"line":7,"column":25},"end":{"line":7,"column":53}},"3":{"start":{"line":8,"column":22},"end":{"line":8,"column":45}},"4":{"start":{"line":10,"column":28},"end":{"line":16,"column":1}},"5":{"start":{"line":11,"column":2},"end":{"line":15,"column":3}},"6":{"start":{"line":12,"column":4},"end":{"line":12,"column":58}},"7":{"start":{"line":14,"column":4},"end":{"line":14,"column":16}},"8":{"start":{"line":18,"column":29},"end":{"line":24,"column":1}},"9":{"start":{"line":19,"column":2},"end":{"line":23,"column":3}},"10":{"start":{"line":20,"column":4},"end":{"line":20,"column":58}},"11":{"start":{"line":22,"column":4},"end":{"line":22,"column":51}},"12":{"start":{"line":26,"column":30},"end":{"line":32,"column":1}},"13":{"start":{"line":27,"column":2},"end":{"line":31,"column":3}},"14":{"start":{"line":28,"column":4},"end":{"line":28,"column":54}},"15":{"start":{"line":30,"column":4},"end":{"line":30,"column":52}},"16":{"start":{"line":34,"column":31},"end":{"line":40,"column":1}},"17":{"start":{"line":35,"column":2},"end":{"line":39,"column":3}},"18":{"start":{"line":36,"column":4},"end":{"line":36,"column":75}},"19":{"start":{"line":38,"column":4},"end":{"line":38,"column":53}},"20":{"start":{"line":42,"column":30},"end":{"line":49,"column":1}},"21":{"start":{"line":43,"column":2},"end":{"line":48,"column":3}},"22":{"start":{"line":44,"column":18},"end":{"line":44,"column":66}},"23":{"start":{"line":45,"column":4},"end":{"line":45,"column":44}},"24":{"start":{"line":47,"column":4},"end":{"line":47,"column":16}},"25":{"start":{"line":51,"column":32},"end":{"line":57,"column":1}},"26":{"start":{"line":52,"column":2},"end":{"line":56,"column":3}},"27":{"start":{"line":53,"column":4},"end":{"line":53,"column":56}},"28":{"start":{"line":55,"column":4},"end":{"line":55,"column":54}},"29":{"start":{"line":59,"column":28},"end":{"line":59,"column":67}},"30":{"start":{"line":59,"column":40},"end":{"line":59,"column":67}},"31":{"start":{"line":61,"column":25},"end":{"line":79,"column":1}},"32":{"start":{"line":62,"column":2},"end":{"line":77,"column":3}},"33":{"start":{"line":63,"column":16},"end":{"line":63,"column":43}},"34":{"start":{"line":64,"column":24},"end":{"line":64,"column":59}},"35":{"start":{"line":65,"column":4},"end":{"line":67,"column":5}},"36":{"start":{"line":66,"column":6},"end":{"line":66,"column":37}},"37":{"start":{"line":69,"column":19},"end":{"line":69,"column":50}},"38":{"start":{"line":70,"column":4},"end":{"line":74,"column":5}},"39":{"start":{"line":71,"column":6},"end":{"line":71,"column":50}},"40":{"start":{"line":72,"column":6},"end":{"line":72,"column":41}},"41":{"start":{"line":73,"column":6},"end":{"line":73,"column":32}},"42":{"start":{"line":76,"column":4},"end":{"line":76,"column":47}},"43":{"start":{"line":78,"column":2},"end":{"line":78,"column":12}},"44":{"start":{"line":81,"column":26},"end":{"line":88,"column":1}},"45":{"start":{"line":82,"column":2},"end":{"line":87,"column":3}},"46":{"start":{"line":83,"column":16},"end":{"line":83,"column":43}},"47":{"start":{"line":84,"column":4},"end":{"line":84,"column":64}},"48":{"start":{"line":86,"column":4},"end":{"line":86,"column":47}},"49":{"start":{"line":90,"column":31},"end":{"line":98,"column":1}},"50":{"start":{"line":91,"column":2},"end":{"line":97,"column":3}},"51":{"start":{"line":92,"column":19},"end":{"line":92,"column":42}},"52":{"start":{"line":93,"column":22},"end":{"line":93,"column":84}},"53":{"start":{"line":93,"column":47},"end":{"line":93,"column":83}},"54":{"start":{"line":94,"column":4},"end":{"line":94,"column":40}},"55":{"start":{"line":96,"column":4},"end":{"line":96,"column":48}},"56":{"start":{"line":101,"column":16},"end":{"line":116,"column":1}},"57":{"start":{"line":102,"column":16},"end":{"line":102,"column":36}},"58":{"start":{"line":103,"column":18},"end":{"line":103,"column":56}},"59":{"start":{"line":105,"column":2},"end":{"line":107,"column":3}},"60":{"start":{"line":106,"column":4},"end":{"line":106,"column":46}},"61":{"start":{"line":109,"column":14},"end":{"line":112,"column":4}},"62":{"start":{"line":113,"column":15},"end":{"line":113,"column":49}},"63":{"start":{"line":113,"column":44},"end":{"line":113,"column":48}},"64":{"start":{"line":114,"column":2},"end":{"line":114,"column":81}},"65":{"start":{"line":114,"column":15},"end":{"line":114,"column":81}},"66":{"start":{"line":115,"column":2},"end":{"line":115,"column":14}},"67":{"start":{"line":119,"column":29},"end":{"line":119,"column":57}},"68":{"start":{"line":119,"column":35},"end":{"line":119,"column":57}},"69":{"start":{"line":120,"column":35},"end":{"line":120,"column":66}},"70":{"start":{"line":120,"column":41},"end":{"line":120,"column":66}},"71":{"start":{"line":121,"column":32},"end":{"line":121,"column":79}},"72":{"start":{"line":121,"column":44},"end":{"line":121,"column":79}},"73":{"start":{"line":122,"column":34},"end":{"line":122,"column":127}},"74":{"start":{"line":122,"column":49},"end":{"line":122,"column":127}},"75":{"start":{"line":123,"column":40},"end":{"line":123,"column":157}},"76":{"start":{"line":123,"column":61},"end":{"line":123,"column":157}},"77":{"start":{"line":124,"column":34},"end":{"line":124,"column":136}},"78":{"start":{"line":124,"column":53},"end":{"line":124,"column":136}},"79":{"start":{"line":125,"column":34},"end":{"line":125,"column":105}},"80":{"start":{"line":125,"column":47},"end":{"line":125,"column":105}},"81":{"start":{"line":126,"column":38},"end":{"line":126,"column":112}},"82":{"start":{"line":126,"column":50},"end":{"line":126,"column":112}},"83":{"start":{"line":129,"column":35},"end":{"line":129,"column":78}},"84":{"start":{"line":129,"column":47},"end":{"line":129,"column":78}},"85":{"start":{"line":132,"column":21},"end":{"line":132,"column":128}},"86":{"start":{"line":132,"column":45},"end":{"line":132,"column":128}},"87":{"start":{"line":133,"column":22},"end":{"line":136,"column":1}},"88":{"start":{"line":134,"column":2},"end":{"line":134,"column":25}},"89":{"start":{"line":135,"column":2},"end":{"line":135,"column":27}},"90":{"start":{"line":139,"column":24},"end":{"line":139,"column":52}},"91":{"start":{"line":139,"column":30},"end":{"line":139,"column":52}},"92":{"start":{"line":140,"column":23},"end":{"line":140,"column":65}},"93":{"start":{"line":140,"column":35},"end":{"line":140,"column":65}},"94":{"start":{"line":141,"column":25},"end":{"line":141,"column":159}},"95":{"start":{"line":141,"column":59},"end":{"line":141,"column":159}},"96":{"start":{"line":142,"column":30},"end":{"line":142,"column":151}},"97":{"start":{"line":142,"column":56},"end":{"line":142,"column":151}},"98":{"start":{"line":143,"column":30},"end":{"line":143,"column":108}},"99":{"start":{"line":143,"column":46},"end":{"line":143,"column":108}},"100":{"start":{"line":144,"column":27},"end":{"line":144,"column":115}},"101":{"start":{"line":144,"column":39},"end":{"line":144,"column":115}},"102":{"start":{"line":145,"column":29},"end":{"line":145,"column":78}},"103":{"start":{"line":145,"column":41},"end":{"line":145,"column":78}},"104":{"start":{"line":146,"column":31},"end":{"line":146,"column":77}},"105":{"start":{"line":146,"column":44},"end":{"line":146,"column":77}},"106":{"start":{"line":147,"column":27},"end":{"line":147,"column":101}},"107":{"start":{"line":147,"column":40},"end":{"line":147,"column":101}},"108":{"start":{"line":150,"column":34},"end":{"line":150,"column":72}},"109":{"start":{"line":150,"column":40},"end":{"line":150,"column":72}},"110":{"start":{"line":151,"column":37},"end":{"line":151,"column":122}},"111":{"start":{"line":151,"column":50},"end":{"line":151,"column":122}},"112":{"start":{"line":154,"column":24},"end":{"line":154,"column":47}},"113":{"start":{"line":154,"column":30},"end":{"line":154,"column":47}},"114":{"start":{"line":155,"column":26},"end":{"line":155,"column":124}},"115":{"start":{"line":155,"column":47},"end":{"line":155,"column":124}},"116":{"start":{"line":156,"column":26},"end":{"line":156,"column":87}},"117":{"start":{"line":156,"column":38},"end":{"line":156,"column":87}},"118":{"start":{"line":157,"column":26},"end":{"line":157,"column":107}},"119":{"start":{"line":157,"column":39},"end":{"line":157,"column":107}},"120":{"start":{"line":160,"column":26},"end":{"line":160,"column":112}},"121":{"start":{"line":160,"column":39},"end":{"line":160,"column":112}},"122":{"start":{"line":161,"column":26},"end":{"line":161,"column":129}},"123":{"start":{"line":161,"column":47},"end":{"line":161,"column":129}},"124":{"start":{"line":162,"column":26},"end":{"line":162,"column":92}},"125":{"start":{"line":162,"column":38},"end":{"line":162,"column":92}}},"fnMap":{"0":{"name":"(anonymous_0)","decl":{"start":{"line":10,"column":28},"end":{"line":10,"column":29}},"loc":{"start":{"line":10,"column":40},"end":{"line":16,"column":1}},"line":10},"1":{"name":"(anonymous_1)","decl":{"start":{"line":18,"column":29},"end":{"line":18,"column":30}},"loc":{"start":{"line":18,"column":46},"end":{"line":24,"column":1}},"line":18},"2":{"name":"(anonymous_2)","decl":{"start":{"line":26,"column":30},"end":{"line":26,"column":31}},"loc":{"start":{"line":26,"column":42},"end":{"line":32,"column":1}},"line":26},"3":{"name":"(anonymous_3)","decl":{"start":{"line":34,"column":31},"end":{"line":34,"column":32}},"loc":{"start":{"line":34,"column":47},"end":{"line":40,"column":1}},"line":34},"4":{"name":"(anonymous_4)","decl":{"start":{"line":42,"column":30},"end":{"line":42,"column":31}},"loc":{"start":{"line":42,"column":42},"end":{"line":49,"column":1}},"line":42},"5":{"name":"(anonymous_5)","decl":{"start":{"line":51,"column":32},"end":{"line":51,"column":33}},"loc":{"start":{"line":51,"column":44},"end":{"line":57,"column":1}},"line":51},"6":{"name":"(anonymous_6)","decl":{"start":{"line":59,"column":28},"end":{"line":59,"column":29}},"loc":{"start":{"line":59,"column":40},"end":{"line":59,"column":67}},"line":59},"7":{"name":"(anonymous_7)","decl":{"start":{"line":61,"column":25},"end":{"line":61,"column":26}},"loc":{"start":{"line":61,"column":43},"end":{"line":79,"column":1}},"line":61},"8":{"name":"(anonymous_8)","decl":{"start":{"line":81,"column":26},"end":{"line":81,"column":27}},"loc":{"start":{"line":81,"column":52},"end":{"line":88,"column":1}},"line":81},"9":{"name":"(anonymous_9)","decl":{"start":{"line":90,"column":31},"end":{"line":90,"column":32}},"loc":{"start":{"line":90,"column":58},"end":{"line":98,"column":1}},"line":90},"10":{"name":"(anonymous_10)","decl":{"start":{"line":93,"column":36},"end":{"line":93,"column":37}},"loc":{"start":{"line":93,"column":47},"end":{"line":93,"column":83}},"line":93},"11":{"name":"(anonymous_11)","decl":{"start":{"line":101,"column":16},"end":{"line":101,"column":17}},"loc":{"start":{"line":101,"column":50},"end":{"line":116,"column":1}},"line":101},"12":{"name":"(anonymous_12)","decl":{"start":{"line":113,"column":38},"end":{"line":113,"column":39}},"loc":{"start":{"line":113,"column":44},"end":{"line":113,"column":48}},"line":113},"13":{"name":"(anonymous_13)","decl":{"start":{"line":119,"column":29},"end":{"line":119,"column":30}},"loc":{"start":{"line":119,"column":35},"end":{"line":119,"column":57}},"line":119},"14":{"name":"(anonymous_14)","decl":{"start":{"line":120,"column":35},"end":{"line":120,"column":36}},"loc":{"start":{"line":120,"column":41},"end":{"line":120,"column":66}},"line":120},"15":{"name":"(anonymous_15)","decl":{"start":{"line":121,"column":32},"end":{"line":121,"column":33}},"loc":{"start":{"line":121,"column":44},"end":{"line":121,"column":79}},"line":121},"16":{"name":"(anonymous_16)","decl":{"start":{"line":122,"column":34},"end":{"line":122,"column":35}},"loc":{"start":{"line":122,"column":49},"end":{"line":122,"column":127}},"line":122},"17":{"name":"(anonymous_17)","decl":{"start":{"line":123,"column":40},"end":{"line":123,"column":41}},"loc":{"start":{"line":123,"column":61},"end":{"line":123,"column":157}},"line":123},"18":{"name":"(anonymous_18)","decl":{"start":{"line":124,"column":34},"end":{"line":124,"column":35}},"loc":{"start":{"line":124,"column":53},"end":{"line":124,"column":136}},"line":124},"19":{"name":"(anonymous_19)","decl":{"start":{"line":125,"column":34},"end":{"line":125,"column":35}},"loc":{"start":{"line":125,"column":47},"end":{"line":125,"column":105}},"line":125},"20":{"name":"(anonymous_20)","decl":{"start":{"line":126,"column":38},"end":{"line":126,"column":39}},"loc":{"start":{"line":126,"column":50},"end":{"line":126,"column":112}},"line":126},"21":{"name":"(anonymous_21)","decl":{"start":{"line":129,"column":35},"end":{"line":129,"column":36}},"loc":{"start":{"line":129,"column":47},"end":{"line":129,"column":78}},"line":129},"22":{"name":"(anonymous_22)","decl":{"start":{"line":132,"column":21},"end":{"line":132,"column":22}},"loc":{"start":{"line":132,"column":45},"end":{"line":132,"column":128}},"line":132},"23":{"name":"(anonymous_23)","decl":{"start":{"line":133,"column":22},"end":{"line":133,"column":23}},"loc":{"start":{"line":133,"column":34},"end":{"line":136,"column":1}},"line":133},"24":{"name":"(anonymous_24)","decl":{"start":{"line":139,"column":24},"end":{"line":139,"column":25}},"loc":{"start":{"line":139,"column":30},"end":{"line":139,"column":52}},"line":139},"25":{"name":"(anonymous_25)","decl":{"start":{"line":140,"column":23},"end":{"line":140,"column":24}},"loc":{"start":{"line":140,"column":35},"end":{"line":140,"column":65}},"line":140},"26":{"name":"(anonymous_26)","decl":{"start":{"line":141,"column":25},"end":{"line":141,"column":26}},"loc":{"start":{"line":141,"column":59},"end":{"line":141,"column":159}},"line":141},"27":{"name":"(anonymous_27)","decl":{"start":{"line":142,"column":30},"end":{"line":142,"column":31}},"loc":{"start":{"line":142,"column":56},"end":{"line":142,"column":151}},"line":142},"28":{"name":"(anonymous_28)","decl":{"start":{"line":143,"column":30},"end":{"line":143,"column":31}},"loc":{"start":{"line":143,"column":46},"end":{"line":143,"column":108}},"line":143},"29":{"name":"(anonymous_29)","decl":{"start":{"line":144,"column":27},"end":{"line":144,"column":28}},"loc":{"start":{"line":144,"column":39},"end":{"line":144,"column":115}},"line":144},"30":{"name":"(anonymous_30)","decl":{"start":{"line":145,"column":29},"end":{"line":145,"column":30}},"loc":{"start":{"line":145,"column":41},"end":{"line":145,"column":78}},"line":145},"31":{"name":"(anonymous_31)","decl":{"start":{"line":146,"column":31},"end":{"line":146,"column":32}},"loc":{"start":{"line":146,"column":44},"end":{"line":146,"column":77}},"line":146},"32":{"name":"(anonymous_32)","decl":{"start":{"line":147,"column":27},"end":{"line":147,"column":28}},"loc":{"start":{"line":147,"column":40},"end":{"line":147,"column":101}},"line":147},"33":{"name":"(anonymous_33)","decl":{"start":{"line":150,"column":34},"end":{"line":150,"column":35}},"loc":{"start":{"line":150,"column":40},"end":{"line":150,"column":72}},"line":150},"34":{"name":"(anonymous_34)","decl":{"start":{"line":151,"column":37},"end":{"line":151,"column":38}},"loc":{"start":{"line":151,"column":50},"end":{"line":151,"column":122}},"line":151},"35":{"name":"(anonymous_35)","decl":{"start":{"line":154,"column":24},"end":{"line":154,"column":25}},"loc":{"start":{"line":154,"column":30},"end":{"line":154,"column":47}},"line":154},"36":{"name":"(anonymous_36)","decl":{"start":{"line":155,"column":26},"end":{"line":155,"column":27}},"loc":{"start":{"line":155,"column":47},"end":{"line":155,"column":124}},"line":155},"37":{"name":"(anonymous_37)","decl":{"start":{"line":156,"column":26},"end":{"line":156,"column":27}},"loc":{"start":{"line":156,"column":38},"end":{"line":156,"column":87}},"line":156},"38":{"name":"(anonymous_38)","decl":{"start":{"line":157,"column":26},"end":{"line":157,"column":27}},"loc":{"start":{"line":157,"column":39},"end":{"line":157,"column":107}},"line":157},"39":{"name":"(anonymous_39)","decl":{"start":{"line":160,"column":26},"end":{"line":160,"column":27}},"loc":{"start":{"line":160,"column":39},"end":{"line":160,"column":112}},"line":160},"40":{"name":"(anonymous_40)","decl":{"start":{"line":161,"column":26},"end":{"line":161,"column":27}},"loc":{"start":{"line":161,"column":47},"end":{"line":161,"column":129}},"line":161},"41":{"name":"(anonymous_41)","decl":{"start":{"line":162,"column":26},"end":{"line":162,"column":27}},"loc":{"start":{"line":162,"column":38},"end":{"line":162,"column":92}},"line":162}},"branchMap":{"0":{"loc":{"start":{"line":45,"column":11},"end":{"line":45,"column":43}},"type":"cond-expr","locations":[{"start":{"line":45,"column":19},"end":{"line":45,"column":36}},{"start":{"line":45,"column":39},"end":{"line":45,"column":43}}],"line":45},"1":{"loc":{"start":{"line":65,"column":4},"end":{"line":67,"column":5}},"type":"if","locations":[{"start":{"line":65,"column":4},"end":{"line":67,"column":5}},{"start":{},"end":{}}],"line":65},"2":{"loc":{"start":{"line":70,"column":4},"end":{"line":74,"column":5}},"type":"if","locations":[{"start":{"line":70,"column":4},"end":{"line":74,"column":5}},{"start":{},"end":{}}],"line":70},"3":{"loc":{"start":{"line":101,"column":33},"end":{"line":101,"column":45}},"type":"default-arg","locations":[{"start":{"line":101,"column":43},"end":{"line":101,"column":45}}],"line":101},"4":{"loc":{"start":{"line":105,"column":2},"end":{"line":107,"column":3}},"type":"if","locations":[{"start":{"line":105,"column":2},"end":{"line":107,"column":3}},{"start":{},"end":{}}],"line":105},"5":{"loc":{"start":{"line":114,"column":2},"end":{"line":114,"column":81}},"type":"if","locations":[{"start":{"line":114,"column":2},"end":{"line":114,"column":81}},{"start":{},"end":{}}],"line":114},"6":{"loc":{"start":{"line":114,"column":31},"end":{"line":114,"column":79}},"type":"binary-expr","locations":[{"start":{"line":114,"column":31},"end":{"line":114,"column":44}},{"start":{"line":114,"column":48},"end":{"line":114,"column":59}},{"start":{"line":114,"column":63},"end":{"line":114,"column":79}}],"line":114},"7":{"loc":{"start":{"line":141,"column":42},"end":{"line":141,"column":54}},"type":"default-arg","locations":[{"start":{"line":141,"column":53},"end":{"line":141,"column":54}}],"line":141}},"s":{"0":0,"1":0,"2":0,"3":0,"4":0,"5":0,"6":0,"7":0,"8":0,"9":0,"10":0,"11":0,"12":0,"13":0,"14":0,"15":0,"16":0,"17":0,"18":0,"19":0,"20":0,"21":0,"22":0,"23":0,"24":0,"25":0,"26":0,"27":0,"28":0,"29":0,"30":0,"31":0,"32":0,"33":0,"34":0,"35":0,"36":0,"37":0,"38":0,"39":0,"40":0,"41":0,"42":0,"43":0,"44":0,"45":0,"46":0,"47":0,"48":0,"49":0,"50":0,"51":0,"52":0,"53":0,"54":0,"55":0,"56":0,"57":0,"58":0,"59":0,"60":0,"61":0,"62":0,"63":0,"64":0,"65":0,"66":0,"67":0,"68":0,"69":0,"70":0,"71":0,"72":0,"73":0,"74":0,"75":0,"76":0,"77":0,"78":0,"79":0,"80":0,"81":0,"82":0,"83":0,"84":0,"85":0,"86":0,"87":0,"88":0,"89":0,"90":0,"91":0,"92":0,"93":0,"94":0,"95":0,"96":0,"97":0,"98":0,"99":0,"100":0,"101":0,"102":0,"103":0,"104":0,"105":0,"106":0,"107":0,"108":0,"109":0,"110":0,"111":0,"112":0,"113":0,"114":0,"115":0,"116":0,"117":0,"118":0,"119":0,"120":0,"121":0,"122":0,"123":0,"124":0,"125":0},"f":{"0":0,"1":0,"2":0,"3":0,"4":0,"5":0,"6":0,"7":0,"8":0,"9":0,"10":0,"11":0,"12":0,"13":0,"14":0,"15":0,"16":0,"17":0,"18":0,"19":0,"20":0,"21":0,"22":0,"23":0,"24":0,"25":0,"26":0,"27":0,"28":0,"29":0,"30":0,"31":0,"32":0,"33":0,"34":0,"35":0,"36":0,"37":0,"38":0,"39":0,"40":0,"41":0},"b":{"0":[0,0],"1":[0,0],"2":[0,0],"3":[0],"4":[0,0],"5":[0,0],"6":[0,0,0],"7":[0]}}
}
