TN:
SF:services\api.js
FN:10,(anonymous_0)
FN:18,(anonymous_1)
FN:26,(anonymous_2)
FN:34,(anonymous_3)
FN:42,(anonymous_4)
FN:51,(anonymous_5)
FN:59,(anonymous_6)
FN:61,(anonymous_7)
FN:81,(anonymous_8)
FN:90,(anonymous_9)
FN:93,(anonymous_10)
FN:101,(anonymous_11)
FN:113,(anonymous_12)
FN:119,(anonymous_13)
FN:120,(anonymous_14)
FN:121,(anonymous_15)
FN:122,(anonymous_16)
FN:123,(anonymous_17)
FN:124,(anonymous_18)
FN:125,(anonymous_19)
FN:126,(anonymous_20)
FN:129,(anonymous_21)
FN:132,(anonymous_22)
FN:133,(anonymous_23)
FN:139,(anonymous_24)
FN:140,(anonymous_25)
FN:141,(anonymous_26)
FN:142,(anonymous_27)
FN:143,(anonymous_28)
FN:144,(anonymous_29)
FN:145,(anonymous_30)
FN:146,(anonymous_31)
FN:147,(anonymous_32)
FN:150,(anonymous_33)
FN:151,(anonymous_34)
FN:154,(anonymous_35)
FN:155,(anonymous_36)
FN:156,(anonymous_37)
FN:157,(anonymous_38)
FN:160,(anonymous_39)
FN:161,(anonymous_40)
FN:162,(anonymous_41)
FNF:42
FNH:23
FNDA:17,(anonymous_0)
FNDA:1,(anonymous_1)
FNDA:2,(anonymous_2)
FNDA:1,(anonymous_3)
FNDA:2,(anonymous_4)
FNDA:2,(anonymous_5)
FNDA:5,(anonymous_6)
FNDA:3,(anonymous_7)
FNDA:2,(anonymous_8)
FNDA:1,(anonymous_9)
FNDA:2,(anonymous_10)
FNDA:15,(anonymous_11)
FNDA:0,(anonymous_12)
FNDA:2,(anonymous_13)
FNDA:0,(anonymous_14)
FNDA:1,(anonymous_15)
FNDA:2,(anonymous_16)
FNDA:0,(anonymous_17)
FNDA:0,(anonymous_18)
FNDA:1,(anonymous_19)
FNDA:0,(anonymous_20)
FNDA:0,(anonymous_21)
FNDA:2,(anonymous_22)
FNDA:1,(anonymous_23)
FNDA:0,(anonymous_24)
FNDA:1,(anonymous_25)
FNDA:2,(anonymous_26)
FNDA:0,(anonymous_27)
FNDA:1,(anonymous_28)
FNDA:2,(anonymous_29)
FNDA:1,(anonymous_30)
FNDA:0,(anonymous_31)
FNDA:0,(anonymous_32)
FNDA:0,(anonymous_33)
FNDA:0,(anonymous_34)
FNDA:0,(anonymous_35)
FNDA:0,(anonymous_36)
FNDA:0,(anonymous_37)
FNDA:0,(anonymous_38)
FNDA:0,(anonymous_39)
FNDA:0,(anonymous_40)
FNDA:0,(anonymous_41)
DA:5,1
DA:6,1
DA:7,1
DA:8,1
DA:10,1
DA:11,17
DA:12,17
DA:14,1
DA:18,1
DA:19,1
DA:20,1
DA:22,0
DA:26,1
DA:27,2
DA:28,2
DA:30,0
DA:34,1
DA:35,1
DA:36,1
DA:38,0
DA:42,1
DA:43,2
DA:44,2
DA:45,2
DA:47,0
DA:51,1
DA:52,2
DA:53,2
DA:55,0
DA:59,5
DA:61,1
DA:62,3
DA:63,3
DA:64,3
DA:65,3
DA:66,2
DA:69,1
DA:70,1
DA:71,0
DA:72,0
DA:73,0
DA:76,0
DA:78,1
DA:81,1
DA:82,2
DA:83,2
DA:84,2
DA:86,0
DA:90,1
DA:91,1
DA:92,1
DA:93,2
DA:94,1
DA:96,0
DA:101,1
DA:102,15
DA:103,15
DA:105,15
DA:106,13
DA:109,15
DA:113,15
DA:114,15
DA:115,10
DA:119,2
DA:120,1
DA:121,1
DA:122,2
DA:123,1
DA:124,1
DA:125,1
DA:126,1
DA:129,1
DA:132,2
DA:133,1
DA:134,1
DA:135,1
DA:139,1
DA:140,1
DA:141,2
DA:142,1
DA:143,1
DA:144,2
DA:145,1
DA:146,1
DA:147,1
DA:150,1
DA:151,1
DA:154,1
DA:155,1
DA:156,1
DA:157,1
DA:160,1
DA:161,1
DA:162,1
LF:94
LH:83
BRDA:45,0,0,1
BRDA:45,0,1,1
BRDA:65,1,0,2
BRDA:65,1,1,1
BRDA:70,2,0,0
BRDA:70,2,1,1
BRDA:101,3,0,5
BRDA:105,4,0,13
BRDA:105,4,1,2
BRDA:114,5,0,5
BRDA:114,5,1,10
BRDA:114,6,0,5
BRDA:114,6,1,3
BRDA:114,6,2,0
BRDA:141,7,0,0
BRF:15
BRH:12
end_of_record
