TN:
SF:screens\AllServiceOrdersScreen.js
FN:38,(anonymous_0)
FN:47,(anonymous_1)
FN:53,(anonymous_2)
FN:57,(anonymous_3)
FN:122,AllServiceOrdersScreen
FN:130,(anonymous_5)
FN:142,(anonymous_6)
FN:144,(anonymous_7)
FN:147,(anonymous_8)
FN:149,(anonymous_9)
FN:168,(anonymous_10)
FN:169,(anonymous_11)
FN:179,(anonymous_12)
FN:190,(anonymous_13)
FN:240,(anonymous_14)
FN:253,(anonymous_15)
FN:257,(anonymous_16)
FN:266,(anonymous_17)
FN:270,(anonymous_18)
FN:284,(anonymous_19)
FNF:20
FNH:0
FNDA:0,(anonymous_0)
FNDA:0,(anonymous_1)
FNDA:0,(anonymous_2)
FNDA:0,(anonymous_3)
FNDA:0,AllServiceOrdersScreen
FNDA:0,(anonymous_5)
FNDA:0,(anonymous_6)
FNDA:0,(anonymous_7)
FNDA:0,(anonymous_8)
FNDA:0,(anonymous_9)
FNDA:0,(anonymous_10)
FNDA:0,(anonymous_11)
FNDA:0,(anonymous_12)
FNDA:0,(anonymous_13)
FNDA:0,(anonymous_14)
FNDA:0,(anonymous_15)
FNDA:0,(anonymous_16)
FNDA:0,(anonymous_17)
FNDA:0,(anonymous_18)
FNDA:0,(anonymous_19)
DA:19,0
DA:24,0
DA:31,0
DA:38,0
DA:39,0
DA:40,0
DA:41,0
DA:42,0
DA:43,0
DA:47,0
DA:48,0
DA:49,0
DA:50,0
DA:53,0
DA:54,0
DA:57,0
DA:58,0
DA:59,0
DA:60,0
DA:61,0
DA:62,0
DA:63,0
DA:64,0
DA:65,0
DA:67,0
DA:123,0
DA:124,0
DA:125,0
DA:126,0
DA:127,0
DA:128,0
DA:130,0
DA:131,0
DA:132,0
DA:133,0
DA:135,0
DA:137,0
DA:138,0
DA:142,0
DA:144,0
DA:147,0
DA:148,0
DA:149,0
DA:150,0
DA:152,0
DA:156,0
DA:162,0
DA:163,0
DA:168,0
DA:169,0
DA:171,0
DA:179,0
DA:190,0
DA:240,0
DA:254,0
DA:257,0
DA:267,0
DA:270,0
DA:284,0
DA:293,0
DA:304,0
LF:61
LH:0
BRDA:39,0,0,0
BRDA:39,0,1,0
BRDA:39,0,2,0
BRDA:39,0,3,0
BRDA:39,1,0,0
BRDA:39,1,1,0
BRDA:43,2,0,0
BRDA:43,2,1,0
BRDA:48,3,0,0
BRDA:48,3,1,0
BRDA:50,4,0,0
BRDA:50,4,1,0
BRDA:54,5,0,0
BRDA:54,5,1,0
BRDA:58,6,0,0
BRDA:58,6,1,0
BRDA:61,7,0,0
BRDA:61,7,1,0
BRDA:62,8,0,0
BRDA:62,8,1,0
BRDA:63,9,0,0
BRDA:63,9,1,0
BRDA:64,10,0,0
BRDA:64,10,1,0
BRDA:64,11,0,0
BRDA:64,11,1,0
BRDA:64,12,0,0
BRDA:64,12,1,0
BRDA:65,13,0,0
BRDA:65,13,1,0
BRDA:72,14,0,0
BRDA:72,14,1,0
BRDA:88,15,0,0
BRDA:88,15,1,0
BRDA:94,16,0,0
BRDA:94,16,1,0
BRDA:100,17,0,0
BRDA:100,17,1,0
BRDA:110,18,0,0
BRDA:110,18,1,0
BRDA:133,19,0,0
BRDA:133,19,1,0
BRDA:150,20,0,0
BRDA:150,20,1,0
BRDA:152,21,0,0
BRDA:152,21,1,0
BRDA:152,21,2,0
BRDA:152,21,3,0
BRDA:152,21,4,0
BRDA:157,22,0,0
BRDA:157,22,1,0
BRDA:157,23,0,0
BRDA:157,23,1,0
BRDA:157,24,0,0
BRDA:157,24,1,0
BRDA:158,25,0,0
BRDA:158,25,1,0
BRDA:158,26,0,0
BRDA:158,26,1,0
BRDA:158,27,0,0
BRDA:158,27,1,0
BRDA:162,28,0,0
BRDA:162,28,1,0
BRDA:163,29,0,0
BRDA:163,29,1,0
BRDA:163,29,2,0
BRDA:168,30,0,0
BRDA:168,30,1,0
BRDA:195,31,0,0
BRDA:195,31,1,0
BRDA:239,32,0,0
BRDA:239,32,1,0
BRDA:256,33,0,0
BRDA:256,33,1,0
BRDA:260,34,0,0
BRDA:260,34,1,0
BRDA:269,35,0,0
BRDA:269,35,1,0
BRDA:273,36,0,0
BRDA:273,36,1,0
BRF:80
BRH:0
end_of_record
TN:
SF:screens\CreateServiceOrderScreen.js
FN:25,(anonymous_0)
FN:39,CreateServiceOrderScreen
FN:59,(anonymous_2)
FN:79,(anonymous_3)
FN:92,(anonymous_4)
FN:93,(anonymous_5)
FN:110,(anonymous_6)
FN:112,(anonymous_7)
FN:114,(anonymous_8)
FN:128,(anonymous_9)
FN:133,(anonymous_10)
FN:172,(anonymous_11)
FN:181,(anonymous_12)
FN:201,(anonymous_13)
FN:209,(anonymous_14)
FN:225,(anonymous_15)
FN:258,(anonymous_16)
FN:274,(anonymous_17)
FN:275,(anonymous_18)
FN:278,(anonymous_19)
FN:282,(anonymous_20)
FN:285,(anonymous_21)
FN:288,(anonymous_22)
FN:295,(anonymous_23)
FN:303,(anonymous_24)
FN:318,(anonymous_25)
FN:320,(anonymous_26)
FN:326,(anonymous_27)
FN:334,(anonymous_28)
FN:366,(anonymous_29)
FN:395,(anonymous_30)
FN:402,(anonymous_31)
FN:407,(anonymous_32)
FN:417,(anonymous_33)
FN:418,(anonymous_34)
FN:424,(anonymous_35)
FN:431,(anonymous_36)
FN:444,(anonymous_37)
FN:464,(anonymous_38)
FN:488,(anonymous_39)
FN:504,(anonymous_40)
FN:517,(anonymous_41)
FN:532,(anonymous_42)
FN:559,(anonymous_43)
FN:576,(anonymous_44)
FN:585,(anonymous_45)
FN:592,(anonymous_46)
FN:635,(anonymous_47)
FN:642,(anonymous_48)
FN:643,(anonymous_49)
FN:646,(anonymous_50)
FN:654,(anonymous_51)
FNF:52
FNH:0
FNDA:0,(anonymous_0)
FNDA:0,CreateServiceOrderScreen
FNDA:0,(anonymous_2)
FNDA:0,(anonymous_3)
FNDA:0,(anonymous_4)
FNDA:0,(anonymous_5)
FNDA:0,(anonymous_6)
FNDA:0,(anonymous_7)
FNDA:0,(anonymous_8)
FNDA:0,(anonymous_9)
FNDA:0,(anonymous_10)
FNDA:0,(anonymous_11)
FNDA:0,(anonymous_12)
FNDA:0,(anonymous_13)
FNDA:0,(anonymous_14)
FNDA:0,(anonymous_15)
FNDA:0,(anonymous_16)
FNDA:0,(anonymous_17)
FNDA:0,(anonymous_18)
FNDA:0,(anonymous_19)
FNDA:0,(anonymous_20)
FNDA:0,(anonymous_21)
FNDA:0,(anonymous_22)
FNDA:0,(anonymous_23)
FNDA:0,(anonymous_24)
FNDA:0,(anonymous_25)
FNDA:0,(anonymous_26)
FNDA:0,(anonymous_27)
FNDA:0,(anonymous_28)
FNDA:0,(anonymous_29)
FNDA:0,(anonymous_30)
FNDA:0,(anonymous_31)
FNDA:0,(anonymous_32)
FNDA:0,(anonymous_33)
FNDA:0,(anonymous_34)
FNDA:0,(anonymous_35)
FNDA:0,(anonymous_36)
FNDA:0,(anonymous_37)
FNDA:0,(anonymous_38)
FNDA:0,(anonymous_39)
FNDA:0,(anonymous_40)
FNDA:0,(anonymous_41)
FNDA:0,(anonymous_42)
FNDA:0,(anonymous_43)
FNDA:0,(anonymous_44)
FNDA:0,(anonymous_45)
FNDA:0,(anonymous_46)
FNDA:0,(anonymous_47)
FNDA:0,(anonymous_48)
FNDA:0,(anonymous_49)
FNDA:0,(anonymous_50)
FNDA:0,(anonymous_51)
DA:25,0
DA:27,0
DA:33,0
DA:40,0
DA:42,0
DA:50,0
DA:51,0
DA:52,0
DA:53,0
DA:54,0
DA:55,0
DA:56,0
DA:57,0
DA:59,0
DA:60,0
DA:61,0
DA:64,0
DA:65,0
DA:66,0
DA:68,0
DA:70,0
DA:79,0
DA:80,0
DA:81,0
DA:82,0
DA:83,0
DA:92,0
DA:93,0
DA:94,0
DA:95,0
DA:96,0
DA:97,0
DA:99,0
DA:101,0
DA:105,0
DA:108,0
DA:109,0
DA:111,0
DA:113,0
DA:114,0
DA:117,0
DA:119,0
DA:127,0
DA:128,0
DA:131,0
DA:133,0
DA:134,0
DA:137,0
DA:138,0
DA:142,0
DA:143,0
DA:144,0
DA:145,0
DA:146,0
DA:150,0
DA:151,0
DA:152,0
DA:153,0
DA:157,0
DA:158,0
DA:159,0
DA:160,0
DA:164,0
DA:165,0
DA:168,0
DA:169,0
DA:172,0
DA:173,0
DA:181,0
DA:182,0
DA:184,0
DA:185,0
DA:188,0
DA:198,0
DA:201,0
DA:204,0
DA:205,0
DA:206,0
DA:209,0
DA:210,0
DA:211,0
DA:212,0
DA:213,0
DA:218,0
DA:221,0
DA:222,0
DA:225,0
DA:231,0
DA:233,0
DA:242,0
DA:243,0
DA:245,0
DA:246,0
DA:250,0
DA:258,0
DA:263,0
DA:264,0
DA:274,0
DA:275,0
DA:277,0
DA:278,0
DA:282,0
DA:283,0
DA:285,0
DA:286,0
DA:287,0
DA:288,0
DA:291,0
DA:292,0
DA:295,0
DA:300,0
DA:301,0
DA:304,0
DA:311,0
DA:318,0
DA:319,0
DA:320,0
DA:323,0
DA:326,0
DA:327,0
DA:328,0
DA:330,0
DA:334,0
DA:335,0
DA:336,0
DA:337,0
DA:342,0
DA:345,0
DA:346,0
DA:347,0
DA:348,0
DA:353,0
DA:359,0
DA:360,0
DA:366,0
DA:367,0
DA:368,0
DA:370,0
DA:371,0
DA:372,0
DA:373,0
DA:374,0
DA:376,0
DA:377,0
DA:378,0
DA:384,0
DA:385,0
DA:387,0
DA:395,0
DA:396,0
DA:397,0
DA:399,0
DA:400,0
DA:402,0
DA:403,0
DA:407,0
DA:408,0
DA:409,0
DA:411,0
DA:412,0
DA:416,0
DA:417,0
DA:418,0
DA:419,0
DA:424,0
DA:425,0
DA:426,0
DA:431,0
DA:432,0
DA:433,0
DA:436,0
DA:444,0
DA:464,0
DA:488,0
DA:504,0
DA:517,0
DA:532,0
DA:560,0
DA:561,0
DA:563,0
DA:577,0
DA:586,0
DA:593,0
DA:635,0
DA:642,0
DA:644,0
DA:646,0
DA:654,0
LF:188
LH:0
BRDA:40,0,0,0
BRDA:40,0,1,0
BRDA:61,1,0,0
BRDA:61,1,1,0
BRDA:64,2,0,0
BRDA:64,2,1,0
BRDA:71,3,0,0
BRDA:71,3,1,0
BRDA:72,4,0,0
BRDA:72,4,1,0
BRDA:73,5,0,0
BRDA:73,5,1,0
BRDA:74,6,0,0
BRDA:74,6,1,0
BRDA:75,7,0,0
BRDA:75,7,1,0
BRDA:76,8,0,0
BRDA:76,8,1,0
BRDA:81,9,0,0
BRDA:81,9,1,0
BRDA:82,10,0,0
BRDA:82,10,1,0
BRDA:82,11,0,0
BRDA:82,11,1,0
BRDA:108,12,0,0
BRDA:108,12,1,0
BRDA:117,13,0,0
BRDA:117,13,1,0
BRDA:137,14,0,0
BRDA:137,14,1,0
BRDA:143,15,0,0
BRDA:143,15,1,0
BRDA:145,16,0,0
BRDA:145,16,1,0
BRDA:150,17,0,0
BRDA:150,17,1,0
BRDA:152,18,0,0
BRDA:152,18,1,0
BRDA:157,19,0,0
BRDA:157,19,1,0
BRDA:159,20,0,0
BRDA:159,20,1,0
BRDA:164,21,0,0
BRDA:164,21,1,0
BRDA:174,22,0,0
BRDA:174,22,1,0
BRDA:174,22,2,0
BRDA:174,22,3,0
BRDA:182,23,0,0
BRDA:182,23,1,0
BRDA:182,24,0,0
BRDA:182,24,1,0
BRDA:185,25,0,0
BRDA:185,25,1,0
BRDA:194,26,0,0
BRDA:194,26,1,0
BRDA:195,27,0,0
BRDA:195,27,1,0
BRDA:210,28,0,0
BRDA:210,28,1,0
BRDA:211,29,0,0
BRDA:211,29,1,0
BRDA:212,30,0,0
BRDA:212,30,1,0
BRDA:231,31,0,0
BRDA:231,31,1,0
BRDA:245,32,0,0
BRDA:245,32,1,0
BRDA:252,33,0,0
BRDA:252,33,1,0
BRDA:266,34,0,0
BRDA:266,34,1,0
BRDA:277,35,0,0
BRDA:277,35,1,0
BRDA:283,36,0,0
BRDA:283,36,1,0
BRDA:286,37,0,0
BRDA:286,37,1,0
BRDA:291,38,0,0
BRDA:291,38,1,0
BRDA:300,39,0,0
BRDA:300,39,1,0
BRDA:304,40,0,0
BRDA:304,40,1,0
BRDA:323,41,0,0
BRDA:323,41,1,0
BRDA:335,42,0,0
BRDA:335,42,1,0
BRDA:336,43,0,0
BRDA:336,43,1,0
BRDA:347,44,0,0
BRDA:347,44,1,0
BRDA:367,45,0,0
BRDA:367,45,1,0
BRDA:368,46,0,0
BRDA:368,46,1,0
BRDA:372,47,0,0
BRDA:372,47,1,0
BRDA:374,48,0,0
BRDA:374,48,1,0
BRDA:380,49,0,0
BRDA:380,49,1,0
BRDA:396,50,0,0
BRDA:396,50,1,0
BRDA:397,51,0,0
BRDA:397,51,1,0
BRDA:408,52,0,0
BRDA:408,52,1,0
BRDA:409,53,0,0
BRDA:409,53,1,0
BRDA:411,54,0,0
BRDA:411,54,1,0
BRDA:416,55,0,0
BRDA:416,55,1,0
BRDA:425,56,0,0
BRDA:425,56,1,0
BRDA:449,57,0,0
BRDA:449,57,1,0
BRDA:463,58,0,0
BRDA:463,58,1,0
BRDA:468,59,0,0
BRDA:468,59,1,0
BRDA:473,60,0,0
BRDA:473,60,1,0
BRDA:477,61,0,0
BRDA:477,61,1,0
BRDA:486,62,0,0
BRDA:486,62,1,0
BRDA:493,63,0,0
BRDA:493,63,1,0
BRDA:502,64,0,0
BRDA:502,64,1,0
BRDA:508,65,0,0
BRDA:508,65,1,0
BRDA:515,66,0,0
BRDA:515,66,1,0
BRDA:521,67,0,0
BRDA:521,67,1,0
BRDA:530,68,0,0
BRDA:530,68,1,0
BRDA:536,69,0,0
BRDA:536,69,1,0
BRDA:554,70,0,0
BRDA:554,70,1,0
BRDA:556,71,0,0
BRDA:556,71,1,0
BRDA:624,72,0,0
BRDA:624,72,1,0
BRF:148
BRH:0
end_of_record
TN:
SF:screens\FinancialScreen.js
FN:31,(anonymous_0)
FN:34,FinancialScreen
FN:43,(anonymous_2)
FN:47,(anonymous_3)
FN:61,(anonymous_4)
FN:64,(anonymous_5)
FN:76,(anonymous_6)
FN:81,(anonymous_7)
FN:82,(anonymous_8)
FN:128,(anonymous_9)
FN:143,(anonymous_10)
FN:146,(anonymous_11)
FN:166,(anonymous_12)
FN:169,(anonymous_13)
FN:197,(anonymous_14)
FN:211,(anonymous_15)
FN:252,(anonymous_16)
FN:263,DetailRow
FNF:18
FNH:0
FNDA:0,(anonymous_0)
FNDA:0,FinancialScreen
FNDA:0,(anonymous_2)
FNDA:0,(anonymous_3)
FNDA:0,(anonymous_4)
FNDA:0,(anonymous_5)
FNDA:0,(anonymous_6)
FNDA:0,(anonymous_7)
FNDA:0,(anonymous_8)
FNDA:0,(anonymous_9)
FNDA:0,(anonymous_10)
FNDA:0,(anonymous_11)
FNDA:0,(anonymous_12)
FNDA:0,(anonymous_13)
FNDA:0,(anonymous_14)
FNDA:0,(anonymous_15)
FNDA:0,(anonymous_16)
FNDA:0,DetailRow
DA:15,0
DA:20,0
DA:25,0
DA:31,0
DA:32,0
DA:35,0
DA:36,0
DA:37,0
DA:38,0
DA:39,0
DA:40,0
DA:41,0
DA:43,0
DA:44,0
DA:47,0
DA:48,0
DA:49,0
DA:50,0
DA:51,0
DA:52,0
DA:54,0
DA:55,0
DA:57,0
DA:61,0
DA:62,0
DA:64,0
DA:65,0
DA:67,0
DA:69,0
DA:71,0
DA:72,0
DA:73,0
DA:76,0
DA:77,0
DA:78,0
DA:81,0
DA:82,0
DA:103,0
DA:104,0
DA:112,0
DA:113,0
DA:123,0
DA:128,0
DA:144,0
DA:146,0
DA:167,0
DA:169,0
DA:198,0
DA:211,0
DA:252,0
DA:264,0
LF:51
LH:0
BRDA:32,0,0,0
BRDA:32,0,1,0
BRDA:32,0,2,0
BRDA:62,1,0,0
BRDA:62,1,1,0
BRDA:62,1,2,0
BRDA:67,2,0,0
BRDA:67,2,1,0
BRDA:69,3,0,0
BRDA:69,3,1,0
BRDA:71,4,0,0
BRDA:71,4,1,0
BRDA:71,5,0,0
BRDA:71,5,1,0
BRDA:72,6,0,0
BRDA:72,6,1,0
BRDA:72,7,0,0
BRDA:72,7,1,0
BRDA:85,8,0,0
BRDA:85,8,1,0
BRDA:93,9,0,0
BRDA:93,9,1,0
BRDA:98,10,0,0
BRDA:98,10,1,0
BRDA:103,11,0,0
BRDA:103,11,1,0
BRDA:112,12,0,0
BRDA:112,12,1,0
BRDA:149,13,0,0
BRDA:149,13,1,0
BRDA:155,14,0,0
BRDA:155,14,1,0
BRDA:172,15,0,0
BRDA:172,15,1,0
BRDA:178,16,0,0
BRDA:178,16,1,0
BRDA:190,17,0,0
BRDA:190,17,1,0
BRDA:198,18,0,0
BRDA:198,18,1,0
BRDA:216,19,0,0
BRDA:216,19,1,0
BRDA:221,20,0,0
BRDA:221,20,1,0
BRDA:232,21,0,0
BRDA:232,21,1,0
BRDA:237,22,0,0
BRDA:237,22,1,0
BRDA:246,23,0,0
BRDA:246,23,1,0
BRF:50
BRH:0
end_of_record
TN:
SF:screens\HomeScreen.js
FN:24,(anonymous_0)
FN:27,(anonymous_1)
FN:34,(anonymous_2)
FN:53,(anonymous_3)
FN:69,(anonymous_4)
FN:88,(anonymous_5)
FN:95,(anonymous_6)
FN:106,(anonymous_7)
FN:131,(anonymous_8)
FN:135,(anonymous_9)
FN:159,(anonymous_10)
FN:167,(anonymous_11)
FN:173,(anonymous_12)
FN:190,HomeScreen
FN:198,(anonymous_14)
FN:213,(anonymous_15)
FN:214,(anonymous_16)
FN:219,(anonymous_17)
FN:238,(anonymous_18)
FN:244,(anonymous_19)
FN:246,(anonymous_20)
FN:276,(anonymous_21)
FN:281,(anonymous_22)
FN:286,(anonymous_23)
FN:299,(anonymous_24)
FN:305,(anonymous_25)
FN:317,(anonymous_26)
FN:329,(anonymous_27)
FN:342,(anonymous_28)
FN:374,(anonymous_29)
FN:377,(anonymous_30)
FN:394,(anonymous_31)
FNF:32
FNH:0
FNDA:0,(anonymous_0)
FNDA:0,(anonymous_1)
FNDA:0,(anonymous_2)
FNDA:0,(anonymous_3)
FNDA:0,(anonymous_4)
FNDA:0,(anonymous_5)
FNDA:0,(anonymous_6)
FNDA:0,(anonymous_7)
FNDA:0,(anonymous_8)
FNDA:0,(anonymous_9)
FNDA:0,(anonymous_10)
FNDA:0,(anonymous_11)
FNDA:0,(anonymous_12)
FNDA:0,HomeScreen
FNDA:0,(anonymous_14)
FNDA:0,(anonymous_15)
FNDA:0,(anonymous_16)
FNDA:0,(anonymous_17)
FNDA:0,(anonymous_18)
FNDA:0,(anonymous_19)
FNDA:0,(anonymous_20)
FNDA:0,(anonymous_21)
FNDA:0,(anonymous_22)
FNDA:0,(anonymous_23)
FNDA:0,(anonymous_24)
FNDA:0,(anonymous_25)
FNDA:0,(anonymous_26)
FNDA:0,(anonymous_27)
FNDA:0,(anonymous_28)
FNDA:0,(anonymous_29)
FNDA:0,(anonymous_30)
FNDA:0,(anonymous_31)
DA:24,0
DA:27,0
DA:28,0
DA:34,0
DA:36,0
DA:38,0
DA:39,0
DA:40,0
DA:42,0
DA:43,0
DA:44,0
DA:45,0
DA:47,0
DA:53,0
DA:54,0
DA:57,0
DA:60,0
DA:63,0
DA:65,0
DA:69,0
DA:70,0
DA:74,0
DA:75,0
DA:76,0
DA:77,0
DA:82,0
DA:83,0
DA:84,0
DA:85,0
DA:88,0
DA:89,0
DA:90,0
DA:91,0
DA:92,0
DA:95,0
DA:96,0
DA:97,0
DA:103,0
DA:106,0
DA:107,0
DA:108,0
DA:109,0
DA:110,0
DA:112,0
DA:113,0
DA:114,0
DA:117,0
DA:123,0
DA:128,0
DA:131,0
DA:132,0
DA:135,0
DA:136,0
DA:138,0
DA:141,0
DA:143,0
DA:159,0
DA:160,0
DA:167,0
DA:168,0
DA:170,0
DA:173,0
DA:191,0
DA:192,0
DA:193,0
DA:194,0
DA:195,0
DA:196,0
DA:198,0
DA:199,0
DA:200,0
DA:201,0
DA:202,0
DA:203,0
DA:204,0
DA:205,0
DA:206,0
DA:209,0
DA:210,0
DA:211,0
DA:213,0
DA:214,0
DA:216,0
DA:217,0
DA:219,0
DA:220,0
DA:221,0
DA:222,0
DA:225,0
DA:227,0
DA:228,0
DA:229,0
DA:230,0
DA:232,0
DA:233,0
DA:237,0
DA:239,0
DA:240,0
DA:244,0
DA:246,0
DA:247,0
DA:248,0
DA:249,0
DA:250,0
DA:251,0
DA:252,0
DA:253,0
DA:255,0
DA:256,0
DA:257,0
DA:263,0
DA:265,0
DA:268,0
DA:274,0
DA:275,0
DA:276,0
DA:277,0
DA:281,0
DA:282,0
DA:283,0
DA:286,0
DA:287,0
DA:288,0
DA:289,0
DA:291,0
DA:299,0
DA:300,0
DA:305,0
DA:317,0
DA:329,0
DA:342,0
DA:362,0
DA:375,0
DA:378,0
DA:394,0
LF:135
LH:0
BRDA:28,0,0,0
BRDA:28,0,1,0
BRDA:28,0,2,0
BRDA:28,0,3,0
BRDA:28,0,4,0
BRDA:36,1,0,0
BRDA:36,1,1,0
BRDA:36,1,2,0
BRDA:36,1,3,0
BRDA:38,2,0,0
BRDA:38,2,1,0
BRDA:38,2,2,0
BRDA:38,2,3,0
BRDA:39,3,0,0
BRDA:39,3,1,0
BRDA:39,4,0,0
BRDA:39,4,1,0
BRDA:42,5,0,0
BRDA:42,5,1,0
BRDA:42,5,2,0
BRDA:43,6,0,0
BRDA:43,6,1,0
BRDA:48,7,0,0
BRDA:48,7,1,0
BRDA:48,7,2,0
BRDA:49,8,0,0
BRDA:49,8,1,0
BRDA:54,9,0,0
BRDA:54,9,1,0
BRDA:54,9,2,0
BRDA:54,9,3,0
BRDA:54,9,4,0
BRDA:54,9,5,0
BRDA:54,9,6,0
BRDA:65,10,0,0
BRDA:65,10,1,0
BRDA:70,11,0,0
BRDA:70,11,1,0
BRDA:70,11,2,0
BRDA:74,12,0,0
BRDA:74,12,1,0
BRDA:74,13,0,0
BRDA:74,13,1,0
BRDA:76,14,0,0
BRDA:76,14,1,0
BRDA:77,15,0,0
BRDA:77,15,1,0
BRDA:78,16,0,0
BRDA:78,16,1,0
BRDA:78,16,2,0
BRDA:83,17,0,0
BRDA:83,17,1,0
BRDA:89,18,0,0
BRDA:89,18,1,0
BRDA:89,18,2,0
BRDA:91,19,0,0
BRDA:91,19,1,0
BRDA:98,20,0,0
BRDA:98,20,1,0
BRDA:98,20,2,0
BRDA:98,20,3,0
BRDA:103,21,0,0
BRDA:103,21,1,0
BRDA:107,22,0,0
BRDA:107,22,1,0
BRDA:107,22,2,0
BRDA:109,23,0,0
BRDA:109,23,1,0
BRDA:117,24,0,0
BRDA:117,24,1,0
BRDA:119,25,0,0
BRDA:119,25,1,0
BRDA:128,26,0,0
BRDA:128,26,1,0
BRDA:132,27,0,0
BRDA:132,27,1,0
BRDA:132,28,0,0
BRDA:132,28,1,0
BRDA:138,29,0,0
BRDA:138,29,1,0
BRDA:138,30,0,0
BRDA:138,30,1,0
BRDA:140,31,0,0
BRDA:140,31,1,0
BRDA:141,32,0,0
BRDA:141,32,1,0
BRDA:168,33,0,0
BRDA:168,33,1,0
BRDA:181,34,0,0
BRDA:181,34,1,0
BRDA:191,35,0,0
BRDA:191,35,1,0
BRDA:199,36,0,0
BRDA:199,36,1,0
BRDA:200,37,0,0
BRDA:200,37,1,0
BRDA:220,38,0,0
BRDA:220,38,1,0
BRDA:220,38,2,0
BRDA:220,38,3,0
BRDA:221,39,0,0
BRDA:221,39,1,0
BRDA:221,39,2,0
BRDA:221,39,3,0
BRDA:247,40,0,0
BRDA:247,40,1,0
BRDA:248,41,0,0
BRDA:248,41,1,0
BRDA:251,42,0,0
BRDA:251,42,1,0
BRDA:253,43,0,0
BRDA:253,43,1,0
BRDA:259,44,0,0
BRDA:259,44,1,0
BRDA:287,45,0,0
BRDA:287,45,1,0
BRDA:293,46,0,0
BRDA:293,46,1,0
BRDA:367,47,0,0
BRDA:367,47,1,0
BRDA:367,48,0,0
BRDA:367,48,1,0
BRDA:375,49,0,0
BRDA:375,49,1,0
BRDA:375,49,2,0
BRF:125
BRH:0
end_of_record
TN:
SF:screens\InventoryScreen.js
FN:23,(anonymous_0)
FN:35,(anonymous_1)
FN:43,(anonymous_2)
FN:59,(anonymous_3)
FN:59,(anonymous_4)
FN:60,(anonymous_5)
FN:61,(anonymous_6)
FN:64,(anonymous_7)
FN:181,(anonymous_8)
FN:206,(anonymous_9)
FN:213,(anonymous_10)
FN:224,InventoryScreen
FN:233,(anonymous_12)
FN:245,(anonymous_13)
FN:247,(anonymous_14)
FN:249,(anonymous_15)
FN:250,(anonymous_16)
FN:252,(anonymous_17)
FN:255,(anonymous_18)
FN:255,(anonymous_19)
FN:258,(anonymous_20)
FN:262,(anonymous_21)
FN:271,(anonymous_22)
FN:274,(anonymous_23)
FN:274,(anonymous_24)
FN:285,(anonymous_25)
FN:295,(anonymous_26)
FN:296,(anonymous_27)
FN:297,(anonymous_28)
FN:307,(anonymous_29)
FN:318,(anonymous_30)
FN:370,(anonymous_31)
FN:388,(anonymous_32)
FN:392,(anonymous_33)
FN:405,(anonymous_34)
FN:415,(anonymous_35)
FNF:36
FNH:0
FNDA:0,(anonymous_0)
FNDA:0,(anonymous_1)
FNDA:0,(anonymous_2)
FNDA:0,(anonymous_3)
FNDA:0,(anonymous_4)
FNDA:0,(anonymous_5)
FNDA:0,(anonymous_6)
FNDA:0,(anonymous_7)
FNDA:0,(anonymous_8)
FNDA:0,(anonymous_9)
FNDA:0,(anonymous_10)
FNDA:0,InventoryScreen
FNDA:0,(anonymous_12)
FNDA:0,(anonymous_13)
FNDA:0,(anonymous_14)
FNDA:0,(anonymous_15)
FNDA:0,(anonymous_16)
FNDA:0,(anonymous_17)
FNDA:0,(anonymous_18)
FNDA:0,(anonymous_19)
FNDA:0,(anonymous_20)
FNDA:0,(anonymous_21)
FNDA:0,(anonymous_22)
FNDA:0,(anonymous_23)
FNDA:0,(anonymous_24)
FNDA:0,(anonymous_25)
FNDA:0,(anonymous_26)
FNDA:0,(anonymous_27)
FNDA:0,(anonymous_28)
FNDA:0,(anonymous_29)
FNDA:0,(anonymous_30)
FNDA:0,(anonymous_31)
FNDA:0,(anonymous_32)
FNDA:0,(anonymous_33)
FNDA:0,(anonymous_34)
FNDA:0,(anonymous_35)
DA:23,0
DA:24,0
DA:25,0
DA:26,0
DA:27,0
DA:28,0
DA:29,0
DA:30,0
DA:31,0
DA:35,0
DA:36,0
DA:37,0
DA:39,0
DA:40,0
DA:41,0
DA:43,0
DA:44,0
DA:45,0
DA:55,0
DA:59,0
DA:60,0
DA:61,0
DA:64,0
DA:65,0
DA:66,0
DA:68,0
DA:69,0
DA:70,0
DA:76,0
DA:77,0
DA:79,0
DA:81,0
DA:85,0
DA:181,0
DA:182,0
DA:183,0
DA:185,0
DA:206,0
DA:213,0
DA:225,0
DA:226,0
DA:227,0
DA:228,0
DA:229,0
DA:230,0
DA:231,0
DA:233,0
DA:234,0
DA:235,0
DA:236,0
DA:238,0
DA:240,0
DA:241,0
DA:245,0
DA:247,0
DA:249,0
DA:250,0
DA:252,0
DA:253,0
DA:254,0
DA:255,0
DA:257,0
DA:258,0
DA:262,0
DA:263,0
DA:272,0
DA:273,0
DA:274,0
DA:276,0
DA:285,0
DA:286,0
DA:288,0
DA:292,0
DA:295,0
DA:296,0
DA:297,0
DA:299,0
DA:307,0
DA:318,0
DA:370,0
DA:389,0
DA:392,0
DA:405,0
DA:415,0
DA:424,0
DA:435,0
LF:86
LH:0
BRDA:25,0,0,0
BRDA:25,0,1,0
BRDA:27,1,0,0
BRDA:27,1,1,0
BRDA:27,2,0,0
BRDA:27,2,1,0
BRDA:27,2,2,0
BRDA:29,3,0,0
BRDA:29,3,1,0
BRDA:29,4,0,0
BRDA:29,4,1,0
BRDA:29,4,2,0
BRDA:29,4,3,0
BRDA:44,5,0,0
BRDA:44,5,1,0
BRDA:46,6,0,0
BRDA:46,6,1,0
BRDA:48,7,0,0
BRDA:48,7,1,0
BRDA:49,8,0,0
BRDA:49,8,1,0
BRDA:50,9,0,0
BRDA:50,9,1,0
BRDA:51,10,0,0
BRDA:51,10,1,0
BRDA:61,11,0,0
BRDA:61,11,1,0
BRDA:66,12,0,0
BRDA:66,12,1,0
BRDA:76,13,0,0
BRDA:76,13,1,0
BRDA:79,14,0,0
BRDA:79,14,1,0
BRDA:89,15,0,0
BRDA:89,15,1,0
BRDA:95,16,0,0
BRDA:95,16,1,0
BRDA:109,17,0,0
BRDA:109,17,1,0
BRDA:117,18,0,0
BRDA:117,18,1,0
BRDA:136,19,0,0
BRDA:136,19,1,0
BRDA:143,20,0,0
BRDA:143,20,1,0
BRDA:148,21,0,0
BRDA:148,21,1,0
BRDA:155,22,0,0
BRDA:155,22,1,0
BRDA:161,23,0,0
BRDA:161,23,1,0
BRDA:166,24,0,0
BRDA:166,24,1,0
BRDA:168,25,0,0
BRDA:168,25,1,0
BRDA:183,26,0,0
BRDA:183,26,1,0
BRDA:183,27,0,0
BRDA:183,27,1,0
BRDA:189,28,0,0
BRDA:189,28,1,0
BRDA:197,29,0,0
BRDA:197,29,1,0
BRDA:236,30,0,0
BRDA:236,30,1,0
BRDA:253,31,0,0
BRDA:253,31,1,0
BRDA:255,32,0,0
BRDA:255,32,1,0
BRDA:276,33,0,0
BRDA:276,33,1,0
BRDA:288,34,0,0
BRDA:288,34,1,0
BRDA:289,35,0,0
BRDA:289,35,1,0
BRDA:290,36,0,0
BRDA:290,36,1,0
BRDA:290,37,0,0
BRDA:290,37,1,0
BRDA:291,38,0,0
BRDA:291,38,1,0
BRDA:292,39,0,0
BRDA:292,39,1,0
BRDA:296,40,0,0
BRDA:296,40,1,0
BRDA:323,41,0,0
BRDA:323,41,1,0
BRDA:369,42,0,0
BRDA:369,42,1,0
BRDA:391,43,0,0
BRDA:391,43,1,0
BRDA:395,44,0,0
BRDA:395,44,1,0
BRDA:545,45,0,0
BRDA:545,45,1,0
BRF:95
BRH:0
end_of_record
TN:
SF:screens\LoginScreen.js
FN:8,LoginScreen
FN:15,(anonymous_1)
FN:16,(anonymous_2)
FN:24,(anonymous_3)
FN:78,(anonymous_4)
FNF:5
FNH:0
FNDA:0,LoginScreen
FNDA:0,(anonymous_1)
FNDA:0,(anonymous_2)
FNDA:0,(anonymous_3)
FNDA:0,(anonymous_4)
DA:9,0
DA:10,0
DA:11,0
DA:12,0
DA:14,0
DA:16,0
DA:17,0
DA:18,0
DA:19,0
DA:24,0
DA:25,0
DA:26,0
DA:27,0
DA:28,0
DA:29,0
DA:32,0
DA:33,0
DA:35,0
DA:37,0
DA:42,0
DA:46,0
DA:51,0
DA:55,0
DA:78,0
LF:24
LH:0
BRDA:27,0,0,0
BRDA:27,0,1,0
BRDA:27,1,0,0
BRDA:27,1,1,0
BRDA:27,1,2,0
BRDA:37,2,0,0
BRDA:37,2,1,0
BRDA:37,2,2,0
BRDA:37,2,3,0
BRDA:40,3,0,0
BRDA:40,3,1,0
BRDA:40,3,2,0
BRDA:42,4,0,0
BRDA:42,4,1,0
BRDA:42,4,2,0
BRDA:47,5,0,0
BRDA:47,5,1,0
BRDA:47,6,0,0
BRDA:47,6,1,0
BRDA:51,7,0,0
BRDA:51,7,1,0
BRDA:62,8,0,0
BRDA:62,8,1,0
BRDA:70,9,0,0
BRDA:70,9,1,0
BRDA:82,10,0,0
BRDA:82,10,1,0
BRDA:88,11,0,0
BRDA:88,11,1,0
BRF:29
BRH:0
end_of_record
TN:
SF:screens\ManagerHome.js
FN:42,(anonymous_0)
FN:69,(anonymous_1)
FN:92,(anonymous_2)
FN:104,(anonymous_3)
FN:109,(anonymous_4)
FN:122,(anonymous_5)
FN:122,(anonymous_6)
FN:122,(anonymous_7)
FN:124,(anonymous_8)
FN:141,(anonymous_9)
FN:143,(anonymous_10)
FN:232,(anonymous_11)
FN:242,(anonymous_12)
FN:273,(anonymous_13)
FN:295,(anonymous_14)
FN:303,(anonymous_15)
FN:315,(anonymous_16)
FN:327,ManagerHomeScreen
FN:336,(anonymous_18)
FN:348,(anonymous_19)
FN:350,(anonymous_20)
FN:355,(anonymous_21)
FN:357,(anonymous_22)
FN:358,(anonymous_23)
FN:362,(anonymous_24)
FN:373,(anonymous_25)
FN:376,(anonymous_26)
FN:377,(anonymous_27)
FN:388,(anonymous_28)
FN:399,(anonymous_29)
FN:400,(anonymous_30)
FN:405,(anonymous_31)
FN:409,(anonymous_32)
FN:427,(anonymous_33)
FN:442,(anonymous_34)
FN:447,(anonymous_35)
FN:451,(anonymous_36)
FN:467,(anonymous_37)
FN:475,(anonymous_38)
FN:504,(anonymous_39)
FN:505,(anonymous_40)
FN:524,(anonymous_41)
FN:533,(anonymous_42)
FN:543,(anonymous_43)
FNF:44
FNH:0
FNDA:0,(anonymous_0)
FNDA:0,(anonymous_1)
FNDA:0,(anonymous_2)
FNDA:0,(anonymous_3)
FNDA:0,(anonymous_4)
FNDA:0,(anonymous_5)
FNDA:0,(anonymous_6)
FNDA:0,(anonymous_7)
FNDA:0,(anonymous_8)
FNDA:0,(anonymous_9)
FNDA:0,(anonymous_10)
FNDA:0,(anonymous_11)
FNDA:0,(anonymous_12)
FNDA:0,(anonymous_13)
FNDA:0,(anonymous_14)
FNDA:0,(anonymous_15)
FNDA:0,(anonymous_16)
FNDA:0,ManagerHomeScreen
FNDA:0,(anonymous_18)
FNDA:0,(anonymous_19)
FNDA:0,(anonymous_20)
FNDA:0,(anonymous_21)
FNDA:0,(anonymous_22)
FNDA:0,(anonymous_23)
FNDA:0,(anonymous_24)
FNDA:0,(anonymous_25)
FNDA:0,(anonymous_26)
FNDA:0,(anonymous_27)
FNDA:0,(anonymous_28)
FNDA:0,(anonymous_29)
FNDA:0,(anonymous_30)
FNDA:0,(anonymous_31)
FNDA:0,(anonymous_32)
FNDA:0,(anonymous_33)
FNDA:0,(anonymous_34)
FNDA:0,(anonymous_35)
FNDA:0,(anonymous_36)
FNDA:0,(anonymous_37)
FNDA:0,(anonymous_38)
FNDA:0,(anonymous_39)
FNDA:0,(anonymous_40)
FNDA:0,(anonymous_41)
FNDA:0,(anonymous_42)
FNDA:0,(anonymous_43)
DA:23,0
DA:25,0
DA:31,0
DA:38,0
DA:39,0
DA:40,0
DA:42,0
DA:43,0
DA:44,0
DA:45,0
DA:46,0
DA:47,0
DA:49,0
DA:50,0
DA:51,0
DA:52,0
DA:54,0
DA:55,0
DA:56,0
DA:57,0
DA:59,0
DA:60,0
DA:61,0
DA:62,0
DA:64,0
DA:65,0
DA:69,0
DA:70,0
DA:71,0
DA:72,0
DA:76,0
DA:92,0
DA:93,0
DA:94,0
DA:95,0
DA:104,0
DA:105,0
DA:106,0
DA:107,0
DA:109,0
DA:110,0
DA:111,0
DA:118,0
DA:122,0
DA:124,0
DA:125,0
DA:126,0
DA:127,0
DA:128,0
DA:129,0
DA:136,0
DA:137,0
DA:139,0
DA:141,0
DA:142,0
DA:143,0
DA:145,0
DA:148,0
DA:152,0
DA:233,0
DA:234,0
DA:235,0
DA:242,0
DA:273,0
DA:274,0
DA:275,0
DA:276,0
DA:277,0
DA:279,0
DA:295,0
DA:303,0
DA:315,0
DA:316,0
DA:317,0
DA:318,0
DA:328,0
DA:329,0
DA:330,0
DA:331,0
DA:332,0
DA:333,0
DA:334,0
DA:336,0
DA:337,0
DA:338,0
DA:339,0
DA:340,0
DA:342,0
DA:344,0
DA:348,0
DA:350,0
DA:351,0
DA:352,0
DA:355,0
DA:356,0
DA:357,0
DA:358,0
DA:362,0
DA:363,0
DA:364,0
DA:365,0
DA:374,0
DA:375,0
DA:376,0
DA:377,0
DA:380,0
DA:388,0
DA:389,0
DA:395,0
DA:399,0
DA:400,0
DA:401,0
DA:405,0
DA:406,0
DA:410,0
DA:427,0
DA:442,0
DA:448,0
DA:451,0
DA:467,0
DA:475,0
DA:492,0
DA:504,0
DA:506,0
DA:524,0
DA:533,0
DA:543,0
LF:127
LH:0
BRDA:44,0,0,0
BRDA:44,0,1,0
BRDA:46,1,0,0
BRDA:46,1,1,0
BRDA:49,2,0,0
BRDA:49,2,1,0
BRDA:51,3,0,0
BRDA:51,3,1,0
BRDA:54,4,0,0
BRDA:54,4,1,0
BRDA:56,5,0,0
BRDA:56,5,1,0
BRDA:59,6,0,0
BRDA:59,6,1,0
BRDA:61,7,0,0
BRDA:61,7,1,0
BRDA:64,8,0,0
BRDA:64,8,1,0
BRDA:70,9,0,0
BRDA:70,9,1,0
BRDA:70,9,2,0
BRDA:70,9,3,0
BRDA:71,10,0,0
BRDA:71,10,1,0
BRDA:71,10,2,0
BRDA:71,10,3,0
BRDA:72,11,0,0
BRDA:72,11,1,0
BRDA:72,12,0,0
BRDA:72,12,1,0
BRDA:74,13,0,0
BRDA:74,13,1,0
BRDA:93,14,0,0
BRDA:93,14,1,0
BRDA:94,15,0,0
BRDA:94,15,1,0
BRDA:110,16,0,0
BRDA:110,16,1,0
BRDA:110,17,0,0
BRDA:110,17,1,0
BRDA:112,18,0,0
BRDA:112,18,1,0
BRDA:112,18,2,0
BRDA:113,19,0,0
BRDA:113,19,1,0
BRDA:113,19,2,0
BRDA:114,20,0,0
BRDA:114,20,1,0
BRDA:115,21,0,0
BRDA:115,21,1,0
BRDA:116,22,0,0
BRDA:116,22,1,0
BRDA:126,23,0,0
BRDA:126,23,1,0
BRDA:136,24,0,0
BRDA:136,24,1,0
BRDA:139,25,0,0
BRDA:139,25,1,0
BRDA:139,26,0,0
BRDA:139,26,1,0
BRDA:142,27,0,0
BRDA:142,27,1,0
BRDA:145,28,0,0
BRDA:145,28,1,0
BRDA:156,29,0,0
BRDA:156,29,1,0
BRDA:177,30,0,0
BRDA:177,30,1,0
BRDA:185,31,0,0
BRDA:185,31,1,0
BRDA:190,32,0,0
BRDA:190,32,1,0
BRDA:198,33,0,0
BRDA:198,33,1,0
BRDA:205,34,0,0
BRDA:205,34,1,0
BRDA:213,35,0,0
BRDA:213,35,1,0
BRDA:218,36,0,0
BRDA:218,36,1,0
BRDA:227,37,0,0
BRDA:227,37,1,0
BRDA:240,38,0,0
BRDA:240,38,1,0
BRDA:245,39,0,0
BRDA:245,39,1,0
BRDA:252,40,0,0
BRDA:252,40,1,0
BRDA:255,41,0,0
BRDA:255,41,1,0
BRDA:260,42,0,0
BRDA:260,42,1,0
BRDA:274,43,0,0
BRDA:274,43,1,0
BRDA:274,43,2,0
BRDA:275,44,0,0
BRDA:275,44,1,0
BRDA:275,44,2,0
BRDA:276,45,0,0
BRDA:276,45,1,0
BRDA:276,46,0,0
BRDA:276,46,1,0
BRDA:277,47,0,0
BRDA:277,47,1,0
BRDA:283,48,0,0
BRDA:283,48,1,0
BRDA:316,49,0,0
BRDA:316,49,1,0
BRDA:317,50,0,0
BRDA:317,50,1,0
BRDA:328,51,0,0
BRDA:328,51,1,0
BRDA:340,52,0,0
BRDA:340,52,1,0
BRDA:358,53,0,0
BRDA:358,53,1,0
BRDA:358,54,0,0
BRDA:358,54,1,0
BRDA:363,55,0,0
BRDA:363,55,1,0
BRDA:363,55,2,0
BRDA:364,56,0,0
BRDA:364,56,1,0
BRDA:364,56,2,0
BRDA:375,57,0,0
BRDA:375,57,1,0
BRDA:377,58,0,0
BRDA:377,58,1,0
BRDA:377,59,0,0
BRDA:377,59,1,0
BRDA:380,60,0,0
BRDA:380,60,1,0
BRDA:390,61,0,0
BRDA:390,61,1,0
BRDA:390,61,2,0
BRDA:391,62,0,0
BRDA:391,62,1,0
BRDA:391,62,2,0
BRDA:392,63,0,0
BRDA:392,63,1,0
BRDA:393,64,0,0
BRDA:393,64,1,0
BRDA:395,65,0,0
BRDA:395,65,1,0
BRDA:395,65,2,0
BRDA:410,66,0,0
BRDA:410,66,1,0
BRDA:426,67,0,0
BRDA:426,67,1,0
BRDA:441,68,0,0
BRDA:441,68,1,0
BRDA:450,69,0,0
BRDA:450,69,1,0
BRDA:451,70,0,0
BRDA:451,70,1,0
BRDA:455,71,0,0
BRDA:455,71,1,0
BRDA:497,72,0,0
BRDA:497,72,1,0
BRDA:504,73,0,0
BRDA:504,73,1,0
BRDA:511,74,0,0
BRDA:511,74,1,0
BRDA:511,75,0,0
BRDA:511,75,1,0
BRF:165
BRH:0
end_of_record
TN:
SF:screens\ServiceOrderScreen.js
FN:23,(anonymous_0)
FN:43,(anonymous_1)
FN:50,(anonymous_2)
FN:66,(anonymous_3)
FN:87,(anonymous_4)
FN:111,ServiceOrderScreen
FN:123,(anonymous_6)
FN:133,(anonymous_7)
FN:144,(anonymous_8)
FN:157,(anonymous_9)
FN:167,(anonymous_10)
FN:172,(anonymous_11)
FN:176,(anonymous_12)
FN:180,(anonymous_13)
FN:215,(anonymous_14)
FN:228,(anonymous_15)
FN:244,(anonymous_16)
FN:256,(anonymous_17)
FN:265,(anonymous_18)
FN:269,(anonymous_19)
FN:273,(anonymous_20)
FN:278,(anonymous_21)
FN:284,(anonymous_22)
FN:301,(anonymous_23)
FN:326,(anonymous_24)
FN:349,(anonymous_25)
FN:352,(anonymous_26)
FN:371,(anonymous_27)
FN:374,(anonymous_28)
FN:393,(anonymous_29)
FN:396,(anonymous_30)
FN:440,(anonymous_31)
FN:445,(anonymous_32)
FN:448,(anonymous_33)
FNF:34
FNH:0
FNDA:0,(anonymous_0)
FNDA:0,(anonymous_1)
FNDA:0,(anonymous_2)
FNDA:0,(anonymous_3)
FNDA:0,(anonymous_4)
FNDA:0,ServiceOrderScreen
FNDA:0,(anonymous_6)
FNDA:0,(anonymous_7)
FNDA:0,(anonymous_8)
FNDA:0,(anonymous_9)
FNDA:0,(anonymous_10)
FNDA:0,(anonymous_11)
FNDA:0,(anonymous_12)
FNDA:0,(anonymous_13)
FNDA:0,(anonymous_14)
FNDA:0,(anonymous_15)
FNDA:0,(anonymous_16)
FNDA:0,(anonymous_17)
FNDA:0,(anonymous_18)
FNDA:0,(anonymous_19)
FNDA:0,(anonymous_20)
FNDA:0,(anonymous_21)
FNDA:0,(anonymous_22)
FNDA:0,(anonymous_23)
FNDA:0,(anonymous_24)
FNDA:0,(anonymous_25)
FNDA:0,(anonymous_26)
FNDA:0,(anonymous_27)
FNDA:0,(anonymous_28)
FNDA:0,(anonymous_29)
FNDA:0,(anonymous_30)
FNDA:0,(anonymous_31)
FNDA:0,(anonymous_32)
FNDA:0,(anonymous_33)
DA:23,0
DA:25,0
DA:31,0
DA:38,0
DA:43,0
DA:44,0
DA:50,0
DA:51,0
DA:54,0
DA:57,0
DA:60,0
DA:62,0
DA:66,0
DA:67,0
DA:68,0
DA:69,0
DA:70,0
DA:71,0
DA:72,0
DA:77,0
DA:78,0
DA:83,0
DA:84,0
DA:87,0
DA:88,0
DA:89,0
DA:90,0
DA:91,0
DA:92,0
DA:94,0
DA:112,0
DA:113,0
DA:114,0
DA:115,0
DA:116,0
DA:117,0
DA:118,0
DA:119,0
DA:120,0
DA:121,0
DA:123,0
DA:124,0
DA:125,0
DA:126,0
DA:128,0
DA:129,0
DA:133,0
DA:134,0
DA:135,0
DA:136,0
DA:137,0
DA:138,0
DA:139,0
DA:140,0
DA:143,0
DA:144,0
DA:145,0
DA:146,0
DA:148,0
DA:149,0
DA:151,0
DA:152,0
DA:156,0
DA:158,0
DA:159,0
DA:160,0
DA:162,0
DA:167,0
DA:168,0
DA:169,0
DA:172,0
DA:173,0
DA:176,0
DA:177,0
DA:178,0
DA:180,0
DA:181,0
DA:190,0
DA:209,0
DA:210,0
DA:216,0
DA:217,0
DA:218,0
DA:219,0
DA:221,0
DA:222,0
DA:229,0
DA:235,0
DA:239,0
DA:245,0
DA:246,0
DA:247,0
DA:249,0
DA:250,0
DA:257,0
DA:265,0
DA:266,0
DA:267,0
DA:268,0
DA:269,0
DA:272,0
DA:273,0
DA:274,0
DA:275,0
DA:277,0
DA:278,0
DA:283,0
DA:285,0
DA:286,0
DA:287,0
DA:290,0
DA:293,0
DA:296,0
DA:297,0
DA:299,0
DA:302,0
DA:305,0
DA:308,0
DA:319,0
DA:326,0
DA:350,0
DA:352,0
DA:372,0
DA:374,0
DA:394,0
DA:396,0
DA:441,0
DA:446,0
DA:448,0
LF:129
LH:0
BRDA:44,0,0,0
BRDA:44,0,1,0
BRDA:44,0,2,0
BRDA:44,0,3,0
BRDA:44,0,4,0
BRDA:51,1,0,0
BRDA:51,1,1,0
BRDA:51,1,2,0
BRDA:51,1,3,0
BRDA:51,1,4,0
BRDA:51,1,5,0
BRDA:51,1,6,0
BRDA:62,2,0,0
BRDA:62,2,1,0
BRDA:67,3,0,0
BRDA:67,3,1,0
BRDA:67,3,2,0
BRDA:69,4,0,0
BRDA:69,4,1,0
BRDA:69,5,0,0
BRDA:69,5,1,0
BRDA:71,6,0,0
BRDA:71,6,1,0
BRDA:72,7,0,0
BRDA:72,7,1,0
BRDA:73,8,0,0
BRDA:73,8,1,0
BRDA:73,8,2,0
BRDA:78,9,0,0
BRDA:78,9,1,0
BRDA:79,10,0,0
BRDA:79,10,1,0
BRDA:79,10,2,0
BRDA:89,11,0,0
BRDA:89,11,1,0
BRDA:91,12,0,0
BRDA:91,12,1,0
BRDA:91,12,2,0
BRDA:92,13,0,0
BRDA:92,13,1,0
BRDA:92,13,2,0
BRDA:92,13,3,0
BRDA:98,14,0,0
BRDA:98,14,1,0
BRDA:112,15,0,0
BRDA:112,15,1,0
BRDA:135,16,0,0
BRDA:135,16,1,0
BRDA:136,17,0,0
BRDA:136,17,1,0
BRDA:158,18,0,0
BRDA:158,18,1,0
BRDA:159,19,0,0
BRDA:159,19,1,0
BRDA:177,20,0,0
BRDA:177,20,1,0
BRDA:180,21,0,0
BRDA:191,22,0,0
BRDA:191,22,1,0
BRDA:194,23,0,0
BRDA:194,23,1,0
BRDA:194,23,2,0
BRDA:194,23,3,0
BRDA:194,23,4,0
BRDA:199,24,0,0
BRDA:199,24,1,0
BRDA:200,25,0,0
BRDA:200,25,1,0
BRDA:200,25,2,0
BRDA:201,26,0,0
BRDA:201,26,1,0
BRDA:201,26,2,0
BRDA:202,27,0,0
BRDA:202,27,1,0
BRDA:203,28,0,0
BRDA:203,28,1,0
BRDA:203,28,2,0
BRDA:203,28,3,0
BRDA:209,29,0,0
BRDA:209,29,1,0
BRDA:217,30,0,0
BRDA:217,30,1,0
BRDA:269,31,0,0
BRDA:269,31,1,0
BRDA:272,32,0,0
BRDA:272,32,1,0
BRDA:274,33,0,0
BRDA:274,33,1,0
BRDA:287,34,0,0
BRDA:287,34,1,0
BRDA:287,34,2,0
BRDA:290,35,0,0
BRDA:290,35,1,0
BRDA:290,35,2,0
BRDA:296,36,0,0
BRDA:296,36,1,0
BRDA:297,37,0,0
BRDA:297,37,1,0
BRDA:299,38,0,0
BRDA:299,38,1,0
BRDA:303,39,0,0
BRDA:303,39,1,0
BRDA:303,39,2,0
BRDA:303,39,3,0
BRDA:306,40,0,0
BRDA:306,40,1,0
BRDA:306,40,2,0
BRDA:306,40,3,0
BRDA:308,41,0,0
BRDA:308,41,1,0
BRDA:355,42,0,0
BRDA:355,42,1,0
BRDA:361,43,0,0
BRDA:361,43,1,0
BRDA:377,44,0,0
BRDA:377,44,1,0
BRDA:383,45,0,0
BRDA:383,45,1,0
BRDA:399,46,0,0
BRDA:399,46,1,0
BRDA:405,47,0,0
BRDA:405,47,1,0
BRDA:416,48,0,0
BRDA:416,48,1,0
BRDA:426,49,0,0
BRDA:426,49,1,0
BRDA:430,50,0,0
BRDA:430,50,1,0
BRDA:441,51,0,0
BRDA:441,51,1,0
BRDA:442,52,0,0
BRDA:442,52,1,0
BRDA:442,52,2,0
BRDA:443,53,0,0
BRDA:443,53,1,0
BRDA:443,53,2,0
BRDA:459,54,0,0
BRDA:459,54,1,0
BRF:138
BRH:0
end_of_record
TN:
SF:screens\WarehouseHome.js
FN:35,(anonymous_0)
FN:41,(anonymous_1)
FN:44,(anonymous_2)
FN:47,(anonymous_3)
FN:50,(anonymous_4)
FN:57,(anonymous_5)
FN:64,(anonymous_6)
FN:70,(anonymous_7)
FN:97,(anonymous_8)
FN:109,WarehouseHome
FN:120,(anonymous_10)
FN:132,(anonymous_11)
FN:134,(anonymous_12)
FN:137,(anonymous_13)
FN:138,(anonymous_14)
FN:141,(anonymous_15)
FN:145,(anonymous_16)
FN:153,(anonymous_17)
FN:155,(anonymous_18)
FN:158,(anonymous_19)
FN:160,(anonymous_20)
FN:165,(anonymous_21)
FN:183,(anonymous_22)
FN:202,(anonymous_23)
FN:206,(anonymous_24)
FN:215,(anonymous_25)
FN:219,(anonymous_26)
FN:269,(anonymous_27)
FN:270,(anonymous_28)
FN:293,(anonymous_29)
FN:304,(anonymous_30)
FN:315,(anonymous_31)
FN:321,(anonymous_32)
FN:333,(anonymous_33)
FNF:34
FNH:0
FNDA:0,(anonymous_0)
FNDA:0,(anonymous_1)
FNDA:0,(anonymous_2)
FNDA:0,(anonymous_3)
FNDA:0,(anonymous_4)
FNDA:0,(anonymous_5)
FNDA:0,(anonymous_6)
FNDA:0,(anonymous_7)
FNDA:0,(anonymous_8)
FNDA:0,WarehouseHome
FNDA:0,(anonymous_10)
FNDA:0,(anonymous_11)
FNDA:0,(anonymous_12)
FNDA:0,(anonymous_13)
FNDA:0,(anonymous_14)
FNDA:0,(anonymous_15)
FNDA:0,(anonymous_16)
FNDA:0,(anonymous_17)
FNDA:0,(anonymous_18)
FNDA:0,(anonymous_19)
FNDA:0,(anonymous_20)
FNDA:0,(anonymous_21)
FNDA:0,(anonymous_22)
FNDA:0,(anonymous_23)
FNDA:0,(anonymous_24)
FNDA:0,(anonymous_25)
FNDA:0,(anonymous_26)
FNDA:0,(anonymous_27)
FNDA:0,(anonymous_28)
FNDA:0,(anonymous_29)
FNDA:0,(anonymous_30)
FNDA:0,(anonymous_31)
FNDA:0,(anonymous_32)
FNDA:0,(anonymous_33)
DA:24,0
DA:30,0
DA:35,0
DA:36,0
DA:37,0
DA:38,0
DA:41,0
DA:42,0
DA:44,0
DA:45,0
DA:47,0
DA:50,0
DA:51,0
DA:52,0
DA:53,0
DA:54,0
DA:57,0
DA:58,0
DA:64,0
DA:65,0
DA:66,0
DA:67,0
DA:69,0
DA:70,0
DA:97,0
DA:110,0
DA:111,0
DA:112,0
DA:113,0
DA:114,0
DA:115,0
DA:116,0
DA:117,0
DA:118,0
DA:120,0
DA:121,0
DA:122,0
DA:123,0
DA:125,0
DA:127,0
DA:128,0
DA:132,0
DA:134,0
DA:135,0
DA:136,0
DA:137,0
DA:139,0
DA:140,0
DA:141,0
DA:142,0
DA:143,0
DA:146,0
DA:147,0
DA:148,0
DA:149,0
DA:153,0
DA:154,0
DA:155,0
DA:158,0
DA:160,0
DA:161,0
DA:162,0
DA:163,0
DA:164,0
DA:165,0
DA:166,0
DA:171,0
DA:173,0
DA:178,0
DA:183,0
DA:184,0
DA:203,0
DA:206,0
DA:216,0
DA:219,0
DA:245,0
DA:269,0
DA:271,0
DA:293,0
DA:304,0
DA:315,0
DA:322,0
DA:333,0
LF:83
LH:0
BRDA:36,0,0,0
BRDA:38,1,0,0
BRDA:38,1,1,0
BRDA:38,1,2,0
BRDA:42,2,0,0
BRDA:42,2,1,0
BRDA:44,3,0,0
BRDA:44,4,0,0
BRDA:51,5,0,0
BRDA:51,5,1,0
BRDA:53,6,0,0
BRDA:53,6,1,0
BRDA:76,7,0,0
BRDA:76,7,1,0
BRDA:77,8,0,0
BRDA:77,8,1,0
BRDA:82,9,0,0
BRDA:82,9,1,0
BRDA:83,10,0,0
BRDA:83,10,1,0
BRDA:93,11,0,0
BRDA:93,11,1,0
BRDA:95,12,0,0
BRDA:95,12,1,0
BRDA:100,13,0,0
BRDA:100,13,1,0
BRDA:110,14,0,0
BRDA:110,14,1,0
BRDA:123,15,0,0
BRDA:123,15,1,0
BRDA:125,16,0,0
BRDA:125,16,1,0
BRDA:137,17,0,0
BRDA:137,17,1,0
BRDA:139,18,0,0
BRDA:139,18,1,0
BRDA:141,19,0,0
BRDA:141,19,1,0
BRDA:143,20,0,0
BRDA:143,20,1,0
BRDA:143,20,2,0
BRDA:146,21,0,0
BRDA:146,21,1,0
BRDA:146,22,0,0
BRDA:146,22,1,0
BRDA:147,23,0,0
BRDA:147,23,1,0
BRDA:148,24,0,0
BRDA:148,24,1,0
BRDA:149,25,0,0
BRDA:149,25,1,0
BRDA:155,26,0,0
BRDA:155,26,1,0
BRDA:166,27,0,0
BRDA:166,27,1,0
BRDA:171,28,0,0
BRDA:171,28,1,0
BRDA:178,29,0,0
BRDA:178,29,1,0
BRDA:178,29,2,0
BRDA:205,30,0,0
BRDA:205,30,1,0
BRDA:209,31,0,0
BRDA:209,31,1,0
BRDA:218,32,0,0
BRDA:218,32,1,0
BRDA:222,33,0,0
BRDA:222,33,1,0
BRDA:262,34,0,0
BRDA:262,34,1,0
BRDA:262,35,0,0
BRDA:262,35,1,0
BRDA:308,36,0,0
BRDA:308,36,1,0
BRDA:329,37,0,0
BRDA:329,37,1,0
BRDA:331,38,0,0
BRDA:331,38,1,0
BRF:78
BRH:0
end_of_record
TN:
SF:screens\createUserScreen.js
FN:41,(anonymous_0)
FN:88,(anonymous_1)
FN:97,CreateUserScreen
FN:111,(anonymous_3)
FN:111,(anonymous_4)
FN:112,(anonymous_5)
FN:114,(anonymous_6)
FN:118,(anonymous_7)
FN:118,(anonymous_8)
FN:137,(anonymous_9)
FN:139,(anonymous_10)
FN:140,(anonymous_11)
FN:147,(anonymous_12)
FN:152,(anonymous_13)
FN:172,(anonymous_14)
FN:177,(anonymous_15)
FN:179,(anonymous_16)
FN:305,(anonymous_17)
FN:305,(anonymous_18)
FN:329,(anonymous_19)
FN:329,(anonymous_20)
FN:340,(anonymous_21)
FN:350,(anonymous_22)
FNF:23
FNH:0
FNDA:0,(anonymous_0)
FNDA:0,(anonymous_1)
FNDA:0,CreateUserScreen
FNDA:0,(anonymous_3)
FNDA:0,(anonymous_4)
FNDA:0,(anonymous_5)
FNDA:0,(anonymous_6)
FNDA:0,(anonymous_7)
FNDA:0,(anonymous_8)
FNDA:0,(anonymous_9)
FNDA:0,(anonymous_10)
FNDA:0,(anonymous_11)
FNDA:0,(anonymous_12)
FNDA:0,(anonymous_13)
FNDA:0,(anonymous_14)
FNDA:0,(anonymous_15)
FNDA:0,(anonymous_16)
FNDA:0,(anonymous_17)
FNDA:0,(anonymous_18)
FNDA:0,(anonymous_19)
FNDA:0,(anonymous_20)
FNDA:0,(anonymous_21)
FNDA:0,(anonymous_22)
DA:21,0
DA:23,0
DA:29,0
DA:36,0
DA:37,0
DA:38,0
DA:39,0
DA:41,0
DA:42,0
DA:44,0
DA:45,0
DA:46,0
DA:47,0
DA:50,0
DA:51,0
DA:52,0
DA:53,0
DA:56,0
DA:57,0
DA:58,0
DA:59,0
DA:62,0
DA:63,0
DA:64,0
DA:65,0
DA:68,0
DA:69,0
DA:70,0
DA:71,0
DA:74,0
DA:75,0
DA:76,0
DA:77,0
DA:80,0
DA:81,0
DA:84,0
DA:88,0
DA:89,0
DA:98,0
DA:100,0
DA:105,0
DA:106,0
DA:107,0
DA:108,0
DA:109,0
DA:111,0
DA:112,0
DA:114,0
DA:118,0
DA:119,0
DA:121,0
DA:122,0
DA:125,0
DA:126,0
DA:127,0
DA:129,0
DA:130,0
DA:133,0
DA:137,0
DA:139,0
DA:140,0
DA:141,0
DA:142,0
DA:147,0
DA:152,0
DA:153,0
DA:154,0
DA:156,0
DA:157,0
DA:158,0
DA:167,0
DA:169,0
DA:172,0
DA:175,0
DA:176,0
DA:177,0
DA:178,0
DA:179,0
DA:181,0
DA:184,0
DA:188,0
DA:305,0
DA:329,0
DA:341,0
DA:342,0
DA:343,0
DA:350,0
DA:388,0
LF:88
LH:0
BRDA:44,0,0,0
BRDA:44,0,1,0
BRDA:46,1,0,0
BRDA:46,1,1,0
BRDA:50,2,0,0
BRDA:50,2,1,0
BRDA:52,3,0,0
BRDA:52,3,1,0
BRDA:56,4,0,0
BRDA:56,4,1,0
BRDA:58,5,0,0
BRDA:58,5,1,0
BRDA:62,6,0,0
BRDA:62,6,1,0
BRDA:64,7,0,0
BRDA:64,7,1,0
BRDA:68,8,0,0
BRDA:68,8,1,0
BRDA:70,9,0,0
BRDA:70,9,1,0
BRDA:74,10,0,0
BRDA:74,10,1,0
BRDA:76,11,0,0
BRDA:76,11,1,0
BRDA:80,12,0,0
BRDA:80,12,1,0
BRDA:92,13,0,0
BRDA:92,13,1,0
BRDA:98,14,0,0
BRDA:98,14,1,0
BRDA:114,15,0,0
BRDA:114,15,1,0
BRDA:119,16,0,0
BRDA:119,16,1,0
BRDA:127,17,0,0
BRDA:127,17,1,0
BRDA:137,18,0,0
BRDA:137,18,1,0
BRDA:141,19,0,0
BRDA:141,19,1,0
BRDA:154,20,0,0
BRDA:154,20,1,0
BRDA:175,21,0,0
BRDA:175,21,1,0
BRDA:176,22,0,0
BRDA:176,22,1,0
BRDA:176,23,0,0
BRDA:176,23,1,0
BRDA:178,24,0,0
BRDA:178,24,1,0
BRDA:181,25,0,0
BRDA:181,25,1,0
BRDA:212,26,0,0
BRDA:212,26,1,0
BRDA:236,27,0,0
BRDA:236,27,1,0
BRDA:249,28,0,0
BRDA:249,28,1,0
BRDA:264,29,0,0
BRDA:264,29,1,0
BRDA:277,30,0,0
BRDA:277,30,1,0
BRDA:292,31,0,0
BRDA:292,31,1,0
BRDA:293,32,0,0
BRDA:293,32,1,0
BRDA:300,33,0,0
BRDA:300,33,1,0
BRDA:308,34,0,0
BRDA:308,34,1,0
BRDA:317,35,0,0
BRDA:317,35,1,0
BRDA:318,36,0,0
BRDA:318,36,1,0
BRDA:332,37,0,0
BRDA:332,37,1,0
BRDA:348,38,0,0
BRDA:348,38,1,0
BRDA:355,39,0,0
BRDA:355,39,1,0
BRDA:369,40,0,0
BRDA:369,40,1,0
BRDA:374,41,0,0
BRDA:374,41,1,0
BRF:84
BRH:0
end_of_record
TN:
SF:screens\shop\CartScreen.js
FN:20,CartScreen
FN:28,(anonymous_1)
FN:33,(anonymous_2)
FN:45,(anonymous_3)
FN:65,(anonymous_4)
FN:71,(anonymous_5)
FN:83,(anonymous_6)
FN:95,(anonymous_7)
FN:107,(anonymous_8)
FN:121,(anonymous_9)
FN:129,(anonymous_10)
FN:153,(anonymous_11)
FN:163,(anonymous_12)
FN:171,(anonymous_13)
FN:178,(anonymous_14)
FNF:15
FNH:0
FNDA:0,CartScreen
FNDA:0,(anonymous_1)
FNDA:0,(anonymous_2)
FNDA:0,(anonymous_3)
FNDA:0,(anonymous_4)
FNDA:0,(anonymous_5)
FNDA:0,(anonymous_6)
FNDA:0,(anonymous_7)
FNDA:0,(anonymous_8)
FNDA:0,(anonymous_9)
FNDA:0,(anonymous_10)
FNDA:0,(anonymous_11)
FNDA:0,(anonymous_12)
FNDA:0,(anonymous_13)
FNDA:0,(anonymous_14)
DA:21,0
DA:22,0
DA:23,0
DA:24,0
DA:25,0
DA:27,0
DA:29,0
DA:33,0
DA:34,0
DA:35,0
DA:36,0
DA:37,0
DA:39,0
DA:41,0
DA:45,0
DA:46,0
DA:48,0
DA:49,0
DA:50,0
DA:51,0
DA:54,0
DA:55,0
DA:56,0
DA:57,0
DA:59,0
DA:61,0
DA:65,0
DA:66,0
DA:72,0
DA:73,0
DA:74,0
DA:76,0
DA:83,0
DA:84,0
DA:85,0
DA:95,0
DA:96,0
DA:97,0
DA:98,0
DA:99,0
DA:101,0
DA:103,0
DA:107,0
DA:108,0
DA:110,0
DA:121,0
DA:129,0
DA:142,0
DA:143,0
DA:150,0
DA:153,0
DA:163,0
DA:171,0
DA:178,0
DA:204,0
LF:55
LH:0
BRDA:46,0,0,0
BRDA:46,0,1,0
BRDA:49,1,0,0
BRDA:49,1,1,0
BRDA:84,2,0,0
BRDA:84,2,1,0
BRDA:120,3,0,0
BRDA:120,3,1,0
BRDA:128,4,0,0
BRDA:128,4,1,0
BRDA:142,5,0,0
BRDA:142,5,1,0
BRDA:160,6,0,0
BRDA:160,6,1,0
BRDA:188,7,0,0
BRDA:188,7,1,0
BRDA:194,8,0,0
BRDA:194,8,1,0
BRF:18
BRH:0
end_of_record
TN:
SF:screens\shop\CatalogueScreen.js
FN:15,CatalogueScreen
FN:23,(anonymous_1)
FN:27,(anonymous_2)
FN:39,(anonymous_3)
FN:44,(anonymous_4)
FN:50,(anonymous_5)
FN:67,(anonymous_6)
FN:70,(anonymous_7)
FN:82,(anonymous_8)
FN:101,(anonymous_9)
FN:108,(anonymous_10)
FN:114,(anonymous_11)
FN:131,(anonymous_12)
FNF:13
FNH:0
FNDA:0,CatalogueScreen
FNDA:0,(anonymous_1)
FNDA:0,(anonymous_2)
FNDA:0,(anonymous_3)
FNDA:0,(anonymous_4)
FNDA:0,(anonymous_5)
FNDA:0,(anonymous_6)
FNDA:0,(anonymous_7)
FNDA:0,(anonymous_8)
FNDA:0,(anonymous_9)
FNDA:0,(anonymous_10)
FNDA:0,(anonymous_11)
FNDA:0,(anonymous_12)
DA:16,0
DA:17,0
DA:18,0
DA:19,0
DA:20,0
DA:21,0
DA:23,0
DA:24,0
DA:27,0
DA:28,0
DA:29,0
DA:30,0
DA:31,0
DA:33,0
DA:35,0
DA:39,0
DA:40,0
DA:41,0
DA:45,0
DA:50,0
DA:51,0
DA:52,0
DA:53,0
DA:56,0
DA:57,0
DA:58,0
DA:59,0
DA:61,0
DA:63,0
DA:67,0
DA:68,0
DA:70,0
DA:82,0
DA:90,0
DA:91,0
DA:98,0
DA:101,0
DA:108,0
DA:114,0
DA:131,0
DA:139,0
LF:41
LH:0
BRDA:42,0,0,0
BRDA:42,0,1,0
BRDA:51,1,0,0
BRDA:51,1,1,0
BRDA:75,2,0,0
BRDA:75,2,1,0
BRDA:76,3,0,0
BRDA:76,3,1,0
BRDA:81,4,0,0
BRDA:81,4,1,0
BRDA:83,5,0,0
BRDA:83,5,1,0
BRDA:90,6,0,0
BRDA:90,6,1,0
BRF:14
BRH:0
end_of_record
TN:
SF:screens\shop\OrderConfirmScreen.js
FN:7,(anonymous_0)
FN:10,OrderConfirmScreen
FN:15,(anonymous_2)
FN:19,(anonymous_3)
FN:20,(anonymous_4)
FN:44,(anonymous_5)
FN:50,(anonymous_6)
FN:62,(anonymous_7)
FN:70,DetailRow
FNF:9
FNH:0
FNDA:0,(anonymous_0)
FNDA:0,OrderConfirmScreen
FNDA:0,(anonymous_2)
FNDA:0,(anonymous_3)
FNDA:0,(anonymous_4)
FNDA:0,(anonymous_5)
FNDA:0,(anonymous_6)
FNDA:0,(anonymous_7)
FNDA:0,DetailRow
DA:7,0
DA:8,0
DA:11,0
DA:12,0
DA:13,0
DA:15,0
DA:16,0
DA:19,0
DA:20,0
DA:23,0
DA:30,0
DA:44,0
DA:51,0
DA:62,0
DA:71,0
DA:79,0
LF:16
LH:0
BRDA:8,0,0,0
BRDA:8,0,1,0
BRDA:23,1,0,0
BRDA:23,1,1,0
BRDA:72,2,0,0
BRDA:72,2,1,0
BRDA:74,3,0,0
BRDA:74,3,1,0
BRF:8
BRH:0
end_of_record
TN:
SF:screens\shop\OrderHistoryScreen.js
FN:7,(anonymous_0)
FN:15,OrderHistoryScreen
FN:20,(anonymous_2)
FN:22,(anonymous_3)
FN:34,(anonymous_4)
FN:37,(anonymous_5)
FN:44,(anonymous_6)
FN:58,(anonymous_7)
FN:71,(anonymous_8)
FN:79,(anonymous_9)
FNF:10
FNH:0
FNDA:0,(anonymous_0)
FNDA:0,OrderHistoryScreen
FNDA:0,(anonymous_2)
FNDA:0,(anonymous_3)
FNDA:0,(anonymous_4)
FNDA:0,(anonymous_5)
FNDA:0,(anonymous_6)
FNDA:0,(anonymous_7)
FNDA:0,(anonymous_8)
FNDA:0,(anonymous_9)
DA:7,0
DA:8,0
DA:10,0
DA:16,0
DA:17,0
DA:18,0
DA:20,0
DA:22,0
DA:23,0
DA:24,0
DA:25,0
DA:26,0
DA:28,0
DA:30,0
DA:34,0
DA:35,0
DA:38,0
DA:39,0
DA:44,0
DA:45,0
DA:46,0
DA:58,0
DA:66,0
DA:68,0
DA:71,0
DA:79,0
DA:88,0
LF:27
LH:0
BRDA:8,0,0,0
BRDA:8,0,1,0
BRDA:45,1,0,0
BRDA:45,1,1,0
BRDA:57,2,0,0
BRDA:57,2,1,0
BRDA:66,3,0,0
BRDA:66,3,1,0
BRF:8
BRH:0
end_of_record
TN:
SF:screens\shop\PartDetailScreen.js
FN:6,PartDetailScreen
FN:10,(anonymous_1)
FN:16,(anonymous_2)
FN:17,(anonymous_3)
FN:29,(anonymous_4)
FNF:5
FNH:0
FNDA:0,PartDetailScreen
FNDA:0,(anonymous_1)
FNDA:0,(anonymous_2)
FNDA:0,(anonymous_3)
FNDA:0,(anonymous_4)
DA:7,0
DA:8,0
DA:10,0
DA:11,0
DA:12,0
DA:13,0
DA:14,0
DA:15,0
DA:16,0
DA:17,0
DA:20,0
DA:22,0
DA:26,0
DA:29,0
LF:14
LH:0
BRDA:11,0,0,0
BRDA:11,0,1,0
BRDA:41,1,0,0
BRDA:41,1,1,0
BRDA:44,2,0,0
BRDA:44,2,1,0
BRDA:45,3,0,0
BRDA:45,3,1,0
BRDA:50,4,0,0
BRDA:50,4,1,0
BRDA:50,4,2,0
BRDA:52,5,0,0
BRDA:52,5,1,0
BRDA:54,6,0,0
BRDA:54,6,1,0
BRF:15
BRH:0
end_of_record
TN:
SF:screens\styles\createServiceOrderScreen.js
FNF:0
FNH:0
DA:3,0
DA:5,0
LF:2
LH:0
BRF:0
BRH:0
end_of_record
TN:
SF:screens\styles\financialScreen.js
FNF:0
FNH:0
DA:3,0
LF:1
LH:0
BRF:0
BRH:0
end_of_record
TN:
SF:screens\styles\homeScreen.js
FNF:0
FNH:0
DA:3,0
LF:1
LH:0
BRF:0
BRH:0
end_of_record
TN:
SF:screens\styles\loginScreen.js
FNF:0
FNH:0
DA:3,0
LF:1
LH:0
BRF:0
BRH:0
end_of_record
TN:
SF:screens\styles\managerHomeScreen.js
FNF:0
FNH:0
DA:3,0
LF:1
LH:0
BRDA:219,0,0,0
BRDA:219,0,1,0
BRF:2
BRH:0
end_of_record
TN:
SF:screens\styles\serviceOrderScreen.js
FNF:0
FNH:0
DA:3,0
LF:1
LH:0
BRF:0
BRH:0
end_of_record
TN:
SF:screens\styles\shopStyles.js
FNF:0
FNH:0
DA:3,0
LF:1
LH:0
BRF:0
BRH:0
end_of_record
TN:
SF:screens\styles\warehouseHomeScreen.js
FNF:0
FNH:0
DA:3,0
LF:1
LH:0
BRF:0
BRH:0
end_of_record
TN:
SF:services\_debug_clear_orders.js
FN:13,(anonymous_0)
FN:18,(anonymous_1)
FNF:2
FNH:0
FNDA:0,(anonymous_0)
FNDA:0,(anonymous_1)
DA:4,0
DA:5,0
DA:6,0
DA:7,0
DA:8,0
DA:11,0
DA:13,0
DA:14,0
DA:15,0
DA:18,0
DA:19,0
DA:20,0
DA:21,0
DA:23,0
DA:25,0
DA:26,0
LF:16
LH:0
BRDA:6,0,0,0
BRDA:6,0,1,0
BRDA:19,1,0,0
BRDA:19,1,1,0
BRF:4
BRH:0
end_of_record
TN:
SF:services\api.js
FN:10,(anonymous_0)
FN:18,(anonymous_1)
FN:26,(anonymous_2)
FN:34,(anonymous_3)
FN:42,(anonymous_4)
FN:51,(anonymous_5)
FN:59,(anonymous_6)
FN:61,(anonymous_7)
FN:81,(anonymous_8)
FN:90,(anonymous_9)
FN:93,(anonymous_10)
FN:101,(anonymous_11)
FN:113,(anonymous_12)
FN:119,(anonymous_13)
FN:120,(anonymous_14)
FN:121,(anonymous_15)
FN:122,(anonymous_16)
FN:123,(anonymous_17)
FN:124,(anonymous_18)
FN:125,(anonymous_19)
FN:126,(anonymous_20)
FN:129,(anonymous_21)
FN:132,(anonymous_22)
FN:133,(anonymous_23)
FN:139,(anonymous_24)
FN:140,(anonymous_25)
FN:141,(anonymous_26)
FN:142,(anonymous_27)
FN:143,(anonymous_28)
FN:144,(anonymous_29)
FN:145,(anonymous_30)
FN:146,(anonymous_31)
FN:147,(anonymous_32)
FN:150,(anonymous_33)
FN:151,(anonymous_34)
FN:154,(anonymous_35)
FN:155,(anonymous_36)
FN:156,(anonymous_37)
FN:157,(anonymous_38)
FN:160,(anonymous_39)
FN:161,(anonymous_40)
FN:162,(anonymous_41)
FNF:42
FNH:0
FNDA:0,(anonymous_0)
FNDA:0,(anonymous_1)
FNDA:0,(anonymous_2)
FNDA:0,(anonymous_3)
FNDA:0,(anonymous_4)
FNDA:0,(anonymous_5)
FNDA:0,(anonymous_6)
FNDA:0,(anonymous_7)
FNDA:0,(anonymous_8)
FNDA:0,(anonymous_9)
FNDA:0,(anonymous_10)
FNDA:0,(anonymous_11)
FNDA:0,(anonymous_12)
FNDA:0,(anonymous_13)
FNDA:0,(anonymous_14)
FNDA:0,(anonymous_15)
FNDA:0,(anonymous_16)
FNDA:0,(anonymous_17)
FNDA:0,(anonymous_18)
FNDA:0,(anonymous_19)
FNDA:0,(anonymous_20)
FNDA:0,(anonymous_21)
FNDA:0,(anonymous_22)
FNDA:0,(anonymous_23)
FNDA:0,(anonymous_24)
FNDA:0,(anonymous_25)
FNDA:0,(anonymous_26)
FNDA:0,(anonymous_27)
FNDA:0,(anonymous_28)
FNDA:0,(anonymous_29)
FNDA:0,(anonymous_30)
FNDA:0,(anonymous_31)
FNDA:0,(anonymous_32)
FNDA:0,(anonymous_33)
FNDA:0,(anonymous_34)
FNDA:0,(anonymous_35)
FNDA:0,(anonymous_36)
FNDA:0,(anonymous_37)
FNDA:0,(anonymous_38)
FNDA:0,(anonymous_39)
FNDA:0,(anonymous_40)
FNDA:0,(anonymous_41)
DA:5,0
DA:6,0
DA:7,0
DA:8,0
DA:10,0
DA:11,0
DA:12,0
DA:14,0
DA:18,0
DA:19,0
DA:20,0
DA:22,0
DA:26,0
DA:27,0
DA:28,0
DA:30,0
DA:34,0
DA:35,0
DA:36,0
DA:38,0
DA:42,0
DA:43,0
DA:44,0
DA:45,0
DA:47,0
DA:51,0
DA:52,0
DA:53,0
DA:55,0
DA:59,0
DA:61,0
DA:62,0
DA:63,0
DA:64,0
DA:65,0
DA:66,0
DA:69,0
DA:70,0
DA:71,0
DA:72,0
DA:73,0
DA:76,0
DA:78,0
DA:81,0
DA:82,0
DA:83,0
DA:84,0
DA:86,0
DA:90,0
DA:91,0
DA:92,0
DA:93,0
DA:94,0
DA:96,0
DA:101,0
DA:102,0
DA:103,0
DA:105,0
DA:106,0
DA:109,0
DA:113,0
DA:114,0
DA:115,0
DA:119,0
DA:120,0
DA:121,0
DA:122,0
DA:123,0
DA:124,0
DA:125,0
DA:126,0
DA:129,0
DA:132,0
DA:133,0
DA:134,0
DA:135,0
DA:139,0
DA:140,0
DA:141,0
DA:142,0
DA:143,0
DA:144,0
DA:145,0
DA:146,0
DA:147,0
DA:150,0
DA:151,0
DA:154,0
DA:155,0
DA:156,0
DA:157,0
DA:160,0
DA:161,0
DA:162,0
LF:94
LH:0
BRDA:45,0,0,0
BRDA:45,0,1,0
BRDA:65,1,0,0
BRDA:65,1,1,0
BRDA:70,2,0,0
BRDA:70,2,1,0
BRDA:101,3,0,0
BRDA:105,4,0,0
BRDA:105,4,1,0
BRDA:114,5,0,0
BRDA:114,5,1,0
BRDA:114,6,0,0
BRDA:114,6,1,0
BRDA:114,6,2,0
BRDA:141,7,0,0
BRF:15
BRH:0
end_of_record
