TN:
SF:helpers.js
FN:20,(anonymous_0)
FN:23,(anonymous_1)
FN:30,(anonymous_2)
FN:32,(anonymous_3)
FN:33,(anonymous_4)
FN:35,(anonymous_5)
FN:40,(anonymous_6)
FN:43,(anonymous_7)
FN:64,(anonymous_8)
FN:76,(anonymous_9)
FN:90,(anonymous_10)
FN:101,(anonymous_11)
FN:111,(anonymous_12)
FN:135,(anonymous_13)
FN:137,(anonymous_14)
FNF:15
FNH:9
FNDA:24,(anonymous_0)
FNDA:14,(anonymous_1)
FNDA:6,(anonymous_2)
FNDA:6,(anonymous_3)
FNDA:6,(anonymous_4)
FNDA:0,(anonymous_5)
FNDA:0,(anonymous_6)
FNDA:0,(anonymous_7)
FNDA:2,(anonymous_8)
FNDA:2,(anonymous_9)
FNDA:2,(anonymous_10)
FNDA:5,(anonymous_11)
FNDA:0,(anonymous_12)
FNDA:0,(anonymous_13)
FNDA:0,(anonymous_14)
DA:8,2
DA:10,2
DA:20,2
DA:21,24
DA:23,2
DA:24,14
DA:25,14
DA:30,2
DA:31,6
DA:32,6
DA:33,6
DA:35,2
DA:36,0
DA:38,0
DA:40,0
DA:43,0
DA:45,0
DA:46,0
DA:47,0
DA:48,0
DA:49,0
DA:50,0
DA:52,0
DA:53,0
DA:54,0
DA:55,0
DA:59,0
DA:64,2
DA:65,2
DA:66,2
DA:67,0
DA:68,0
DA:76,2
DA:77,2
DA:90,2
DA:91,2
DA:92,2
DA:96,2
DA:101,2
DA:102,5
DA:106,5
DA:111,2
DA:112,0
DA:115,0
DA:119,0
DA:120,0
DA:125,0
DA:129,0
DA:130,0
DA:132,0
DA:133,0
DA:135,0
DA:137,0
DA:139,0
DA:140,0
DA:141,0
DA:142,0
DA:143,0
DA:144,0
DA:146,0
DA:147,0
DA:148,0
DA:149,0
DA:152,0
DA:153,0
DA:154,0
DA:158,0
DA:162,0
DA:169,0
DA:172,2
LF:70
LH:26
BRDA:21,0,0,20
BRDA:21,0,1,4
BRDA:25,1,0,14
BRDA:25,1,1,9
BRDA:25,1,2,9
BRDA:30,2,0,0
BRDA:32,3,0,6
BRDA:32,3,1,1
BRDA:36,4,0,0
BRDA:36,4,1,0
BRDA:36,5,0,0
BRDA:36,5,1,0
BRDA:47,6,0,0
BRDA:47,6,1,0
BRDA:52,7,0,0
BRDA:52,7,1,0
BRDA:66,8,0,0
BRDA:66,8,1,2
BRDA:91,9,0,1
BRDA:91,9,1,1
BRDA:106,10,0,5
BRDA:106,10,1,2
BRDA:132,11,0,0
BRDA:132,11,1,0
BRDA:141,12,0,0
BRDA:141,12,1,0
BRDA:146,13,0,0
BRDA:146,13,1,0
BRF:28
BRH:12
end_of_record
TN:
SF:index.js
FN:22,(anonymous_0)
FN:40,(anonymous_1)
FN:40,(anonymous_2)
FN:42,(anonymous_3)
FN:48,(anonymous_4)
FN:107,(anonymous_5)
FN:112,(anonymous_6)
FN:151,(anonymous_7)
FN:165,(anonymous_8)
FN:181,(anonymous_9)
FN:189,(anonymous_10)
FN:199,(anonymous_11)
FN:213,(anonymous_12)
FN:295,(anonymous_13)
FN:298,(anonymous_14)
FN:381,(anonymous_15)
FN:508,(anonymous_16)
FN:552,(anonymous_17)
FN:598,(anonymous_18)
FN:621,(anonymous_19)
FN:648,(anonymous_20)
FN:654,(anonymous_21)
FN:663,(anonymous_22)
FN:697,(anonymous_23)
FN:705,(anonymous_24)
FN:771,(anonymous_25)
FN:807,(anonymous_26)
FN:837,(anonymous_27)
FN:916,(anonymous_28)
FN:933,(anonymous_29)
FN:965,(anonymous_30)
FN:973,(anonymous_31)
FN:1042,(anonymous_32)
FN:1072,(anonymous_33)
FN:1121,(anonymous_34)
FN:1146,(anonymous_35)
FN:1161,(anonymous_36)
FN:1215,(anonymous_37)
FN:1242,(anonymous_38)
FN:1286,(anonymous_39)
FN:1305,(anonymous_40)
FN:1322,(anonymous_41)
FN:1347,(anonymous_42)
FNF:43
FNH:16
FNDA:26,(anonymous_0)
FNDA:3,(anonymous_1)
FNDA:3,(anonymous_2)
FNDA:3,(anonymous_3)
FNDA:4,(anonymous_4)
FNDA:1,(anonymous_5)
FNDA:3,(anonymous_6)
FNDA:1,(anonymous_7)
FNDA:3,(anonymous_8)
FNDA:0,(anonymous_9)
FNDA:0,(anonymous_10)
FNDA:0,(anonymous_11)
FNDA:4,(anonymous_12)
FNDA:0,(anonymous_13)
FNDA:0,(anonymous_14)
FNDA:0,(anonymous_15)
FNDA:3,(anonymous_16)
FNDA:3,(anonymous_17)
FNDA:0,(anonymous_18)
FNDA:2,(anonymous_19)
FNDA:1,(anonymous_20)
FNDA:0,(anonymous_21)
FNDA:2,(anonymous_22)
FNDA:0,(anonymous_23)
FNDA:0,(anonymous_24)
FNDA:0,(anonymous_25)
FNDA:0,(anonymous_26)
FNDA:2,(anonymous_27)
FNDA:0,(anonymous_28)
FNDA:0,(anonymous_29)
FNDA:0,(anonymous_30)
FNDA:0,(anonymous_31)
FNDA:0,(anonymous_32)
FNDA:0,(anonymous_33)
FNDA:0,(anonymous_34)
FNDA:0,(anonymous_35)
FNDA:0,(anonymous_36)
FNDA:0,(anonymous_37)
FNDA:0,(anonymous_38)
FNDA:0,(anonymous_39)
FNDA:0,(anonymous_40)
FNDA:0,(anonymous_41)
FNDA:0,(anonymous_42)
DA:1,2
DA:2,2
DA:3,2
DA:4,2
DA:5,2
DA:6,2
DA:7,2
DA:9,2
DA:20,2
DA:22,2
DA:23,26
DA:24,26
DA:28,26
DA:29,3
DA:32,23
DA:33,23
DA:34,22
DA:36,1
DA:40,3
DA:41,3
DA:42,3
DA:43,1
DA:45,2
DA:48,2
DA:49,4
DA:50,4
DA:51,4
DA:53,4
DA:54,1
DA:57,3
DA:58,2
DA:61,1
DA:64,2
DA:65,2
DA:67,2
DA:73,2
DA:107,2
DA:108,1
DA:112,2
DA:113,3
DA:115,3
DA:116,3
DA:120,3
DA:121,1
DA:126,2
DA:128,2
DA:129,1
DA:138,1
DA:140,1
DA:143,0
DA:144,0
DA:146,0
DA:151,2
DA:152,1
DA:153,1
DA:154,1
DA:155,1
DA:157,0
DA:158,0
DA:160,0
DA:165,2
DA:166,3
DA:167,1
DA:170,2
DA:171,2
DA:181,2
DA:183,2
DA:184,0
DA:185,0
DA:189,0
DA:190,0
DA:191,0
DA:192,0
DA:196,0
DA:199,0
DA:200,0
DA:204,2
DA:206,0
DA:207,0
DA:209,0
DA:213,2
DA:223,4
DA:225,4
DA:226,1
DA:229,3
DA:230,1
DA:233,2
DA:239,2
DA:241,2
DA:242,1
DA:246,1
DA:252,1
DA:253,0
DA:258,1
DA:260,1
DA:261,1
DA:263,1
DA:270,1
DA:271,0
DA:273,0
DA:278,1
DA:283,1
DA:286,1
DA:287,1
DA:288,1
DA:290,1
DA:291,0
DA:295,0
DA:298,0
DA:300,0
DA:301,0
DA:303,0
DA:304,0
DA:309,0
DA:310,0
DA:315,0
DA:316,0
DA:317,0
DA:323,1
DA:325,1
DA:326,1
DA:328,1
DA:330,1
DA:335,1
DA:336,0
DA:342,1
DA:343,1
DA:344,0
DA:348,0
DA:354,1
DA:359,1
DA:374,0
DA:375,0
DA:377,0
DA:381,2
DA:382,0
DA:383,0
DA:385,0
DA:391,0
DA:393,0
DA:395,0
DA:396,0
DA:397,0
DA:398,0
DA:401,0
DA:402,0
DA:404,0
DA:405,0
DA:408,0
DA:409,0
DA:412,0
DA:414,0
DA:415,0
DA:420,0
DA:421,0
DA:423,0
DA:428,0
DA:431,0
DA:437,0
DA:438,0
DA:439,0
DA:440,0
DA:444,0
DA:446,0
DA:447,0
DA:449,0
DA:450,0
DA:452,0
DA:453,0
DA:454,0
DA:457,0
DA:458,0
DA:459,0
DA:462,0
DA:463,0
DA:464,0
DA:467,0
DA:468,0
DA:470,0
DA:472,0
DA:474,0
DA:476,0
DA:477,0
DA:482,0
DA:487,0
DA:488,0
DA:494,0
DA:501,0
DA:502,0
DA:504,0
DA:508,2
DA:509,3
DA:510,3
DA:512,3
DA:514,3
DA:515,1
DA:516,2
DA:517,1
DA:520,3
DA:521,1
DA:526,2
DA:527,2
DA:529,2
DA:530,1
DA:533,1
DA:534,0
DA:537,1
DA:542,1
DA:543,0
DA:546,1
DA:548,0
DA:552,2
DA:553,3
DA:555,3
DA:556,3
DA:558,3
DA:559,1
DA:562,2
DA:563,1
DA:566,1
DA:567,1
DA:572,1
DA:573,0
DA:579,1
DA:583,1
DA:588,1
DA:589,0
DA:592,1
DA:594,0
DA:598,2
DA:599,0
DA:601,0
DA:602,0
DA:605,0
DA:606,0
DA:611,0
DA:616,0
DA:621,2
DA:622,2
DA:623,1
DA:626,1
DA:627,1
DA:629,1
DA:646,1
DA:648,1
DA:654,0
DA:656,1
DA:658,0
DA:663,2
DA:664,2
DA:665,1
DA:668,1
DA:669,1
DA:671,1
DA:678,1
DA:679,1
DA:681,0
DA:686,0
DA:689,1
DA:697,1
DA:699,1
DA:701,0
DA:705,2
DA:706,0
DA:707,0
DA:710,0
DA:711,0
DA:712,0
DA:714,0
DA:715,0
DA:718,0
DA:722,0
DA:723,0
DA:726,0
DA:727,0
DA:730,0
DA:737,0
DA:738,0
DA:740,0
DA:745,0
DA:748,0
DA:753,0
DA:754,0
DA:759,0
DA:765,0
DA:767,0
DA:771,2
DA:772,0
DA:773,0
DA:774,0
DA:776,0
DA:784,0
DA:785,0
DA:788,0
DA:789,0
DA:792,0
DA:793,0
DA:796,0
DA:801,0
DA:803,0
DA:807,2
DA:808,0
DA:809,0
DA:810,0
DA:818,0
DA:819,0
DA:822,0
DA:823,0
DA:826,0
DA:830,0
DA:832,0
DA:837,2
DA:838,2
DA:839,2
DA:841,2
DA:842,0
DA:845,2
DA:846,0
DA:849,2
DA:853,2
DA:854,0
DA:857,2
DA:859,2
DA:867,2
DA:868,1
DA:871,1
DA:872,1
DA:873,0
DA:879,1
DA:885,1
DA:890,1
DA:892,1
DA:893,1
DA:898,1
DA:904,1
DA:906,1
DA:912,0
DA:916,2
DA:917,0
DA:918,0
DA:921,0
DA:922,0
DA:927,0
DA:929,0
DA:933,2
DA:934,0
DA:935,0
DA:940,0
DA:941,0
DA:944,0
DA:945,0
DA:948,0
DA:953,0
DA:954,0
DA:957,0
DA:965,0
DA:967,0
DA:969,0
DA:973,2
DA:974,0
DA:975,0
DA:978,0
DA:979,0
DA:1004,0
DA:1006,0
DA:1007,0
DA:1008,0
DA:1025,0
DA:1026,0
DA:1036,0
DA:1038,0
DA:1042,2
DA:1043,0
DA:1044,0
DA:1047,0
DA:1048,0
DA:1053,0
DA:1054,0
DA:1057,0
DA:1058,0
DA:1061,0
DA:1066,0
DA:1068,0
DA:1072,2
DA:1073,0
DA:1074,0
DA:1079,0
DA:1080,0
DA:1083,0
DA:1084,0
DA:1087,0
DA:1088,0
DA:1093,0
DA:1098,0
DA:1099,0
DA:1105,0
DA:1109,0
DA:1113,0
DA:1115,0
DA:1120,2
DA:1121,0
DA:1122,0
DA:1128,2
DA:1146,2
DA:1147,0
DA:1148,0
DA:1151,0
DA:1152,0
DA:1155,0
DA:1157,0
DA:1161,2
DA:1162,0
DA:1163,0
DA:1166,0
DA:1167,0
DA:1169,0
DA:1170,0
DA:1173,0
DA:1174,0
DA:1175,0
DA:1176,0
DA:1179,0
DA:1180,0
DA:1184,0
DA:1185,0
DA:1189,0
DA:1190,0
DA:1192,0
DA:1193,0
DA:1194,0
DA:1195,0
DA:1196,0
DA:1198,0
DA:1199,0
DA:1202,0
DA:1203,0
DA:1205,0
DA:1209,0
DA:1211,0
DA:1215,2
DA:1216,0
DA:1217,0
DA:1220,0
DA:1221,0
DA:1222,0
DA:1223,0
DA:1224,0
DA:1228,0
DA:1229,0
DA:1230,0
DA:1231,0
DA:1232,0
DA:1233,0
DA:1235,0
DA:1236,0
DA:1238,0
DA:1242,2
DA:1243,0
DA:1244,0
DA:1247,0
DA:1249,0
DA:1250,0
DA:1253,0
DA:1254,0
DA:1257,0
DA:1258,0
DA:1262,0
DA:1263,0
DA:1266,0
DA:1268,0
DA:1273,0
DA:1282,0
DA:1286,2
DA:1287,0
DA:1288,0
DA:1298,0
DA:1300,0
DA:1305,2
DA:1306,0
DA:1307,0
DA:1308,0
DA:1310,0
DA:1311,0
DA:1315,0
DA:1317,0
DA:1322,2
DA:1323,0
DA:1324,0
DA:1325,0
DA:1326,0
DA:1327,0
DA:1329,0
DA:1330,0
DA:1331,0
DA:1332,0
DA:1333,0
DA:1334,0
DA:1336,0
DA:1338,0
DA:1339,0
DA:1340,0
DA:1341,0
DA:1343,0
DA:1347,2
DA:1348,0
DA:1349,0
DA:1350,0
DA:1351,0
DA:1354,0
DA:1357,0
DA:1359,0
DA:1360,0
DA:1362,0
LF:513
LH:189
BRDA:9,0,0,2
BRDA:9,0,1,0
BRDA:23,1,0,26
BRDA:23,1,1,3
BRDA:23,1,2,3
BRDA:24,2,0,22
BRDA:24,2,1,4
BRDA:28,3,0,3
BRDA:28,3,1,23
BRDA:42,4,0,1
BRDA:42,4,1,2
BRDA:53,5,0,1
BRDA:53,5,1,3
BRDA:57,6,0,2
BRDA:57,6,1,1
BRDA:57,7,0,3
BRDA:57,7,1,2
BRDA:120,8,0,1
BRDA:120,8,1,2
BRDA:128,9,0,1
BRDA:128,9,1,1
BRDA:143,10,0,0
BRDA:143,10,1,0
BRDA:157,11,0,0
BRDA:157,11,1,0
BRDA:166,12,0,1
BRDA:166,12,1,2
BRDA:166,13,0,3
BRDA:166,13,1,2
BRDA:183,14,0,0
BRDA:183,14,1,2
BRDA:191,15,0,0
BRDA:191,15,1,0
BRDA:200,16,0,0
BRDA:200,16,1,0
BRDA:206,17,0,0
BRDA:206,17,1,0
BRDA:221,18,0,1
BRDA:222,19,0,1
BRDA:225,20,0,1
BRDA:225,20,1,3
BRDA:225,21,0,4
BRDA:225,21,1,1
BRDA:229,22,0,1
BRDA:229,22,1,2
BRDA:229,23,0,3
BRDA:229,23,1,2
BRDA:229,23,2,2
BRDA:229,23,3,2
BRDA:229,23,4,2
BRDA:229,23,5,2
BRDA:241,24,0,1
BRDA:241,24,1,1
BRDA:246,25,0,1
BRDA:246,25,1,0
BRDA:246,26,0,1
BRDA:246,26,1,0
BRDA:248,27,0,0
BRDA:248,27,1,0
BRDA:248,28,0,0
BRDA:248,28,1,0
BRDA:252,29,0,0
BRDA:252,29,1,1
BRDA:270,30,0,0
BRDA:270,30,1,1
BRDA:286,31,0,1
BRDA:286,31,1,0
BRDA:290,32,0,0
BRDA:290,32,1,1
BRDA:303,33,0,0
BRDA:303,33,1,0
BRDA:309,34,0,0
BRDA:309,34,1,0
BRDA:325,35,0,0
BRDA:325,35,1,1
BRDA:374,36,0,0
BRDA:374,36,1,0
BRDA:383,37,0,0
BRDA:391,38,0,0
BRDA:391,38,1,0
BRDA:391,39,0,0
BRDA:391,39,1,0
BRDA:395,40,0,0
BRDA:395,40,1,0
BRDA:395,41,0,0
BRDA:395,41,1,0
BRDA:395,41,2,0
BRDA:397,42,0,0
BRDA:397,42,1,0
BRDA:397,43,0,0
BRDA:397,43,1,0
BRDA:397,43,2,0
BRDA:404,44,0,0
BRDA:404,44,1,0
BRDA:408,45,0,0
BRDA:408,45,1,0
BRDA:408,46,0,0
BRDA:408,46,1,0
BRDA:414,47,0,0
BRDA:414,47,1,0
BRDA:420,48,0,0
BRDA:420,48,1,0
BRDA:425,49,0,0
BRDA:425,49,1,0
BRDA:425,50,0,0
BRDA:425,50,1,0
BRDA:425,51,0,0
BRDA:425,51,1,0
BRDA:433,52,0,0
BRDA:433,52,1,0
BRDA:433,53,0,0
BRDA:433,53,1,0
BRDA:433,54,0,0
BRDA:433,54,1,0
BRDA:437,55,0,0
BRDA:437,55,1,0
BRDA:439,56,0,0
BRDA:439,56,1,0
BRDA:446,57,0,0
BRDA:446,57,1,0
BRDA:447,58,0,0
BRDA:447,58,1,0
BRDA:447,59,0,0
BRDA:447,59,1,0
BRDA:447,60,0,0
BRDA:447,60,1,0
BRDA:452,61,0,0
BRDA:452,61,1,0
BRDA:457,62,0,0
BRDA:457,62,1,0
BRDA:462,63,0,0
BRDA:462,63,1,0
BRDA:476,64,0,0
BRDA:476,64,1,0
BRDA:487,65,0,0
BRDA:487,65,1,0
BRDA:501,66,0,0
BRDA:501,66,1,0
BRDA:514,67,0,1
BRDA:514,67,1,2
BRDA:514,68,0,3
BRDA:514,68,1,2
BRDA:514,68,2,2
BRDA:516,69,0,1
BRDA:516,69,1,1
BRDA:516,70,0,2
BRDA:516,70,1,1
BRDA:516,70,2,1
BRDA:520,71,0,1
BRDA:520,71,1,2
BRDA:529,72,0,1
BRDA:529,72,1,1
BRDA:533,73,0,0
BRDA:533,73,1,1
BRDA:533,74,0,1
BRDA:533,74,1,1
BRDA:542,75,0,0
BRDA:542,75,1,1
BRDA:558,76,0,1
BRDA:558,76,1,2
BRDA:562,77,0,1
BRDA:562,77,1,1
BRDA:562,78,0,2
BRDA:562,78,1,1
BRDA:588,79,0,0
BRDA:588,79,1,1
BRDA:601,80,0,0
BRDA:601,80,1,0
BRDA:622,81,0,1
BRDA:622,81,1,1
BRDA:622,82,0,2
BRDA:622,82,1,1
BRDA:651,83,0,0
BRDA:651,83,1,1
BRDA:651,84,0,1
BRDA:651,84,1,1
BRDA:652,85,0,0
BRDA:652,85,1,0
BRDA:664,86,0,1
BRDA:664,86,1,1
BRDA:664,87,0,2
BRDA:664,87,1,1
BRDA:678,88,0,1
BRDA:678,88,1,0
BRDA:706,89,0,0
BRDA:706,89,1,0
BRDA:706,90,0,0
BRDA:706,90,1,0
BRDA:712,91,0,0
BRDA:714,92,0,0
BRDA:714,92,1,0
BRDA:722,93,0,0
BRDA:722,93,1,0
BRDA:726,94,0,0
BRDA:726,94,1,0
BRDA:737,95,0,0
BRDA:737,95,1,0
BRDA:753,96,0,0
BRDA:753,96,1,0
BRDA:784,97,0,0
BRDA:784,97,1,0
BRDA:788,98,0,0
BRDA:788,98,1,0
BRDA:788,99,0,0
BRDA:788,99,1,0
BRDA:792,100,0,0
BRDA:792,100,1,0
BRDA:792,101,0,0
BRDA:792,101,1,0
BRDA:818,102,0,0
BRDA:818,102,1,0
BRDA:822,103,0,0
BRDA:822,103,1,0
BRDA:822,104,0,0
BRDA:822,104,1,0
BRDA:841,105,0,0
BRDA:841,105,1,2
BRDA:841,106,0,2
BRDA:841,106,1,0
BRDA:845,107,0,0
BRDA:845,107,1,2
BRDA:853,108,0,0
BRDA:853,108,1,2
BRDA:867,109,0,1
BRDA:867,109,1,1
BRDA:872,110,0,0
BRDA:872,110,1,1
BRDA:917,111,0,0
BRDA:917,111,1,0
BRDA:917,112,0,0
BRDA:917,112,1,0
BRDA:940,113,0,0
BRDA:940,113,1,0
BRDA:944,114,0,0
BRDA:944,114,1,0
BRDA:944,115,0,0
BRDA:944,115,1,0
BRDA:953,116,0,0
BRDA:953,116,1,0
BRDA:974,117,0,0
BRDA:974,117,1,0
BRDA:1007,118,0,0
BRDA:1007,118,1,0
BRDA:1025,119,0,0
BRDA:1025,119,1,0
BRDA:1043,120,0,0
BRDA:1043,120,1,0
BRDA:1053,121,0,0
BRDA:1053,121,1,0
BRDA:1057,122,0,0
BRDA:1057,122,1,0
BRDA:1079,123,0,0
BRDA:1079,123,1,0
BRDA:1083,124,0,0
BRDA:1083,124,1,0
BRDA:1083,125,0,0
BRDA:1083,125,1,0
BRDA:1087,126,0,0
BRDA:1087,126,1,0
BRDA:1120,127,0,0
BRDA:1120,127,1,2
BRDA:1121,128,0,0
BRDA:1121,128,1,0
BRDA:1123,129,0,0
BRDA:1123,129,1,0
BRDA:1147,130,0,0
BRDA:1147,130,1,0
BRDA:1162,131,0,0
BRDA:1162,131,1,0
BRDA:1169,132,0,0
BRDA:1169,132,1,0
BRDA:1169,133,0,0
BRDA:1169,133,1,0
BRDA:1175,134,0,0
BRDA:1175,134,1,0
BRDA:1179,135,0,0
BRDA:1179,135,1,0
BRDA:1179,136,0,0
BRDA:1179,136,1,0
BRDA:1182,137,0,0
BRDA:1182,137,1,0
BRDA:1182,138,0,0
BRDA:1182,138,1,0
BRDA:1184,139,0,0
BRDA:1184,139,1,0
BRDA:1192,140,0,0
BRDA:1192,140,1,0
BRDA:1193,141,0,0
BRDA:1193,141,1,0
BRDA:1194,142,0,0
BRDA:1194,142,1,0
BRDA:1195,143,0,0
BRDA:1195,143,1,0
BRDA:1196,144,0,0
BRDA:1196,144,1,0
BRDA:1198,145,0,0
BRDA:1198,145,1,0
BRDA:1216,146,0,0
BRDA:1216,146,1,0
BRDA:1223,147,0,0
BRDA:1223,147,1,0
BRDA:1243,148,0,0
BRDA:1243,148,1,0
BRDA:1249,149,0,0
BRDA:1249,149,1,0
BRDA:1249,150,0,0
BRDA:1249,150,1,0
BRDA:1249,150,2,0
BRDA:1249,150,3,0
BRDA:1249,150,4,0
BRDA:1249,150,5,0
BRDA:1249,151,0,0
BRDA:1249,151,1,0
BRDA:1253,152,0,0
BRDA:1253,152,1,0
BRDA:1262,153,0,0
BRDA:1262,153,1,0
BRDA:1266,154,0,0
BRDA:1266,154,1,0
BRDA:1307,155,0,0
BRDA:1307,155,1,0
BRDA:1307,156,0,0
BRDA:1307,156,1,0
BRDA:1307,156,2,0
BRDA:1313,157,0,0
BRDA:1313,157,1,0
BRDA:1315,158,0,0
BRDA:1315,158,1,0
BRDA:1327,159,0,0
BRDA:1327,159,1,0
BRDA:1331,160,0,0
BRDA:1331,160,1,0
BRDA:1332,161,0,0
BRDA:1332,161,1,0
BRDA:1333,162,0,0
BRDA:1333,162,1,0
BRDA:1334,163,0,0
BRDA:1334,163,1,0
BRDA:1336,164,0,0
BRDA:1336,164,1,0
BRDA:1351,165,0,0
BRDA:1351,165,1,0
BRF:342
BRH:93
end_of_record
